
==
PG
==
NL: Newton 0 ; 2.77040813 1
NL: Newton 1 ; 0.247324743 0.0892737573
|  LS: AG 1 ; 1.21205865 1
|  LS: AG 2 ; 0.909156301 0.8
|  LS: AG 3 ; 0.698873002 0.64
|  LS: AG 4 ; 0.550610569 0.512
|  LS: AG 5 ; 0.445469761 0.4096
|  LS: AG 6 ; 0.371459715 0.32768
|  LS: AG 7 ; 0.320497754 0.262144
|  LS: AG 8 ; 0.286637684 0.2097152
NL: Newton 2 ; 0.286637684 0.103464064
|  LS: AG 1 ; 0.981825055 1
|  LS: AG 2 ; 0.78001279 0.8
|  LS: AG 3 ; 0.642083369 0.64
|  LS: AG 4 ; 0.545838362 0.512
|  LS: AG 5 ; 0.477460056 0.4096
|  LS: AG 6 ; 0.428201625 0.32768
|  LS: AG 7 ; 0.392360706 0.262144
|  LS: AG 8 ; 0.366091163 0.2097152
NL: Newton 3 ; 0.366091163 0.132143405
|  LS: AG 1 ; 0.810676849 1
|  LS: AG 2 ; 0.674838052 0.8
|  LS: AG 3 ; 0.585145896 0.64
|  LS: AG 4 ; 0.524537888 0.512
|  LS: AG 5 ; 0.48259065 0.4096
|  LS: AG 6 ; 0.45291685 0.32768
|  LS: AG 7 ; 0.431531119 0.262144
|  LS: AG 8 ; 0.415878726 0.2097152
NL: Newton 4 ; 0.415878726 0.150114607
|  LS: AG 1 ; 0.678155429 1
|  LS: AG 2 ; 0.58481168 0.8
|  LS: AG 3 ; 0.527251711 0.64
|  LS: AG 4 ; 0.491119044 0.512
|  LS: AG 5 ; 0.467888697 0.4096
|  LS: AG 6 ; 0.452571763 0.32768
|  LS: AG 7 ; 0.442230473 0.262144
|  LS: AG 8 ; 0.435099533 0.2097152
NL: Newton 5 ; 0.435099533 0.157052504
|  LS: AG 1 ; 0.57083065 1
|  LS: AG 2 ; 0.505113377 0.8
|  LS: AG 3 ; 0.469162622 0.64
|  LS: AG 4 ; 0.449896313 0.512
|  LS: AG 5 ; 0.439783748 0.4096
|  LS: AG 6 ; 0.434658666 0.32768
|  LS: AG 7 ; 0.432245289 0.262144
|  LS: AG 8 ; 0.431295813 0.2097152
NL: Newton 6 ; 0.431295813 0.155679522
|  LS: AG 1 ; 0.480436682 1
|  LS: AG 2 ; 0.433175212 0.8
|  LS: AG 3 ; 0.411944465 0.64
|  LS: AG 4 ; 0.404291484 0.512
|  LS: AG 5 ; 0.403245152 0.4096
|  LS: AG 6 ; 0.405167762 0.32768
|  LS: AG 7 ; 0.408234273 0.262144
NL: Newton 7 ; 0.408234273 0.147355283
|  LS: AG 1 ; 0.381097762 1
|  LS: AG 2 ; 0.350393539 0.8
|  LS: AG 3 ; 0.342379457 0.64
NL: Newton 8 ; 0.342379457 0.123584483
NL: Newton 9 ; 0.18045649 0.06513715
|  LS: AG 1 ; 0.536555793 1
|  LS: AG 2 ; 0.406489292 0.8
|  LS: AG 3 ; 0.309581696 0.64
|  LS: AG 4 ; 0.239020604 0.512
|  LS: AG 5 ; 0.190233707 0.4096
|  LS: AG 6 ; 0.159727539 0.32768
NL: Newton 10 ; 0.159727539 0.0576548768
|  LS: AG 1 ; 0.408867716 1
|  LS: AG 2 ; 0.351929097 0.8
|  LS: AG 3 ; 0.306874514 0.64
|  LS: AG 4 ; 0.271612728 0.512
|  LS: AG 5 ; 0.244347457 0.4096
|  LS: AG 6 ; 0.22351248 0.32768
|  LS: AG 7 ; 0.207753244 0.262144
|  LS: AG 8 ; 0.195924715 0.2097152
NL: Newton 11 ; 0.195924715 0.0707205241
|  LS: AG 1 ; 0.263100346 1
|  LS: AG 2 ; 0.249583554 0.8
|  LS: AG 3 ; 0.238562401 0.64
|  LS: AG 4 ; 0.22962645 0.512
|  LS: AG 5 ; 0.222461159 0.4096
|  LS: AG 6 ; 0.216775105 0.32768
|  LS: AG 7 ; 0.212297489 0.262144
|  LS: AG 8 ; 0.208788165 0.2097152
NL: Newton 12 ; 0.208788165 0.0753636847
NL: Newton 13 ; 0.148135827 0.0534707595
|  LS: AG 1 ; 0.220964497 1
|  LS: AG 2 ; 0.153563785 0.8
|  LS: AG 3 ; 0.0989603214 0.64
NL: Newton 14 ; 0.0989603214 0.0357204848
|  LS: AG 1 ; 0.158406209 1
|  LS: AG 2 ; 0.142974454 0.8
|  LS: AG 3 ; 0.131848181 0.64
|  LS: AG 4 ; 0.123748774 0.512
|  LS: AG 5 ; 0.117796717 0.4096
|  LS: AG 6 ; 0.113381591 0.32768
|  LS: AG 7 ; 0.110076472 0.262144
|  LS: AG 8 ; 0.107580557 0.2097152
NL: Newton 15 ; 0.107580557 0.0388320246
|  LS: AG 1 ; 0.109717606 1
|  LS: AG 2 ; 0.106496005 0.8
|  LS: AG 3 ; 0.104984445 0.64
|  LS: AG 4 ; 0.104430939 0.512
|  LS: AG 5 ; 0.104392046 0.4096
|  LS: AG 6 ; 0.104610811 0.32768
|  LS: AG 7 ; 0.104941245 0.262144
|  LS: AG 8 ; 0.105302772 0.2097152
NL: Newton 16 ; 0.105302772 0.0380098407
NL: Newton 17 ; 0.0652956328 0.023568958
|  LS: AG 1 ; 0.131654709 1
|  LS: AG 2 ; 0.0923459328 0.8
|  LS: AG 3 ; 0.0617672671 0.64
|  LS: AG 4 ; 0.0385463637 0.512
NL: Newton 18 ; 0.0385463637 0.0139136048
|  LS: AG 1 ; 0.108896084 1
|  LS: AG 2 ; 0.0945080189 0.8
|  LS: AG 3 ; 0.0829438865 0.64
|  LS: AG 4 ; 0.0736974571 0.512
|  LS: AG 5 ; 0.0663380439 0.4096
|  LS: AG 6 ; 0.0605030354 0.32768
|  LS: AG 7 ; 0.0558904373 0.262144
|  LS: AG 8 ; 0.0522515894 0.2097152
NL: Newton 19 ; 0.0522515894 0.0188606108
|  LS: AG 1 ; 0.0737640739 1
|  LS: AG 2 ; 0.0694345887 0.8
|  LS: AG 3 ; 0.0659488077 0.64
|  LS: AG 4 ; 0.0631563661 0.512
|  LS: AG 5 ; 0.0609279107 0.4096
|  LS: AG 6 ; 0.0591540702 0.32768
|  LS: AG 7 ; 0.0577441333 0.262144
|  LS: AG 8 ; 0.0566240941 0.2097152
NL: Newton 20 ; 0.0566240941 0.0204388998
NL: Newton 21 ; 0.0437199971 0.0157810673
|  LS: AG 1 ; 0.0701423178 1
|  LS: AG 2 ; 0.0483949096 0.8
|  LS: AG 3 ; 0.0311232573 0.64
NL: Newton 22 ; 0.0311232573 0.0112341777
|  LS: AG 1 ; 0.0557209236 1
|  LS: AG 2 ; 0.0501651374 0.8
|  LS: AG 3 ; 0.0459071026 0.64
|  LS: AG 4 ; 0.0426354605 0.512
|  LS: AG 5 ; 0.0401149075 0.4096
|  LS: AG 6 ; 0.0381671709 0.32768
|  LS: AG 7 ; 0.0366571298 0.262144
|  LS: AG 8 ; 0.0354823875 0.2097152
NL: Newton 23 ; 0.0354823875 0.0128076391
|  LS: AG 1 ; 0.0377541856 1
|  LS: AG 2 ; 0.0367903142 0.8
|  LS: AG 3 ; 0.0362000869 0.64
|  LS: AG 4 ; 0.035845645 0.512
|  LS: AG 5 ; 0.0356380495 0.4096
|  LS: AG 6 ; 0.035520708 0.32768
|  LS: AG 7 ; 0.0354580064 0.262144
|  LS: AG 8 ; 0.0354277517 0.2097152
NL: Newton 24 ; 0.0354277517 0.0127879179
NL: Newton 25 ; 0.0219337196 0.00791714381
|  LS: AG 1 ; 0.0438760332 1
|  LS: AG 2 ; 0.0309743918 0.8
|  LS: AG 3 ; 0.0208469092 0.64
|  LS: AG 4 ; 0.0130878032 0.512
NL: Newton 26 ; 0.0130878032 0.00472414266
|  LS: AG 1 ; 0.0354748931 1
|  LS: AG 2 ; 0.030789144 0.8
|  LS: AG 3 ; 0.02706187 0.64
|  LS: AG 4 ; 0.0241074507 0.512
|  LS: AG 5 ; 0.0217729224 0.4096
|  LS: AG 6 ; 0.0199328847 0.32768
|  LS: AG 7 ; 0.0184852032 0.262144
|  LS: AG 8 ; 0.017347343 0.2097152
NL: Newton 27 ; 0.017347343 0.0062616561
|  LS: AG 1 ; 0.0247951492 1
|  LS: AG 2 ; 0.0231959475 0.8
|  LS: AG 3 ; 0.0219420574 0.64
|  LS: AG 4 ; 0.0209608194 0.512
|  LS: AG 5 ; 0.0201933426 0.4096
|  LS: AG 6 ; 0.0195926934 0.32768
|  LS: AG 7 ; 0.019121946 0.262144
|  LS: AG 8 ; 0.0187523054 0.2097152
NL: Newton 28 ; 0.0187523054 0.00676878803
|  LS: AG 1 ; 0.0153006972 1
|  LS: AG 2 ; 0.0158599024 0.8
|  LS: AG 3 ; 0.0163627765 0.64
|  LS: AG 4 ; 0.0167962664 0.512
NL: Newton 29 ; 0.0167962664 0.00606274079
NL: Newton 30 ; 0.00535938301 0.00193451028
|  LS: AG 1 ; 0.0201847946 1
|  LS: AG 2 ; 0.0170032363 0.8
|  LS: AG 3 ; 0.0144877859 0.64
|  LS: AG 4 ; 0.0125040277 0.512
|  LS: AG 5 ; 0.0109441928 0.4096
|  LS: AG 6 ; 0.00972151291 0.32768
|  LS: AG 7 ; 0.00876595054 0.262144
|  LS: AG 8 ; 0.00802098754 0.2097152
NL: Newton 31 ; 0.00802098754 0.00289523679
|  LS: AG 1 ; 0.0149875343 1
|  LS: AG 2 ; 0.0134766199 0.8
|  LS: AG 3 ; 0.0122971985 0.64
|  LS: AG 4 ; 0.0113769436 0.512
|  LS: AG 5 ; 0.0106588055 0.4096
|  LS: AG 6 ; 0.0100979595 0.32768
|  LS: AG 7 ; 0.00965936155 0.262144
|  LS: AG 8 ; 0.00931574662 0.2097152
NL: Newton 32 ; 0.00931574662 0.00336258998
|  LS: AG 1 ; 0.0100410662 1
|  LS: AG 2 ; 0.00980110842 0.8
|  LS: AG 3 ; 0.00964177802 0.64
|  LS: AG 4 ; 0.00953607273 0.512
|  LS: AG 5 ; 0.00946581361 0.4096
|  LS: AG 6 ; 0.0094189226 0.32768
|  LS: AG 7 ; 0.00938743934 0.262144
|  LS: AG 8 ; 0.00936613927 0.2097152
NL: Newton 33 ; 0.00936613927 0.0033807796
NL: Newton 34 ; 0.00576672767 0.00208154445
|  LS: AG 1 ; 0.0114692055 1
|  LS: AG 2 ; 0.00811217606 0.8
|  LS: AG 3 ; 0.00546633507 0.64
|  LS: AG 4 ; 0.00343030214 0.512
NL: Newton 35 ; 0.00343030214 0.00123819379
|  LS: AG 1 ; 0.00910158559 1
|  LS: AG 2 ; 0.00790285977 0.8
|  LS: AG 3 ; 0.00695387177 0.64
|  LS: AG 4 ; 0.00620456867 0.512
|  LS: AG 5 ; 0.00561432056 0.4096
|  LS: AG 6 ; 0.00515022743 0.32768
|  LS: AG 7 ; 0.00478576619 0.262144
|  LS: AG 8 ; 0.0044996854 0.2097152
NL: Newton 36 ; 0.0044996854 0.00162419586
|  LS: AG 1 ; 0.00640098191 1
|  LS: AG 2 ; 0.00598095184 0.8
|  LS: AG 3 ; 0.00565570266 0.64
|  LS: AG 4 ; 0.00540385928 0.512
|  LS: AG 5 ; 0.00520862554 0.4096
|  LS: AG 6 ; 0.00505695871 0.32768
|  LS: AG 7 ; 0.00493881846 0.262144
|  LS: AG 8 ; 0.00484651724 0.2097152
NL: Newton 37 ; 0.00484651724 0.00174938746
|  LS: AG 1 ; 0.00397783038 1
|  LS: AG 2 ; 0.0041104931 0.8
|  LS: AG 3 ; 0.0042333553 0.64
|  LS: AG 4 ; 0.00434137967 0.512
NL: Newton 38 ; 0.00434137967 0.00156705419
NL: Newton 39 ; 0.00137234212 0.000495357382
|  LS: AG 1 ; 0.00527990501 1
|  LS: AG 2 ; 0.00444388732 0.8
|  LS: AG 3 ; 0.00378174686 0.64
|  LS: AG 4 ; 0.00325881201 0.512
|  LS: AG 5 ; 0.00284715134 0.4096
|  LS: AG 6 ; 0.00252418709 0.32768
|  LS: AG 7 ; 0.00227163155 0.262144
|  LS: AG 8 ; 0.00207467936 0.2097152
NL: Newton 40 ; 0.00207467936 0.000748871379
|  LS: AG 1 ; 0.00390615625 1
|  LS: AG 2 ; 0.00351263267 0.8
|  LS: AG 3 ; 0.00320413615 0.64
|  LS: AG 4 ; 0.00296257932 0.512
|  LS: AG 5 ; 0.00277352946 0.4096
|  LS: AG 6 ; 0.0026255382 0.32768
|  LS: AG 7 ; 0.00250958435 0.262144
|  LS: AG 8 ; 0.00241860324 0.2097152
NL: Newton 41 ; 0.00241860324 0.000873013335
|  LS: AG 1 ; 0.00260494538 1
|  LS: AG 2 ; 0.00254565286 0.8
|  LS: AG 3 ; 0.00250573327 0.64
|  LS: AG 4 ; 0.0024788353 0.512
|  LS: AG 5 ; 0.00246064436 0.4096
|  LS: AG 6 ; 0.00244826717 0.32768
|  LS: AG 7 ; 0.0024397781 0.262144
|  LS: AG 8 ; 0.00243389992 0.2097152
NL: Newton 42 ; 0.00243389992 0.000878534789
NL: Newton 43 ; 0.00148755106 0.000536942932
|  LS: AG 1 ; 0.00297826685 1
|  LS: AG 2 ; 0.00211005688 0.8
|  LS: AG 3 ; 0.00142495237 0.64
|  LS: AG 4 ; 0.000896817157 0.512
NL: Newton 44 ; 0.000896817157 0.000323713011
|  LS: AG 1 ; 0.00234476279 1
|  LS: AG 2 ; 0.00203790115 0.8
|  LS: AG 3 ; 0.00179530858 0.64
|  LS: AG 4 ; 0.00160397884 0.512
|  LS: AG 5 ; 0.00145339702 0.4096
|  LS: AG 6 ; 0.00133507817 0.32768
|  LS: AG 7 ; 0.00124220272 0.262144
|  LS: AG 8 ; 0.00116932102 0.2097152
NL: Newton 45 ; 0.00116932102 0.000422075363
|  LS: AG 1 ; 0.00164933201 1
|  LS: AG 2 ; 0.00154227202 0.8
|  LS: AG 3 ; 0.00145971588 0.64
|  LS: AG 4 ; 0.00139602072 0.512
|  LS: AG 5 ; 0.00134679293 0.4096
|  LS: AG 6 ; 0.00130864775 0.32768
|  LS: AG 7 ; 0.00127899745 0.262144
|  LS: AG 8 ; 0.00125587234 0.2097152
NL: Newton 46 ; 0.00125587234 0.000453316724
|  LS: AG 1 ; 0.00102462241 1
|  LS: AG 2 ; 0.00105969039 0.8
|  LS: AG 3 ; 0.00109228828 0.64
NL: Newton 47 ; 0.00109228828 0.000394269809
NL: Newton 48 ; 0.000647812792 0.000233832981
|  LS: AG 1 ; 0.00133346404 1
|  LS: AG 2 ; 0.0011871598 0.8
|  LS: AG 3 ; 0.00107206407 0.64
|  LS: AG 4 ; 0.000981669461 0.512
|  LS: AG 5 ; 0.000910750623 0.4096
|  LS: AG 6 ; 0.000855132796 0.32768
|  LS: AG 7 ; 0.000811501549 0.262144
|  LS: AG 8 ; 0.000777242677 0.2097152
NL: Newton 49 ; 0.000777242677 0.000280551688
|  LS: AG 1 ; 0.000903511786 1
|  LS: AG 2 ; 0.000871262369 0.8
|  LS: AG 3 ; 0.000847727466 0.64
|  LS: AG 4 ; 0.000830473128 0.512
|  LS: AG 5 ; 0.00081774098 0.4096
|  LS: AG 6 ; 0.00080827352 0.32768
|  LS: AG 7 ; 0.000801175618 0.262144
|  LS: AG 8 ; 0.000795810162 0.2097152
NL: Newton 50 ; 0.000795810162 0.000287253764
NL: Newton 51 ; 0.000529654138 0.000191182712
|  LS: AG 1 ; 0.000973149575 1
|  LS: AG 2 ; 0.000680941457 0.8
|  LS: AG 3 ; 0.000450639088 0.64
NL: Newton 52 ; 0.000450639088 0.000162661625
|  LS: AG 1 ; 0.000752077521 1
|  LS: AG 2 ; 0.000686850863 0.8
|  LS: AG 3 ; 0.00063589005 0.64
|  LS: AG 4 ; 0.000596109939 0.512
|  LS: AG 5 ; 0.000565056451 0.4096
|  LS: AG 6 ; 0.000540794373 0.32768
|  LS: AG 7 ; 0.000521809695 0.262144
|  LS: AG 8 ; 0.00050692534 0.2097152
NL: Newton 53 ; 0.00050692534 0.000182978578
|  LS: AG 1 ; 0.000487661603 1
|  LS: AG 2 ; 0.000487138176 0.8
|  LS: AG 3 ; 0.000488322328 0.64
|  LS: AG 4 ; 0.000490288907 0.512
|  LS: AG 5 ; 0.000492506934 0.4096
|  LS: AG 6 ; 0.000494688511 0.32768
|  LS: AG 7 ; 0.000496690919 0.262144
|  LS: AG 8 ; 0.000498455425 0.2097152
NL: Newton 54 ; 0.000498455425 0.000179921297
NL: Newton 55 ; 0.000265845847 9.59590914e-05
|  LS: AG 1 ; 0.00060921694 1
|  LS: AG 2 ; 0.000439502433 0.8
|  LS: AG 3 ; 0.000305298292 0.64
|  LS: AG 4 ; 0.000201004868 0.512
NL: Newton 56 ; 0.000201004868 7.25542442e-05
|  LS: AG 1 ; 0.000454025195 1
|  LS: AG 2 ; 0.000400235629 0.8
|  LS: AG 3 ; 0.0003578256 0.64
|  LS: AG 4 ; 0.000324452995 0.512
|  LS: AG 5 ; 0.000298231202 0.4096
|  LS: AG 6 ; 0.000277646175 0.32768
|  LS: AG 7 ; 0.000261489499 0.262144
|  LS: AG 8 ; 0.000248802848 0.2097152
NL: Newton 57 ; 0.000248802848 8.98072908e-05
|  LS: AG 1 ; 0.000312557764 1
|  LS: AG 2 ; 0.000297529116 0.8
|  LS: AG 3 ; 0.000286204252 0.64
|  LS: AG 4 ; 0.000277646686 0.512
|  LS: AG 5 ; 0.000271153062 0.4096
|  LS: AG 6 ; 0.000266200493 0.32768
|  LS: AG 7 ; 0.00026240245 0.262144
|  LS: AG 8 ; 0.000259473664 0.2097152
NL: Newton 58 ; 0.000259473664 9.36590035e-05
NL: Newton 59 ; 0.000187885657 6.78187647e-05
|  LS: AG 1 ; 0.000317186714 1
|  LS: AG 2 ; 0.000218970945 0.8
|  LS: AG 3 ; 0.000141697464 0.64
NL: Newton 60 ; 0.000141697464 5.11467832e-05
|  LS: AG 1 ; 0.000257104505 1
|  LS: AG 2 ; 0.00023232185 0.8
|  LS: AG 3 ; 0.000212890742 0.64
|  LS: AG 4 ; 0.000197675025 0.512
|  LS: AG 5 ; 0.000185766087 0.4096
|  LS: AG 6 ; 0.000176442593 0.32768
|  LS: AG 7 ; 0.000169136164 0.262144
|  LS: AG 8 ; 0.000163401895 0.2097152
NL: Newton 61 ; 0.000163401895 5.89811635e-05
|  LS: AG 1 ; 0.000169833692 1
|  LS: AG 2 ; 0.000167130149 0.8
|  LS: AG 3 ; 0.000165460897 0.64
|  LS: AG 4 ; 0.00016445149 0.512
|  LS: AG 5 ; 0.000163856665 0.4096
|  LS: AG 6 ; 0.000163518505 0.32768
|  LS: AG 7 ; 0.00016333669 0.262144
|  LS: AG 8 ; 0.000163248218 0.2097152
NL: Newton 62 ; 0.000163248218 5.89256927e-05
NL: Newton 63 ; 9.55342554e-05 3.44838201e-05
|  LS: AG 1 ; 0.000199540636 1
|  LS: AG 2 ; 0.000142238845 0.8
|  LS: AG 3 ; 9.69776191e-05 0.64
|  LS: AG 4 ; 6.19752043e-05 0.512
NL: Newton 64 ; 6.19752043e-05 2.2370424e-05
|  LS: AG 1 ; 0.000154189348 1
|  LS: AG 2 ; 0.000134619964 0.8
|  LS: AG 3 ; 0.000119166237 0.64
|  LS: AG 4 ; 0.000106989227 0.512
|  LS: AG 5 ; 9.7412017e-05 0.4096
|  LS: AG 6 ; 8.98896728e-05 0.32768
|  LS: AG 7 ; 8.3985428e-05 0.262144
|  LS: AG 8 ; 7.93512793e-05 0.2097152
NL: Newton 65 ; 7.93512793e-05 2.86424511e-05
|  LS: AG 1 ; 0.000107775267 1
|  LS: AG 2 ; 0.00010133757 0.8
|  LS: AG 3 ; 9.6405564e-05 0.64
|  LS: AG 4 ; 9.26223025e-05 0.512
|  LS: AG 5 ; 8.97129884e-05 0.4096
|  LS: AG 6 ; 8.74682382e-05 0.32768
|  LS: AG 7 ; 8.5729602e-05 0.262144
|  LS: AG 8 ; 8.4377581e-05 0.2097152
NL: Newton 66 ; 8.4377581e-05 3.04567331e-05
NL: Newton 67 ; 6.63116338e-05 2.39356913e-05
|  LS: AG 1 ; 0.000103144054 1
|  LS: AG 2 ; 7.01968927e-05 0.8
|  LS: AG 3 ; 4.43329957e-05 0.64
NL: Newton 68 ; 4.43329957e-05 1.60023338e-05
|  LS: AG 1 ; 8.77056805e-05 1
|  LS: AG 2 ; 7.84424958e-05 0.8
|  LS: AG 3 ; 7.1159614e-05 0.64
|  LS: AG 4 ; 6.54428498e-05 0.512
|  LS: AG 5 ; 6.09596651e-05 0.4096
|  LS: AG 6 ; 5.74446511e-05 0.32768
|  LS: AG 7 ; 5.46874231e-05 0.262144
|  LS: AG 8 ; 5.25223313e-05 0.2097152
NL: Newton 69 ; 5.25223313e-05 1.89583371e-05
|  LS: AG 1 ; 5.8949886e-05 1
|  LS: AG 2 ; 5.72031575e-05 0.8
|  LS: AG 3 ; 5.59583885e-05 0.64
|  LS: AG 4 ; 5.50670709e-05 0.512
|  LS: AG 5 ; 5.44242794e-05 0.4096
|  LS: AG 6 ; 5.39566681e-05 0.32768
|  LS: AG 7 ; 5.36132198e-05 0.262144
|  LS: AG 8 ; 5.33584603e-05 0.2097152
NL: Newton 70 ; 5.33584603e-05 1.92601443e-05
NL: Newton 71 ; 3.41200468e-05 1.23158918e-05
|  LS: AG 1 ; 6.52247566e-05 1
|  LS: AG 2 ; 4.59170917e-05 0.8
|  LS: AG 3 ; 3.0686919e-05 0.64
|  LS: AG 4 ; 1.89829533e-05 0.512
NL: Newton 72 ; 1.89829533e-05 6.85204218e-06
|  LS: AG 1 ; 5.22554865e-05 1
|  LS: AG 2 ; 4.5196975e-05 0.8
|  LS: AG 3 ; 3.96162347e-05 0.64
|  LS: AG 4 ; 3.52143786e-05 0.512
|  LS: AG 5 ; 3.17500422e-05 0.4096
|  LS: AG 6 ; 2.90284808e-05 0.32768
|  LS: AG 7 ; 2.68930486e-05 0.262144
|  LS: AG 8 ; 2.52183904e-05 0.2097152
NL: Newton 73 ; 2.52183904e-05 9.10277088e-06
|  LS: AG 1 ; 3.70628677e-05 1
|  LS: AG 2 ; 3.44424841e-05 0.8
|  LS: AG 3 ; 3.2414943e-05 0.64
|  LS: AG 4 ; 3.08457679e-05 0.512
|  LS: AG 5 ; 2.96297363e-05 0.4096
|  LS: AG 6 ; 2.86853299e-05 0.32768
|  LS: AG 7 ; 2.79498721e-05 0.262144
|  LS: AG 8 ; 2.73754035e-05 0.2097152
NL: Newton 74 ; 2.73754035e-05 9.88136124e-06
|  LS: AG 1 ; 2.33028379e-05 1
|  LS: AG 2 ; 2.38732416e-05 0.8
|  LS: AG 3 ; 2.44260468e-05 0.64
|  LS: AG 4 ; 2.49259374e-05 0.512
|  LS: AG 5 ; 2.53605522e-05 0.4096
|  LS: AG 6 ; 2.57293187e-05 0.32768
|  LS: AG 7 ; 2.60372407e-05 0.262144
|  LS: AG 8 ; 2.62915461e-05 0.2097152
NL: Newton 75 ; 2.62915461e-05 9.49013462e-06
NL: Newton 76 ; 1.20311409e-05 4.34273231e-06
|  LS: AG 1 ; 3.21391075e-05 1
|  LS: AG 2 ; 2.35961787e-05 0.8
|  LS: AG 3 ; 1.68323925e-05 0.64
|  LS: AG 4 ; 1.15475375e-05 0.512
|  LS: AG 5 ; 7.5746405e-06 0.4096
NL: Newton 77 ; 7.5746405e-06 2.73412441e-06
|  LS: AG 1 ; 2.44890255e-05 1
|  LS: AG 2 ; 2.08939371e-05 0.8
|  LS: AG 3 ; 1.80477026e-05 0.64
|  LS: AG 4 ; 1.58003196e-05 0.512
|  LS: AG 5 ; 1.40306335e-05 0.4096
|  LS: AG 6 ; 1.26406735e-05 0.32768
|  LS: AG 7 ; 1.15512812e-05 0.262144
|  LS: AG 8 ; 1.06987135e-05 0.2097152
NL: Newton 78 ; 1.06987135e-05 3.86178247e-06
|  LS: AG 1 ; 1.77325004e-05 1
|  LS: AG 2 ; 1.62080537e-05 0.8
|  LS: AG 3 ; 1.50178747e-05 0.64
|  LS: AG 4 ; 1.40893923e-05 0.512
|  LS: AG 5 ; 1.33649676e-05 0.4096
|  LS: AG 6 ; 1.27992132e-05 0.32768
|  LS: AG 7 ; 1.23566679e-05 0.262144
|  LS: AG 8 ; 1.20097941e-05 0.2097152
NL: Newton 79 ; 1.20097941e-05 4.33502702e-06
|  LS: AG 1 ; 1.148403e-05 1
|  LS: AG 2 ; 1.14846108e-05 0.8
|  LS: AG 3 ; 1.15235201e-05 0.64
|  LS: AG 4 ; 1.15790248e-05 0.512
|  LS: AG 5 ; 1.16388131e-05 0.4096
|  LS: AG 6 ; 1.16963403e-05 0.32768
|  LS: AG 7 ; 1.17484766e-05 0.262144
|  LS: AG 8 ; 1.1794047e-05 0.2097152
NL: Newton 80 ; 1.1794047e-05 4.25715144e-06
NL: Newton 81 ; 6.24641934e-06 2.25469283e-06
|  LS: AG 1 ; 1.44169999e-05 1
|  LS: AG 2 ; 1.04093774e-05 0.8
|  LS: AG 3 ; 7.24026371e-06 0.64
|  LS: AG 4 ; 4.77684315e-06 0.512
NL: Newton 82 ; 4.77684315e-06 1.72423806e-06
|  LS: AG 1 ; 1.0716761e-05 1
|  LS: AG 2 ; 9.45407382e-06 0.8
|  LS: AG 3 ; 8.45853188e-06 0.64
|  LS: AG 4 ; 7.67515153e-06 0.512
|  LS: AG 5 ; 7.05963356e-06 0.4096
|  LS: AG 6 ; 6.57642594e-06 0.32768
|  LS: AG 7 ; 6.19715617e-06 0.262144
|  LS: AG 8 ; 5.89932742e-06 0.2097152
NL: Newton 83 ; 5.89932742e-06 2.12940735e-06
|  LS: AG 1 ; 7.36767891e-06 1
|  LS: AG 2 ; 7.02038607e-06 0.8
|  LS: AG 3 ; 6.75903816e-06 0.64
|  LS: AG 4 ; 6.56180087e-06 0.512
|  LS: AG 5 ; 6.41230447e-06 0.4096
|  LS: AG 6 ; 6.29840148e-06 0.32768
|  LS: AG 7 ; 6.21112816e-06 0.262144
|  LS: AG 8 ; 6.14388009e-06 0.2097152
NL: Newton 84 ; 6.14388009e-06 2.2176805e-06
NL: Newton 85 ; 4.41983242e-06 1.59537231e-06
|  LS: AG 1 ; 7.51045824e-06 1
|  LS: AG 2 ; 5.19068999e-06 0.8
|  LS: AG 3 ; 3.36518395e-06 0.64
NL: Newton 86 ; 3.36518395e-06 1.21468888e-06
|  LS: AG 1 ; 6.06316917e-06 1
|  LS: AG 2 ; 5.48334789e-06 0.8
|  LS: AG 3 ; 5.02889973e-06 0.64
|  LS: AG 4 ; 4.67315319e-06 0.512
|  LS: AG 5 ; 4.394793e-06 0.4096
|  LS: AG 6 ; 4.17690986e-06 0.32768
|  LS: AG 7 ; 4.00618986e-06 0.262144
|  LS: AG 8 ; 3.87221857e-06 0.2097152
NL: Newton 87 ; 3.87221857e-06 1.39770691e-06
|  LS: AG 1 ; 3.99958364e-06 1
|  LS: AG 2 ; 3.94044617e-06 0.8
|  LS: AG 3 ; 3.90491045e-06 0.64
|  LS: AG 4 ; 3.88423466e-06 0.512
|  LS: AG 5 ; 3.87273965e-06 0.4096
|  LS: AG 6 ; 3.86680339e-06 0.32768
|  LS: AG 7 ; 3.86415095e-06 0.262144
|  LS: AG 8 ; 3.86337383e-06 0.2097152
NL: Newton 88 ; 3.86337383e-06 1.39451433e-06
NL: Newton 89 ; 2.24458751e-06 8.10201027e-07
|  LS: AG 1 ; 4.72262686e-06 1
|  LS: AG 2 ; 3.36968584e-06 0.8
|  LS: AG 3 ; 2.30095417e-06 0.64
|  LS: AG 4 ; 1.47411637e-06 0.512
NL: Newton 90 ; 1.47411637e-06 5.32093576e-07
|  LS: AG 1 ; 3.6390524e-06 1
|  LS: AG 2 ; 3.17961349e-06 0.8
|  LS: AG 3 ; 2.81682641e-06 0.64
|  LS: AG 4 ; 2.53098072e-06 0.512
|  LS: AG 5 ; 2.30617242e-06 0.4096
|  LS: AG 6 ; 2.12960006e-06 0.32768
|  LS: AG 7 ; 1.99100565e-06 0.262144
|  LS: AG 8 ; 1.88221833e-06 0.2097152
NL: Newton 91 ; 1.88221833e-06 6.79401101e-07
|  LS: AG 1 ; 2.54043648e-06 1
|  LS: AG 2 ; 2.39102607e-06 0.8
|  LS: AG 3 ; 2.27666676e-06 0.64
|  LS: AG 4 ; 2.18901702e-06 0.512
|  LS: AG 5 ; 2.12166421e-06 0.4096
|  LS: AG 6 ; 2.06972931e-06 0.32768
|  LS: AG 7 ; 2.02952533e-06 0.262144
|  LS: AG 8 ; 1.99827522e-06 0.2097152
NL: Newton 92 ; 1.99827522e-06 7.21292724e-07
NL: Newton 93 ; 1.56011248e-06 5.63134529e-07
|  LS: AG 1 ; 2.44273681e-06 1
|  LS: AG 2 ; 1.66446834e-06 0.8
|  LS: AG 3 ; 1.05338281e-06 0.64
NL: Newton 94 ; 1.05338281e-06 3.8022658e-07
|  LS: AG 1 ; 2.06884711e-06 1
|  LS: AG 2 ; 1.85187617e-06 0.8
|  LS: AG 3 ; 1.68132915e-06 0.64
|  LS: AG 4 ; 1.54748366e-06 0.512
|  LS: AG 5 ; 1.44253672e-06 0.4096
|  LS: AG 6 ; 1.3602634e-06 0.32768
|  LS: AG 7 ; 1.29573186e-06 0.262144
|  LS: AG 8 ; 1.24506086e-06 0.2097152
NL: Newton 95 ; 1.24506086e-06 4.49414239e-07
|  LS: AG 1 ; 1.38873064e-06 1
|  LS: AG 2 ; 1.34906775e-06 0.8
|  LS: AG 3 ; 1.32096938e-06 0.64
|  LS: AG 4 ; 1.30097023e-06 0.512
|  LS: AG 5 ; 1.28663399e-06 0.4096
|  LS: AG 6 ; 1.27626627e-06 0.32768
|  LS: AG 7 ; 1.26869465e-06 0.262144
|  LS: AG 8 ; 1.26310833e-06 0.2097152
NL: Newton 96 ; 1.26310833e-06 4.5592861e-07
NL: Newton 97 ; 8.02040738e-07 2.89502738e-07
|  LS: AG 1 ; 1.54407706e-06 1
|  LS: AG 2 ; 1.08812346e-06 0.8
|  LS: AG 3 ; 7.28420453e-07 0.64
|  LS: AG 4 ; 4.51840205e-07 0.512
NL: Newton 98 ; 4.51840205e-07 1.63095178e-07
|  LS: AG 1 ; 1.23361869e-06 1
|  LS: AG 2 ; 1.06777989e-06 0.8
|  LS: AG 3 ; 9.36670604e-07 0.64
|  LS: AG 4 ; 8.33263061e-07 0.512
|  LS: AG 5 ; 7.51882118e-07 0.4096
|  LS: AG 6 ; 6.879494e-07 0.32768
|  LS: AG 7 ; 6.37783124e-07 0.262144
|  LS: AG 8 ; 5.98437917e-07 0.2097152
NL: Newton 99 ; 5.98437917e-07 2.16010743e-07
|  LS: AG 1 ; 8.73912091e-07 1
|  LS: AG 2 ; 8.12880517e-07 0.8
|  LS: AG 3 ; 7.65685968e-07 0.64
|  LS: AG 4 ; 7.29180742e-07 0.512
|  LS: AG 5 ; 7.00904397e-07 0.4096
|  LS: AG 6 ; 6.78952813e-07 0.32768
|  LS: AG 7 ; 6.61863498e-07 0.262144
|  LS: AG 8 ; 6.48518439e-07 0.2097152
NL: Newton 100 ; 6.48518439e-07 2.3408769e-07
|  LS: AG 1 ; 5.48509929e-07 1
|  LS: AG 2 ; 5.62719827e-07 0.8
|  LS: AG 3 ; 5.76385931e-07 0.64
|  LS: AG 4 ; 5.88687274e-07 0.512
|  LS: AG 5 ; 5.99349948e-07 0.4096
|  LS: AG 6 ; 6.08378022e-07 0.32768
|  LS: AG 7 ; 6.15904989e-07 0.262144
|  LS: AG 8 ; 6.22114287e-07 0.2097152
NL: Newton 101 ; 6.22114287e-07 2.24556909e-07
NL: Newton 102 ; 2.82343791e-07 1.0191415e-07
|  LS: AG 1 ; 7.60453098e-07 1
|  LS: AG 2 ; 5.58806476e-07 0.8
|  LS: AG 3 ; 3.99145239e-07 0.64
|  LS: AG 4 ; 2.74365737e-07 0.512
|  LS: AG 5 ; 1.80465174e-07 0.4096
NL: Newton 103 ; 1.80465174e-07 6.51402847e-08
|  LS: AG 1 ; 5.78362271e-07 1
|  LS: AG 2 ; 4.93807325e-07 0.8
|  LS: AG 3 ; 4.26869005e-07 0.64
|  LS: AG 4 ; 3.74016816e-07 0.512
|  LS: AG 5 ; 3.32399226e-07 0.4096
|  LS: AG 6 ; 2.99710584e-07 0.32768
|  LS: AG 7 ; 2.74088387e-07 0.262144
|  LS: AG 8 ; 2.5403334e-07 0.2097152
NL: Newton 104 ; 2.5403334e-07 9.16952766e-08
|  LS: AG 1 ; 4.18394266e-07 1
|  LS: AG 2 ; 3.8274459e-07 0.8
|  LS: AG 3 ; 3.54921639e-07 0.64
|  LS: AG 4 ; 3.33223097e-07 0.512
|  LS: AG 5 ; 3.16297715e-07 0.4096
|  LS: AG 6 ; 3.03082192e-07 0.32768
|  LS: AG 7 ; 2.92746328e-07 0.262144
|  LS: AG 8 ; 2.84645836e-07 0.2097152
NL: Newton 105 ; 2.84645836e-07 1.02745091e-07
|  LS: AG 1 ; 2.70555291e-07 1
|  LS: AG 2 ; 2.70893592e-07 0.8
|  LS: AG 3 ; 2.72079395e-07 0.64
|  LS: AG 4 ; 2.73606594e-07 0.512
|  LS: AG 5 ; 2.75192601e-07 0.4096
|  LS: AG 6 ; 2.76690543e-07 0.32768
|  LS: AG 7 ; 2.78033172e-07 0.262144
|  LS: AG 8 ; 2.7919827e-07 0.2097152
NL: Newton 106 ; 2.7919827e-07 1.00778751e-07
NL: Newton 107 ; 1.46775252e-07 5.29796496e-08
|  LS: AG 1 ; 3.41306696e-07 1
|  LS: AG 2 ; 2.46656009e-07 0.8
|  LS: AG 3 ; 1.71803691e-07 0.64
|  LS: AG 4 ; 1.13601063e-07 0.512
NL: Newton 108 ; 1.13601063e-07 4.10051724e-08
|  LS: AG 1 ; 2.53137391e-07 1
|  LS: AG 2 ; 2.23471026e-07 0.8
|  LS: AG 3 ; 2.00083868e-07 0.64
|  LS: AG 4 ; 1.81682612e-07 0.512
|  LS: AG 5 ; 1.6722541e-07 0.4096
|  LS: AG 6 ; 1.55876336e-07 0.32768
|  LS: AG 7 ; 1.46968487e-07 0.262144
|  LS: AG 8 ; 1.39973244e-07 0.2097152
NL: Newton 109 ; 1.39973244e-07 5.05244129e-08
|  LS: AG 1 ; 1.73892138e-07 1
|  LS: AG 2 ; 1.65839426e-07 0.8
|  LS: AG 3 ; 1.59788832e-07 0.64
|  LS: AG 4 ; 1.55228955e-07 0.512
|  LS: AG 5 ; 1.51777194e-07 0.4096
|  LS: AG 6 ; 1.49150227e-07 0.32768
|  LS: AG 7 ; 1.47139404e-07 0.262144
|  LS: AG 8 ; 1.45591285e-07 0.2097152
NL: Newton 110 ; 1.45591285e-07 5.25522877e-08
NL: Newton 111 ; 1.04136637e-07 3.75889156e-08
|  LS: AG 1 ; 1.78080558e-07 1
|  LS: AG 2 ; 1.23204978e-07 0.8
|  LS: AG 3 ; 8.00146054e-08 0.64
NL: Newton 112 ; 8.00146054e-08 2.88818837e-08
|  LS: AG 1 ; 1.4327844e-07 1
|  LS: AG 2 ; 1.29676195e-07 0.8
|  LS: AG 3 ; 1.19017588e-07 0.64
|  LS: AG 4 ; 1.10675597e-07 0.512
|  LS: AG 5 ; 1.04149313e-07 0.4096
|  LS: AG 6 ; 9.90415547e-08 0.32768
|  LS: AG 7 ; 9.50397505e-08 0.262144
|  LS: AG 8 ; 9.18995146e-08 0.2097152
NL: Newton 113 ; 9.18995146e-08 3.31718326e-08
|  LS: AG 1 ; 9.44537265e-08 1
|  LS: AG 2 ; 9.31443956e-08 0.8
|  LS: AG 3 ; 9.23771137e-08 0.64
|  LS: AG 4 ; 9.19473359e-08 0.512
|  LS: AG 5 ; 9.17230595e-08 0.4096
|  LS: AG 6 ; 9.16207496e-08 0.32768
|  LS: AG 7 ; 9.15884335e-08 0.262144
|  LS: AG 8 ; 9.15943206e-08 0.2097152
NL: Newton 114 ; 9.15943206e-08 3.30616705e-08
NL: Newton 115 ; 5.29410313e-08 1.91094701e-08
|  LS: AG 1 ; 1.12059061e-07 1
|  LS: AG 2 ; 8.00204668e-08 0.8
|  LS: AG 3 ; 5.47102452e-08 0.64
|  LS: AG 4 ; 3.512186e-08 0.512
NL: Newton 116 ; 3.512186e-08 1.2677504e-08
|  LS: AG 1 ; 8.63726746e-08 1
|  LS: AG 2 ; 7.5497866e-08 0.8
|  LS: AG 3 ; 6.6910903e-08 0.64
|  LS: AG 4 ; 6.0145087e-08 0.512
|  LS: AG 5 ; 5.48238754e-08 0.4096
|  LS: AG 6 ; 5.06442183e-08 0.32768
|  LS: AG 7 ; 4.73633166e-08 0.262144
|  LS: AG 8 ; 4.47878042e-08 0.2097152
NL: Newton 117 ; 4.47878042e-08 1.61665004e-08
|  LS: AG 1 ; 6.01566977e-08 1
|  LS: AG 2 ; 5.66611459e-08 0.8
|  LS: AG 3 ; 5.3987843e-08 0.64
|  LS: AG 4 ; 5.19404392e-08 0.512
|  LS: AG 5 ; 5.03681809e-08 0.4096
|  LS: AG 6 ; 4.91565168e-08 0.32768
|  LS: AG 7 ; 4.82189888e-08 0.262144
|  LS: AG 8 ; 4.749055e-08 0.2097152
NL: Newton 118 ; 4.749055e-08 1.71420772e-08
NL: Newton 119 ; 3.69570978e-08 1.33399471e-08
|  LS: AG 1 ; 5.81525961e-08 1
|  LS: AG 2 ; 3.96623896e-08 0.8
|  LS: AG 3 ; 2.51429526e-08 0.64
NL: Newton 120 ; 2.51429526e-08 9.07554103e-09
|  LS: AG 1 ; 4.95213718e-08 1
|  LS: AG 2 ; 4.43157058e-08 0.8
|  LS: AG 3 ; 4.02230574e-08 0.64
|  LS: AG 4 ; 3.70104916e-08 0.512
|  LS: AG 5 ; 3.44910471e-08 0.4096
|  LS: AG 6 ; 3.25155517e-08 0.32768
|  LS: AG 7 ; 3.09657927e-08 0.262144
|  LS: AG 8 ; 2.97487156e-08 0.2097152
NL: Newton 121 ; 2.97487156e-08 1.07380264e-08
|  LS: AG 1 ; 3.32187019e-08 1
|  LS: AG 2 ; 3.22638027e-08 0.8
|  LS: AG 3 ; 3.15865226e-08 0.64
|  LS: AG 4 ; 3.11038774e-08 0.512
|  LS: AG 5 ; 3.07574707e-08 0.4096
|  LS: AG 6 ; 3.05066497e-08 0.32768
|  LS: AG 7 ; 3.03232569e-08 0.262144
|  LS: AG 8 ; 3.0187798e-08 0.2097152
NL: Newton 122 ; 3.0187798e-08 1.08965165e-08
NL: Newton 123 ; 1.9165311e-08 6.91786556e-09
|  LS: AG 1 ; 3.71690057e-08 1
|  LS: AG 2 ; 2.6223983e-08 0.8
|  LS: AG 3 ; 1.75893272e-08 0.64
|  LS: AG 4 ; 1.09480057e-08 0.512
NL: Newton 124 ; 1.09480057e-08 3.95176639e-09
|  LS: AG 1 ; 2.99407066e-08 1
|  LS: AG 2 ; 2.5912534e-08 0.8
|  LS: AG 3 ; 2.27277603e-08 0.64
|  LS: AG 4 ; 2.02157409e-08 0.512
|  LS: AG 5 ; 1.82386782e-08 0.4096
|  LS: AG 6 ; 1.66854048e-08 0.32768
|  LS: AG 7 ; 1.54665217e-08 0.262144
|  LS: AG 8 ; 1.45105059e-08 0.2097152
NL: Newton 125 ; 1.45105059e-08 5.23767808e-09
|  LS: AG 1 ; 2.11791226e-08 1
|  LS: AG 2 ; 1.97012492e-08 0.8
|  LS: AG 3 ; 1.85585598e-08 0.64
|  LS: AG 4 ; 1.76747749e-08 0.512
|  LS: AG 5 ; 1.69902759e-08 0.4096
|  LS: AG 6 ; 1.64589302e-08 0.32768
|  LS: AG 7 ; 1.60453095e-08 0.262144
|  LS: AG 8 ; 1.5722335e-08 0.2097152
NL: Newton 126 ; 1.5722335e-08 5.67509707e-09
|  LS: AG 1 ; 1.34201083e-08 1
|  LS: AG 2 ; 1.37311851e-08 0.8
|  LS: AG 3 ; 1.40389602e-08 0.64
|  LS: AG 4 ; 1.4320461e-08 0.512
|  LS: AG 5 ; 1.45669274e-08 0.4096
|  LS: AG 6 ; 1.47770239e-08 0.32768
|  LS: AG 7 ; 1.495302e-08 0.262144
|  LS: AG 8 ; 1.50987056e-08 0.2097152
NL: Newton 127 ; 1.50987056e-08 5.44999327e-09
NL: Newton 128 ; 7.0695581e-09 2.55181106e-09
|  LS: AG 1 ; 1.87688604e-08 1
|  LS: AG 2 ; 1.37735334e-08 0.8
|  LS: AG 3 ; 9.81931149e-09 0.64
|  LS: AG 4 ; 6.73127132e-09 0.512
|  LS: AG 5 ; 4.413436e-09 0.4096
NL: Newton 129 ; 4.413436e-09 1.59306347e-09
NL: Newton Converged
