
==
PG
==
NL: Newton 0 ; 5.44074773 1
NL: Newton 1 ; 0.53657719 0.0986219573
|  LS: AG 1 ; 2.8506886 1
|  LS: AG 2 ; 1.97796172 0.8
|  LS: AG 3 ; 1.41578463 0.64
|  LS: AG 4 ; 1.05465358 0.512
|  LS: AG 5 ; 0.825230587 0.4096
|  LS: AG 6 ; 0.682935477 0.32768
|  LS: AG 7 ; 0.598071702 0.262144
|  LS: AG 8 ; 0.55016862 0.2097152
NL: Newton 2 ; 0.55016862 0.101120038
|  LS: AG 1 ; 2.20666538 1
|  LS: AG 2 ; 1.61019192 0.8
|  LS: AG 3 ; 1.23446534 0.64
|  LS: AG 4 ; 0.997537828 0.512
|  LS: AG 5 ; 0.847104757 0.4096
|  LS: AG 6 ; 0.750379856 0.32768
|  LS: AG 7 ; 0.687193618 0.262144
|  LS: AG 8 ; 0.645242903 0.2097152
NL: Newton 3 ; 0.645242903 0.118594527
|  LS: AG 1 ; 1.72113652 1
|  LS: AG 2 ; 1.32433981 0.8
|  LS: AG 3 ; 1.08130006 0.64
|  LS: AG 4 ; 0.931755917 0.512
|  LS: AG 5 ; 0.838191379 0.4096
|  LS: AG 6 ; 0.778179362 0.32768
|  LS: AG 7 ; 0.738644156 0.262144
|  LS: AG 8 ; 0.711958619 0.2097152
NL: Newton 4 ; 0.711958619 0.13085676
|  LS: AG 1 ; 1.36274947 1
|  LS: AG 2 ; 1.10288263 0.8
|  LS: AG 3 ; 0.949893829 0.64
|  LS: AG 4 ; 0.859628513 0.512
|  LS: AG 5 ; 0.805523403 0.4096
|  LS: AG 6 ; 0.772348228 0.32768
|  LS: AG 7 ; 0.751537489 0.262144
|  LS: AG 8 ; 0.738229089 0.2097152
NL: Newton 5 ; 0.738229089 0.135685227
|  LS: AG 1 ; 1.09976246 1
|  LS: AG 2 ; 0.929013428 0.8
|  LS: AG 3 ; 0.834819668 0.64
|  LS: AG 4 ; 0.783829752 0.512
|  LS: AG 5 ; 0.756565692 0.4096
|  LS: AG 6 ; 0.742250729 0.32768
|  LS: AG 7 ; 0.735038689 0.262144
|  LS: AG 8 ; 0.731738766 0.2097152
NL: Newton 6 ; 0.731738766 0.134492316
|  LS: AG 1 ; 0.90362632 1
|  LS: AG 2 ; 0.788797651 0.8
|  LS: AG 3 ; 0.732153377 0.64
|  LS: AG 4 ; 0.706842189 0.512
|  LS: AG 5 ; 0.697547212 0.4096
|  LS: AG 6 ; 0.696107217 0.32768
|  LS: AG 7 ; 0.698309128 0.262144
|  LS: AG 8 ; 0.702002525 0.2097152
NL: Newton 7 ; 0.702002525 0.129026847
|  LS: AG 1 ; 0.753238722 1
|  LS: AG 2 ; 0.672821093 0.8
|  LS: AG 3 ; 0.639816214 0.64
|  LS: AG 4 ; 0.63101166 0.512
|  LS: AG 5 ; 0.633428692 0.4096
NL: Newton 8 ; 0.633428692 0.116423095
|  LS: AG 1 ; 0.531530136 1
|  LS: AG 2 ; 0.489392035 0.8
NL: Newton 9 ; 0.489392035 0.0899494076
|  LS: AG 1 ; 0.468441895 1
|  LS: AG 2 ; 0.380532729 0.8
NL: Newton 10 ; 0.380532729 0.0699412558
|  LS: AG 1 ; 0.99354345 1
|  LS: AG 2 ; 0.746462235 0.8
|  LS: AG 3 ; 0.569700879 0.64
|  LS: AG 4 ; 0.447049247 0.512
|  LS: AG 5 ; 0.367715956 0.4096
|  LS: AG 6 ; 0.3227928 0.32768
NL: Newton 11 ; 0.3227928 0.059328757
|  LS: AG 1 ; 0.985114003 1
|  LS: AG 2 ; 0.816560342 0.8
|  LS: AG 3 ; 0.687716333 0.64
|  LS: AG 4 ; 0.589719618 0.512
|  LS: AG 5 ; 0.515979911 0.4096
|  LS: AG 6 ; 0.461288692 0.32768
|  LS: AG 7 ; 0.421366574 0.262144
|  LS: AG 8 ; 0.392663856 0.2097152
NL: Newton 12 ; 0.392663856 0.072170936
|  LS: AG 1 ; 0.590506443 1
|  LS: AG 2 ; 0.545568246 0.8
|  LS: AG 3 ; 0.511088845 0.64
|  LS: AG 4 ; 0.48414142 0.512
|  LS: AG 5 ; 0.463093876 0.4096
|  LS: AG 6 ; 0.446775177 0.32768
|  LS: AG 7 ; 0.434221998 0.262144
|  LS: AG 8 ; 0.424621161 0.2097152
NL: Newton 13 ; 0.424621161 0.0780446332
NL: Newton 14 ; 0.293711109 0.0539835926
|  LS: AG 1 ; 0.579849403 1
|  LS: AG 2 ; 0.428329376 0.8
|  LS: AG 3 ; 0.304539341 0.64
|  LS: AG 4 ; 0.206187571 0.512
NL: Newton 15 ; 0.206187571 0.037896918
|  LS: AG 1 ; 0.424147442 1
|  LS: AG 2 ; 0.36368836 0.8
|  LS: AG 3 ; 0.320979775 0.64
|  LS: AG 4 ; 0.290560577 0.512
|  LS: AG 5 ; 0.268728415 0.4096
|  LS: AG 6 ; 0.252938958 0.32768
|  LS: AG 7 ; 0.241427499 0.262144
|  LS: AG 8 ; 0.232963137 0.2097152
NL: Newton 16 ; 0.232963137 0.0428182207
|  LS: AG 1 ; 0.31298783 1
|  LS: AG 2 ; 0.282923301 0.8
|  LS: AG 3 ; 0.264040196 0.64
|  LS: AG 4 ; 0.252215722 0.512
|  LS: AG 5 ; 0.244827381 0.4096
|  LS: AG 6 ; 0.240220534 0.32768
|  LS: AG 7 ; 0.237355877 0.262144
|  LS: AG 8 ; 0.23558169 0.2097152
NL: Newton 17 ; 0.23558169 0.0432995062
|  LS: AG 1 ; 0.189440432 1
|  LS: AG 2 ; 0.187771228 0.8
NL: Newton 18 ; 0.187771228 0.0345120261
|  LS: AG 1 ; 0.415816577 1
|  LS: AG 2 ; 0.294804715 0.8
|  LS: AG 3 ; 0.204009257 0.64
|  LS: AG 4 ; 0.138394787 0.512
NL: Newton 19 ; 0.138394787 0.0254367218
|  LS: AG 1 ; 0.454494265 1
|  LS: AG 2 ; 0.390532162 0.8
|  LS: AG 3 ; 0.338517257 0.64
|  LS: AG 4 ; 0.296488288 0.512
|  LS: AG 5 ; 0.262785773 0.4096
|  LS: AG 6 ; 0.235968102 0.32768
|  LS: AG 7 ; 0.214779996 0.262144
|  LS: AG 8 ; 0.19813943 0.2097152
NL: Newton 20 ; 0.19813943 0.0364176838
|  LS: AG 1 ; 0.267001168 1
|  LS: AG 2 ; 0.25365859 0.8
|  LS: AG 3 ; 0.24308995 0.64
|  LS: AG 4 ; 0.234480975 0.512
|  LS: AG 5 ; 0.227431004 0.4096
|  LS: AG 6 ; 0.221678022 0.32768
|  LS: AG 7 ; 0.217010281 0.262144
|  LS: AG 8 ; 0.213243207 0.2097152
NL: Newton 21 ; 0.213243207 0.0391937316
NL: Newton 22 ; 0.130624961 0.0240086414
|  LS: AG 1 ; 0.359306456 1
|  LS: AG 2 ; 0.271826079 0.8
|  LS: AG 3 ; 0.201520786 0.64
|  LS: AG 4 ; 0.146161263 0.512
|  LS: AG 5 ; 0.104491085 0.4096
NL: Newton 23 ; 0.104491085 0.0192052803
|  LS: AG 1 ; 0.291771202 1
|  LS: AG 2 ; 0.246237404 0.8
|  LS: AG 3 ; 0.212100764 0.64
|  LS: AG 4 ; 0.186414079 0.512
|  LS: AG 5 ; 0.167041237 0.4096
|  LS: AG 6 ; 0.152405157 0.32768
|  LS: AG 7 ; 0.141327363 0.262144
|  LS: AG 8 ; 0.132922495 0.2097152
NL: Newton 24 ; 0.132922495 0.0244309242
|  LS: AG 1 ; 0.224678299 1
|  LS: AG 2 ; 0.19919607 0.8
|  LS: AG 3 ; 0.18123078 0.64
|  LS: AG 4 ; 0.168466181 0.512
|  LS: AG 5 ; 0.159321798 0.4096
|  LS: AG 6 ; 0.152712321 0.32768
|  LS: AG 7 ; 0.14788943 0.262144
|  LS: AG 8 ; 0.144335365 0.2097152
NL: Newton 25 ; 0.144335365 0.0265285898
|  LS: AG 1 ; 0.147860423 1
|  LS: AG 2 ; 0.140945863 0.8
|  LS: AG 3 ; 0.137747027 0.64
|  LS: AG 4 ; 0.136659877 0.512
|  LS: AG 5 ; 0.136704114 0.4096
|  LS: AG 6 ; 0.137303756 0.32768
|  LS: AG 7 ; 0.138131965 0.262144
|  LS: AG 8 ; 0.139010501 0.2097152
NL: Newton 26 ; 0.139010501 0.025549889
NL: Newton 27 ; 0.0753078479 0.0138414519
|  LS: AG 1 ; 0.332176135 1
|  LS: AG 2 ; 0.254596908 0.8
|  LS: AG 3 ; 0.19405603 0.64
|  LS: AG 4 ; 0.147125643 0.512
|  LS: AG 5 ; 0.11133567 0.4096
|  LS: AG 6 ; 0.0849940087 0.32768
|  LS: AG 7 ; 0.0669972148 0.262144
NL: Newton 28 ; 0.0669972148 0.0123139719
|  LS: AG 1 ; 0.273259075 1
|  LS: AG 2 ; 0.229311997 0.8
|  LS: AG 3 ; 0.194002158 0.64
|  LS: AG 4 ; 0.16583856 0.512
|  LS: AG 5 ; 0.143548461 0.4096
|  LS: AG 6 ; 0.126048358 0.32768
|  LS: AG 7 ; 0.112418265 0.262144
|  LS: AG 8 ; 0.101880717 0.2097152
NL: Newton 29 ; 0.101880717 0.0187254992
|  LS: AG 1 ; 0.18354798 1
|  LS: AG 2 ; 0.16702208 0.8
|  LS: AG 3 ; 0.153599416 0.64
|  LS: AG 4 ; 0.142802785 0.512
|  LS: AG 5 ; 0.134191609 0.4096
|  LS: AG 6 ; 0.127368148 0.32768
|  LS: AG 7 ; 0.121985254 0.262144
|  LS: AG 8 ; 0.117749601 0.2097152
NL: Newton 30 ; 0.117749601 0.0216421726
|  LS: AG 1 ; 0.102384506 1
|  LS: AG 2 ; 0.103777271 0.8
|  LS: AG 3 ; 0.105674947 0.64
|  LS: AG 4 ; 0.107594645 0.512
|  LS: AG 5 ; 0.109343284 0.4096
|  LS: AG 6 ; 0.110859174 0.32768
|  LS: AG 7 ; 0.112138304 0.262144
|  LS: AG 8 ; 0.113200367 0.2097152
NL: Newton 31 ; 0.113200367 0.0208060312
NL: Newton 32 ; 0.0466343662 0.00857131565
|  LS: AG 1 ; 0.204021475 1
|  LS: AG 2 ; 0.159139866 0.8
|  LS: AG 3 ; 0.123518886 0.64
|  LS: AG 4 ; 0.0955484042 0.512
|  LS: AG 5 ; 0.0739956937 0.4096
|  LS: AG 6 ; 0.0579507199 0.32768
|  LS: AG 7 ; 0.0467404361 0.262144
|  LS: AG 8 ; 0.0397584977 0.2097152
NL: Newton 33 ; 0.0397584977 0.00730754295
|  LS: AG 1 ; 0.175633339 1
|  LS: AG 2 ; 0.144238451 0.8
|  LS: AG 3 ; 0.119730559 0.64
|  LS: AG 4 ; 0.100662379 0.512
|  LS: AG 5 ; 0.0859044144 0.4096
|  LS: AG 6 ; 0.074561524 0.32768
|  LS: AG 7 ; 0.0659136723 0.262144
|  LS: AG 8 ; 0.0593754 0.2097152
NL: Newton 34 ; 0.0593754 0.0109130956
|  LS: AG 1 ; 0.136901704 1
|  LS: AG 2 ; 0.118578677 0.8
|  LS: AG 3 ; 0.10467395 0.64
|  LS: AG 4 ; 0.0941122194 0.512
|  LS: AG 5 ; 0.0860843719 0.4096
|  LS: AG 6 ; 0.0799762626 0.32768
|  LS: AG 7 ; 0.0753206315 0.262144
|  LS: AG 8 ; 0.0717627469 0.2097152
NL: Newton 35 ; 0.0717627469 0.0131898685
|  LS: AG 1 ; 0.0920843866 1
|  LS: AG 2 ; 0.0855772025 0.8
|  LS: AG 3 ; 0.081175735 0.64
|  LS: AG 4 ; 0.0782091737 0.512
|  LS: AG 5 ; 0.0762105248 0.4096
|  LS: AG 6 ; 0.0748603713 0.32768
|  LS: AG 7 ; 0.0739433815 0.262144
|  LS: AG 8 ; 0.0733158288 0.2097152
NL: Newton 36 ; 0.0733158288 0.0134753222
NL: Newton 37 ; 0.0487439331 0.00895905039
|  LS: AG 1 ; 0.171148501 1
|  LS: AG 2 ; 0.128870647 0.8
|  LS: AG 3 ; 0.09580415 0.64
|  LS: AG 4 ; 0.0702118567 0.512
|  LS: AG 5 ; 0.0509210211 0.4096
|  LS: AG 6 ; 0.0373124256 0.32768
NL: Newton 38 ; 0.0373124256 0.00685795913
|  LS: AG 1 ; 0.145406634 1
|  LS: AG 2 ; 0.122248322 0.8
|  LS: AG 3 ; 0.103744242 0.64
|  LS: AG 4 ; 0.0890506742 0.512
|  LS: AG 5 ; 0.0774592508 0.4096
|  LS: AG 6 ; 0.0683762485 0.32768
|  LS: AG 7 ; 0.06130497 0.262144
|  LS: AG 8 ; 0.0558316897 0.2097152
NL: Newton 39 ; 0.0558316897 0.0102617678
|  LS: AG 1 ; 0.0990821454 1
|  LS: AG 2 ; 0.0898731544 0.8
|  LS: AG 3 ; 0.0825536843 0.64
|  LS: AG 4 ; 0.0767782347 0.512
|  LS: AG 5 ; 0.0722462676 0.4096
|  LS: AG 6 ; 0.0687029624 0.32768
|  LS: AG 7 ; 0.065937694 0.262144
|  LS: AG 8 ; 0.0637802298 0.2097152
NL: Newton 40 ; 0.0637802298 0.0117226956
|  LS: AG 1 ; 0.0556459657 1
|  LS: AG 2 ; 0.0560502856 0.8
|  LS: AG 3 ; 0.0568776782 0.64
|  LS: AG 4 ; 0.0578317111 0.512
|  LS: AG 5 ; 0.0587653722 0.4096
|  LS: AG 6 ; 0.0596129031 0.32768
|  LS: AG 7 ; 0.0603510701 0.262144
NL: Newton 41 ; 0.0603510701 0.011092422
NL: Newton 42 ; 0.0220266186 0.0040484543
|  LS: AG 1 ; 0.119728607 1
|  LS: AG 2 ; 0.095365764 0.8
|  LS: AG 3 ; 0.0761089105 0.64
|  LS: AG 4 ; 0.0609928077 0.512
|  LS: AG 5 ; 0.0492570101 0.4096
|  LS: AG 6 ; 0.0402999863 0.32768
|  LS: AG 7 ; 0.0336362972 0.262144
|  LS: AG 8 ; 0.028855225 0.2097152
NL: Newton 43 ; 0.028855225 0.00530354032
|  LS: AG 1 ; 0.0984860094 1
|  LS: AG 2 ; 0.0827906043 0.8
|  LS: AG 3 ; 0.070554043 0.64
|  LS: AG 4 ; 0.0610382147 0.512
|  LS: AG 5 ; 0.0536632465 0.4096
|  LS: AG 6 ; 0.0479688835 0.32768
|  LS: AG 7 ; 0.0435875885 0.262144
|  LS: AG 8 ; 0.040225735 0.2097152
NL: Newton 44 ; 0.040225735 0.00739342035
|  LS: AG 1 ; 0.07141546 1
|  LS: AG 2 ; 0.0638660978 0.8
|  LS: AG 3 ; 0.0581911247 0.64
|  LS: AG 4 ; 0.0539248512 0.512
|  LS: AG 5 ; 0.050714127 0.4096
|  LS: AG 6 ; 0.0482920915 0.32768
|  LS: AG 7 ; 0.0464584489 0.262144
|  LS: AG 8 ; 0.0450639259 0.2097152
NL: Newton 45 ; 0.0450639259 0.00828267145
|  LS: AG 1 ; 0.0429810283 1
|  LS: AG 2 ; 0.0420555499 0.8
|  LS: AG 3 ; 0.041802707 0.64
|  LS: AG 4 ; 0.0419172501 0.512
|  LS: AG 5 ; 0.0422098401 0.4096
|  LS: AG 6 ; 0.0425698947 0.32768
|  LS: AG 7 ; 0.0429365919 0.262144
|  LS: AG 8 ; 0.0432790527 0.2097152
NL: Newton 46 ; 0.0432790527 0.00795461484
NL: Newton 47 ; 0.0200176157 0.00367920306
|  LS: AG 1 ; 0.0981021211 1
|  LS: AG 2 ; 0.0763720843 0.8
|  LS: AG 3 ; 0.059224118 0.64
|  LS: AG 4 ; 0.0457915669 0.512
|  LS: AG 5 ; 0.0354161457 0.4096
|  LS: AG 6 ; 0.0276109471 0.32768
|  LS: AG 7 ; 0.0220208044 0.262144
|  LS: AG 8 ; 0.0183585078 0.2097152
NL: Newton 48 ; 0.0183585078 0.0033742619
|  LS: AG 1 ; 0.0819677675 1
|  LS: AG 2 ; 0.0679686681 0.8
|  LS: AG 3 ; 0.056848463 0.64
|  LS: AG 4 ; 0.0480635148 0.512
|  LS: AG 5 ; 0.0411682554 0.4096
|  LS: AG 6 ; 0.0357960182 0.32768
|  LS: AG 7 ; 0.0316435211 0.262144
|  LS: AG 8 ; 0.0284590961 0.2097152
NL: Newton 49 ; 0.0284590961 0.00523073251
|  LS: AG 1 ; 0.058871904 1
|  LS: AG 2 ; 0.0522903633 0.8
|  LS: AG 3 ; 0.0470931894 0.64
|  LS: AG 4 ; 0.0430135897 0.512
|  LS: AG 5 ; 0.0398262078 0.4096
|  LS: AG 6 ; 0.0373438562 0.32768
|  LS: AG 7 ; 0.035413782 0.262144
|  LS: AG 8 ; 0.0339134552 0.2097152
NL: Newton 50 ; 0.0339134552 0.00623323427
|  LS: AG 1 ; 0.035367416 1
|  LS: AG 2 ; 0.0344536474 0.8
|  LS: AG 3 ; 0.0339376135 0.64
|  LS: AG 4 ; 0.0336684491 0.512
|  LS: AG 5 ; 0.0335473412 0.4096
|  LS: AG 6 ; 0.0335115224 0.32768
|  LS: AG 7 ; 0.0335221629 0.262144
|  LS: AG 8 ; 0.0335558574 0.2097152
NL: Newton 51 ; 0.0335558574 0.00616750841
NL: Newton 52 ; 0.0166963773 0.00306876519
|  LS: AG 1 ; 0.0686426669 1
|  LS: AG 2 ; 0.0529707613 0.8
|  LS: AG 3 ; 0.0405527782 0.64
|  LS: AG 4 ; 0.0308173468 0.512
|  LS: AG 5 ; 0.0233386407 0.4096
|  LS: AG 6 ; 0.0178236095 0.32768
|  LS: AG 7 ; 0.0140852485 0.262144
NL: Newton 53 ; 0.0140852485 0.00258884425
|  LS: AG 1 ; 0.057151737 1
|  LS: AG 2 ; 0.047501277 0.8
|  LS: AG 3 ; 0.0399153717 0.64
|  LS: AG 4 ; 0.0339759529 0.512
|  LS: AG 5 ; 0.0293493238 0.4096
|  LS: AG 6 ; 0.0257666477 0.32768
|  LS: AG 7 ; 0.0230096455 0.262144
|  LS: AG 8 ; 0.0209004531 0.2097152
NL: Newton 54 ; 0.0209004531 0.00384146703
|  LS: AG 1 ; 0.0421144208 1
|  LS: AG 2 ; 0.0372335 0.8
|  LS: AG 3 ; 0.0334827867 0.64
|  LS: AG 4 ; 0.0306062286 0.512
|  LS: AG 5 ; 0.0284027493 0.4096
|  LS: AG 6 ; 0.0267150271 0.32768
|  LS: AG 7 ; 0.0254209012 0.262144
|  LS: AG 8 ; 0.0244263709 0.2097152
NL: Newton 55 ; 0.0244263709 0.00448952461
|  LS: AG 1 ; 0.0260757556 1
|  LS: AG 2 ; 0.025110867 0.8
|  LS: AG 3 ; 0.0245550659 0.64
|  LS: AG 4 ; 0.0242573774 0.512
|  LS: AG 5 ; 0.0241163597 0.4096
|  LS: AG 6 ; 0.0240666103 0.32768
|  LS: AG 7 ; 0.0240673263 0.262144
|  LS: AG 8 ; 0.0240937785 0.2097152
NL: Newton 56 ; 0.0240937785 0.00442839471
NL: Newton 57 ; 0.0125025671 0.00229795015
|  LS: AG 1 ; 0.0532963341 1
|  LS: AG 2 ; 0.0410431773 0.8
|  LS: AG 3 ; 0.0313745475 0.64
|  LS: AG 4 ; 0.0238141762 0.512
|  LS: AG 5 ; 0.0180096214 0.4096
|  LS: AG 6 ; 0.0137176753 0.32768
|  LS: AG 7 ; 0.0107830821 0.262144
NL: Newton 58 ; 0.0107830821 0.0019819118
|  LS: AG 1 ; 0.044022637 1
|  LS: AG 2 ; 0.0367234734 0.8
|  LS: AG 3 ; 0.0309388825 0.64
|  LS: AG 4 ; 0.0263780515 0.512
|  LS: AG 5 ; 0.0228033051 0.4096
|  LS: AG 6 ; 0.0200195831 0.32768
|  LS: AG 7 ; 0.0178662022 0.262144
|  LS: AG 8 ; 0.0162107191 0.2097152
NL: Newton 59 ; 0.0162107191 0.00297950206
|  LS: AG 1 ; 0.031357517 1
|  LS: AG 2 ; 0.028006182 0.8
|  LS: AG 3 ; 0.0253851538 0.64
|  LS: AG 4 ; 0.023345351 0.512
|  LS: AG 5 ; 0.0217634994 0.4096
|  LS: AG 6 ; 0.0205392281 0.32768
|  LS: AG 7 ; 0.0195921414 0.262144
|  LS: AG 8 ; 0.0188588342 0.2097152
NL: Newton 60 ; 0.0188588342 0.00346622103
|  LS: AG 1 ; 0.0185847239 1
|  LS: AG 2 ; 0.0182376742 0.8
|  LS: AG 3 ; 0.0181038893 0.64
|  LS: AG 4 ; 0.0180908722 0.512
|  LS: AG 5 ; 0.0181407061 0.4096
|  LS: AG 6 ; 0.0182187889 0.32768
|  LS: AG 7 ; 0.018305386 0.262144
|  LS: AG 8 ; 0.0183898817 0.2097152
NL: Newton 61 ; 0.0183898817 0.00338002837
NL: Newton 62 ; 0.00862890919 0.00158597855
|  LS: AG 1 ; 0.0385727278 1
|  LS: AG 2 ; 0.0299345411 0.8
|  LS: AG 3 ; 0.023095883 0.64
|  LS: AG 4 ; 0.0177322157 0.512
|  LS: AG 5 ; 0.0135976513 0.4096
|  LS: AG 6 ; 0.0105144161 0.32768
|  LS: AG 7 ; 0.00835791181 0.262144
|  LS: AG 8 ; 0.00702355236 0.2097152
NL: Newton 63 ; 0.00702355236 0.00129091675
|  LS: AG 1 ; 0.0329307632 1
|  LS: AG 2 ; 0.0270861295 0.8
|  LS: AG 3 ; 0.0224744574 0.64
|  LS: AG 4 ; 0.0188526776 0.512
|  LS: AG 5 ; 0.0160259413 0.4096
|  LS: AG 6 ; 0.0138366431 0.32768
|  LS: AG 7 ; 0.0121559622 0.262144
|  LS: AG 8 ; 0.010877678 0.2097152
NL: Newton 64 ; 0.010877678 0.00199929835
|  LS: AG 1 ; 0.0247469471 1
|  LS: AG 2 ; 0.0216374072 0.8
|  LS: AG 3 ; 0.019220134 0.64
|  LS: AG 4 ; 0.01734666 0.512
|  LS: AG 5 ; 0.0158982861 0.4096
|  LS: AG 6 ; 0.0147803541 0.32768
|  LS: AG 7 ; 0.0139178846 0.262144
|  LS: AG 8 ; 0.0132520374 0.2097152
NL: Newton 65 ; 0.0132520374 0.00243570149
|  LS: AG 1 ; 0.0157747649 1
|  LS: AG 2 ; 0.0149560513 0.8
|  LS: AG 3 ; 0.0144008365 0.64
|  LS: AG 4 ; 0.0140275752 0.512
|  LS: AG 5 ; 0.0137777809 0.4096
|  LS: AG 6 ; 0.0136107751 0.32768
|  LS: AG 7 ; 0.0134988923 0.262144
|  LS: AG 8 ; 0.0134235993 0.2097152
NL: Newton 66 ; 0.0134235993 0.00246723429
NL: Newton 67 ; 0.00787204557 0.00144686833
|  LS: AG 1 ; 0.029348118 1
|  LS: AG 2 ; 0.0223641816 0.8
|  LS: AG 3 ; 0.0168547297 0.64
|  LS: AG 4 ; 0.0125561321 0.512
|  LS: AG 5 ; 0.00928103297 0.4096
|  LS: AG 6 ; 0.00691599965 0.32768
NL: Newton 68 ; 0.00691599965 0.00127114874
|  LS: AG 1 ; 0.0240343362 1
|  LS: AG 2 ; 0.0202947897 0.8
|  LS: AG 3 ; 0.0173381309 0.64
|  LS: AG 4 ; 0.0150115988 0.512
|  LS: AG 5 ; 0.0131903114 0.4096
|  LS: AG 6 ; 0.01177193 0.32768
|  LS: AG 7 ; 0.0106725814 0.262144
|  LS: AG 8 ; 0.00982379651 0.2097152
NL: Newton 69 ; 0.00982379651 0.00180559676
|  LS: AG 1 ; 0.0166761928 1
|  LS: AG 2 ; 0.0151091696 0.8
|  LS: AG 3 ; 0.0139002982 0.64
|  LS: AG 4 ; 0.0129714727 0.512
|  LS: AG 5 ; 0.0122593944 0.4096
|  LS: AG 6 ; 0.0117136891 0.32768
|  LS: AG 7 ; 0.0112949609 0.262144
|  LS: AG 8 ; 0.0109728518 0.2097152
NL: Newton 70 ; 0.0109728518 0.00201679113
|  LS: AG 1 ; 0.00950082715 1
|  LS: AG 2 ; 0.00952316708 0.8
|  LS: AG 3 ; 0.00964674618 0.64
|  LS: AG 4 ; 0.00981057558 0.512
NL: Newton 71 ; 0.00981057558 0.00180316678
|  LS: AG 1 ; 0.00849169996 1
|  LS: AG 2 ; 0.00526849843 0.8
NL: Newton 72 ; 0.00526849843 0.000968340877
|  LS: AG 1 ; 0.0180123985 1
|  LS: AG 2 ; 0.0151976503 0.8
|  LS: AG 3 ; 0.012982948 0.64
|  LS: AG 4 ; 0.0112474682 0.512
|  LS: AG 5 ; 0.00989374745 0.4096
|  LS: AG 6 ; 0.00884276713 0.32768
|  LS: AG 7 ; 0.00803033834 0.262144
|  LS: AG 8 ; 0.0074044594 0.2097152
NL: Newton 73 ; 0.0074044594 0.0013609268
|  LS: AG 1 ; 0.0126675437 1
|  LS: AG 2 ; 0.0114363798 0.8
|  LS: AG 3 ; 0.0104959108 0.64
|  LS: AG 4 ; 0.00977945142 0.512
|  LS: AG 5 ; 0.00923423993 0.4096
|  LS: AG 6 ; 0.00881908934 0.32768
|  LS: AG 7 ; 0.00850229484 0.262144
|  LS: AG 8 ; 0.00825974772 0.2097152
NL: Newton 74 ; 0.00825974772 0.00151812731
|  LS: AG 1 ; 0.00733407456 1
|  LS: AG 2 ; 0.00730116743 0.8
|  LS: AG 3 ; 0.00735738104 0.64
|  LS: AG 4 ; 0.00745424728 0.512
|  LS: AG 5 ; 0.00756378189 0.4096
NL: Newton 75 ; 0.00756378189 0.00139021
NL: Newton 76 ; 0.00434243621 0.000798132247
|  LS: AG 1 ; 0.0163956835 1
|  LS: AG 2 ; 0.0137482186 0.8
|  LS: AG 3 ; 0.0116554345 0.64
|  LS: AG 4 ; 0.0100089135 0.512
|  LS: AG 5 ; 0.00872042326 0.4096
|  LS: AG 6 ; 0.00771784519 0.32768
|  LS: AG 7 ; 0.00694207217 0.262144
|  LS: AG 8 ; 0.00634471917 0.2097152
NL: Newton 77 ; 0.00634471917 0.00116614838
|  LS: AG 1 ; 0.0116057293 1
|  LS: AG 2 ; 0.0104168386 0.8
|  LS: AG 3 ; 0.00949543753 0.64
|  LS: AG 4 ; 0.00878419361 0.512
|  LS: AG 5 ; 0.00823655527 0.4096
|  LS: AG 6 ; 0.00781527257 0.32768
|  LS: AG 7 ; 0.00749099289 0.262144
|  LS: AG 8 ; 0.00724091036 0.2097152
NL: Newton 78 ; 0.00724091036 0.00133086677
|  LS: AG 1 ; 0.00680400955 1
|  LS: AG 2 ; 0.00672130931 0.8
|  LS: AG 3 ; 0.0067176973 0.64
|  LS: AG 4 ; 0.00675494834 0.512
|  LS: AG 5 ; 0.00681002383 0.4096
|  LS: AG 6 ; 0.00686986667 0.32768
|  LS: AG 7 ; 0.00692757479 0.262144
|  LS: AG 8 ; 0.00697987511 0.2097152
NL: Newton 79 ; 0.00697987511 0.00128288894
NL: Newton 80 ; 0.00313128267 0.000575524326
|  LS: AG 1 ; 0.0148503965 1
|  LS: AG 2 ; 0.0115741804 0.8
|  LS: AG 3 ; 0.00898182917 0.64
|  LS: AG 4 ; 0.00694800634 0.512
|  LS: AG 5 ; 0.00537686211 0.4096
|  LS: AG 6 ; 0.00419730382 0.32768
|  LS: AG 7 ; 0.00335723762 0.262144
|  LS: AG 8 ; 0.00281341814 0.2097152
NL: Newton 81 ; 0.00281341814 0.000517101376
|  LS: AG 1 ; 0.0125338735 1
|  LS: AG 2 ; 0.0103606172 0.8
|  LS: AG 3 ; 0.00864451637 0.64
|  LS: AG 4 ; 0.00729575805 0.512
|  LS: AG 5 ; 0.00624201217 0.4096
|  LS: AG 6 ; 0.00542456974 0.32768
|  LS: AG 7 ; 0.00479537909 0.262144
|  LS: AG 8 ; 0.00431488408 0.2097152
NL: Newton 82 ; 0.00431488408 0.000793068212
|  LS: AG 1 ; 0.00926089352 1
|  LS: AG 2 ; 0.00815390787 0.8
|  LS: AG 3 ; 0.00729271719 0.64
|  LS: AG 4 ; 0.00662506066 0.512
|  LS: AG 5 ; 0.00610883176 0.4096
|  LS: AG 6 ; 0.00571031262 0.32768
|  LS: AG 7 ; 0.00540275871 0.262144
|  LS: AG 8 ; 0.00516519079 0.2097152
NL: Newton 83 ; 0.00516519079 0.000949353111
|  LS: AG 1 ; 0.00576552221 1
|  LS: AG 2 ; 0.005527294 0.8
|  LS: AG 3 ; 0.00537551767 0.64
|  LS: AG 4 ; 0.00528109965 0.512
|  LS: AG 5 ; 0.00522379395 0.4096
|  LS: AG 6 ; 0.0051900044 0.32768
|  LS: AG 7 ; 0.00517083876 0.262144
|  LS: AG 8 ; 0.00516059558 0.2097152
NL: Newton 84 ; 0.00516059558 0.00094850852
NL: Newton 85 ; 0.00279792663 0.000514254063
|  LS: AG 1 ; 0.0111623579 1
|  LS: AG 2 ; 0.00856239305 0.8
|  LS: AG 3 ; 0.00650848326 0.64
|  LS: AG 4 ; 0.0049025199 0.512
|  LS: AG 5 ; 0.00367284922 0.4096
|  LS: AG 6 ; 0.00277229653 0.32768
|  LS: AG 7 ; 0.00217379667 0.262144
NL: Newton 86 ; 0.00217379667 0.000399540059
|  LS: AG 1 ; 0.0093643118 1
|  LS: AG 2 ; 0.00776816566 0.8
|  LS: AG 3 ; 0.0065061862 0.64
|  LS: AG 4 ; 0.00551321381 0.512
|  LS: AG 5 ; 0.00473649898 0.4096
|  LS: AG 6 ; 0.00413305887 0.32768
|  LS: AG 7 ; 0.00366763782 0.262144
|  LS: AG 8 ; 0.00331121114 0.2097152
NL: Newton 87 ; 0.00331121114 0.000608594867
|  LS: AG 1 ; 0.00682313014 1
|  LS: AG 2 ; 0.00604051825 0.8
|  LS: AG 3 ; 0.00543047699 0.64
|  LS: AG 4 ; 0.00495685878 0.512
|  LS: AG 5 ; 0.00459025641 0.4096
|  LS: AG 6 ; 0.00430697536 0.32768
|  LS: AG 7 ; 0.00408815429 0.262144
|  LS: AG 8 ; 0.00391896988 0.2097152
NL: Newton 88 ; 0.00391896988 0.000720299869
|  LS: AG 1 ; 0.00416774106 1
|  LS: AG 2 ; 0.00403146577 0.8
|  LS: AG 3 ; 0.00395170532 0.64
|  LS: AG 4 ; 0.00390784767 0.512
|  LS: AG 5 ; 0.00388599804 0.4096
|  LS: AG 6 ; 0.00387714861 0.32768
|  LS: AG 7 ; 0.00387563704 0.262144
|  LS: AG 8 ; 0.00387799832 0.2097152
NL: Newton 89 ; 0.00387799832 0.000712769367
NL: Newton 90 ; 0.0019839952 0.000364654877
|  LS: AG 1 ; 0.00828973889 1
|  LS: AG 2 ; 0.00638898612 0.8
|  LS: AG 3 ; 0.00488589834 0.64
|  LS: AG 4 ; 0.00370895999 0.512
|  LS: AG 5 ; 0.00280507433 0.4096
|  LS: AG 6 ; 0.00213771565 0.32768
|  LS: AG 7 ; 0.00168370851 0.262144
NL: Newton 91 ; 0.00168370851 0.000309462706
|  LS: AG 1 ; 0.00688162839 1
|  LS: AG 2 ; 0.00572881931 0.8
|  LS: AG 3 ; 0.00481880736 0.64
|  LS: AG 4 ; 0.00410372139 0.512
|  LS: AG 5 ; 0.00354489886 0.4096
|  LS: AG 6 ; 0.00311090394 0.32768
|  LS: AG 7 ; 0.00277602745 0.262144
|  LS: AG 8 ; 0.00251919733 0.2097152
NL: Newton 92 ; 0.00251919733 0.000463024102
|  LS: AG 1 ; 0.00498957004 1
|  LS: AG 2 ; 0.00443238322 0.8
|  LS: AG 3 ; 0.00400035064 0.64
|  LS: AG 4 ; 0.00366651936 0.512
|  LS: AG 5 ; 0.00340918366 0.4096
|  LS: AG 6 ; 0.00321102526 0.32768
|  LS: AG 7 ; 0.00305838812 0.262144
|  LS: AG 8 ; 0.00294063409 0.2097152
NL: Newton 93 ; 0.00294063409 0.000540483448
|  LS: AG 1 ; 0.00302401966 1
|  LS: AG 2 ; 0.00293854005 0.8
|  LS: AG 3 ; 0.00289396148 0.64
|  LS: AG 4 ; 0.00287428752 0.512
|  LS: AG 5 ; 0.0028690099 0.4096
|  LS: AG 6 ; 0.00287152682 0.32768
|  LS: AG 7 ; 0.00287784423 0.262144
|  LS: AG 8 ; 0.00288563517 0.2097152
NL: Newton 94 ; 0.00288563517 0.000530374741
NL: Newton 95 ; 0.00142545952 0.000261996987
|  LS: AG 1 ; 0.00622166809 1
|  LS: AG 2 ; 0.00481003261 0.8
|  LS: AG 3 ; 0.00369406083 0.64
|  LS: AG 4 ; 0.00281994062 0.512
|  LS: AG 5 ; 0.0021473507 0.4096
|  LS: AG 6 ; 0.00164777849 0.32768
|  LS: AG 7 ; 0.00130208521 0.262144
NL: Newton 96 ; 0.00130208521 0.000239321004
|  LS: AG 1 ; 0.00511356525 1
|  LS: AG 2 ; 0.00427238288 0.8
|  LS: AG 3 ; 0.00360793012 0.64
|  LS: AG 4 ; 0.00308550221 0.512
|  LS: AG 5 ; 0.00267696592 0.4096
|  LS: AG 6 ; 0.00235938731 0.32768
|  LS: AG 7 ; 0.00211399092 0.262144
|  LS: AG 8 ; 0.00192539879 0.2097152
NL: Newton 97 ; 0.00192539879 0.000353884959
|  LS: AG 1 ; 0.00366302203 1
|  LS: AG 2 ; 0.00327080199 0.8
|  LS: AG 3 ; 0.00296673027 0.64
|  LS: AG 4 ; 0.00273187801 0.512
|  LS: AG 5 ; 0.00255093491 0.4096
|  LS: AG 6 ; 0.00241166491 0.32768
|  LS: AG 7 ; 0.00230442116 0.262144
|  LS: AG 8 ; 0.00222169776 0.2097152
NL: Newton 98 ; 0.00222169776 0.000408344197
|  LS: AG 1 ; 0.00218302136 1
|  LS: AG 2 ; 0.00213883401 0.8
|  LS: AG 3 ; 0.00212199557 0.64
|  LS: AG 4 ; 0.00212068868 0.512
|  LS: AG 5 ; 0.00212745529 0.4096
|  LS: AG 6 ; 0.0021378252 0.32768
|  LS: AG 7 ; 0.00214924869 0.262144
|  LS: AG 8 ; 0.00216035763 0.2097152
NL: Newton 99 ; 0.00216035763 0.000397069986
NL: Newton 100 ; 0.00101500158 0.000186555531
|  LS: AG 1 ; 0.00462745492 1
|  LS: AG 2 ; 0.00359251478 0.8
|  LS: AG 3 ; 0.00277390738 0.64
|  LS: AG 4 ; 0.00213212354 0.512
|  LS: AG 5 ; 0.0016372246 0.4096
|  LS: AG 6 ; 0.00126746222 0.32768
|  LS: AG 7 ; 0.00100747314 0.262144
|  LS: AG 8 ; 0.000844536235 0.2097152
NL: Newton 101 ; 0.000844536235 0.000155224296
|  LS: AG 1 ; 0.00393267088 1
|  LS: AG 2 ; 0.00323998382 0.8
|  LS: AG 3 ; 0.00269253352 0.64
|  LS: AG 4 ; 0.00226197451 0.512
|  LS: AG 5 ; 0.0019254684 0.4096
|  LS: AG 6 ; 0.0016644696 0.32768
|  LS: AG 7 ; 0.00146377848 0.262144
|  LS: AG 8 ; 0.00131084297 0.2097152
NL: Newton 102 ; 0.00131084297 0.000240930666
|  LS: AG 1 ; 0.00292383192 1
|  LS: AG 2 ; 0.0025653412 0.8
|  LS: AG 3 ; 0.00228555972 0.64
|  LS: AG 4 ; 0.00206802634 0.512
|  LS: AG 5 ; 0.00189940844 0.4096
|  LS: AG 6 ; 0.00176896966 0.32768
|  LS: AG 7 ; 0.00166814406 0.262144
|  LS: AG 8 ; 0.00159017311 0.2097152
NL: Newton 103 ; 0.00159017311 0.000292271061
|  LS: AG 1 ; 0.00183671179 1
|  LS: AG 2 ; 0.00175228486 0.8
|  LS: AG 3 ; 0.00169599585 0.64
|  LS: AG 4 ; 0.00165891878 0.512
|  LS: AG 5 ; 0.00163470346 0.4096
|  LS: AG 6 ; 0.00161897738 0.32768
|  LS: AG 7 ; 0.00160880018 0.262144
|  LS: AG 8 ; 0.00160222673 0.2097152
NL: Newton 104 ; 0.00160222673 0.000294486495
NL: Newton 105 ; 0.000902624717 0.000165900858
|  LS: AG 1 ; 0.00344908652 1
|  LS: AG 2 ; 0.00263696736 0.8
|  LS: AG 3 ; 0.00199538769 0.64
|  LS: AG 4 ; 0.00149404894 0.512
|  LS: AG 5 ; 0.00111112171 0.4096
|  LS: AG 6 ; 0.000832870631 0.32768
NL: Newton 106 ; 0.000832870631 0.000153080178
|  LS: AG 1 ; 0.00279766879 1
|  LS: AG 2 ; 0.00236648312 0.8
|  LS: AG 3 ; 0.00202647339 0.64
|  LS: AG 4 ; 0.00175953474 0.512
|  LS: AG 5 ; 0.00155095949 0.4096
|  LS: AG 6 ; 0.00138876053 0.32768
|  LS: AG 7 ; 0.0012631646 0.262144
|  LS: AG 8 ; 0.00116623507 0.2097152
NL: Newton 107 ; 0.00116623507 0.000214351984
|  LS: AG 1 ; 0.00194201034 1
|  LS: AG 2 ; 0.00176141051 0.8
|  LS: AG 3 ; 0.00162312605 0.64
|  LS: AG 4 ; 0.00151759122 0.512
|  LS: AG 5 ; 0.00143716746 0.4096
|  LS: AG 6 ; 0.0013758562 0.32768
|  LS: AG 7 ; 0.00132902213 0.262144
|  LS: AG 8 ; 0.00129313141 0.2097152
NL: Newton 108 ; 0.00129313141 0.000237675311
|  LS: AG 1 ; 0.00110465739 1
|  LS: AG 2 ; 0.00110850759 0.8
|  LS: AG 3 ; 0.00112476475 0.64
NL: Newton 109 ; 0.00112476475 0.00020672981
|  LS: AG 1 ; 0.00146157573 1
|  LS: AG 2 ; 0.000978873565 0.8
|  LS: AG 3 ; 0.000613919755 0.64
NL: Newton 110 ; 0.000613919755 0.000112837387
|  LS: AG 1 ; 0.00201887404 1
|  LS: AG 2 ; 0.00171024882 0.8
|  LS: AG 3 ; 0.00146708733 0.64
|  LS: AG 4 ; 0.00127632205 0.512
|  LS: AG 5 ; 0.00112735229 0.4096
|  LS: AG 6 ; 0.00101155057 0.32768
|  LS: AG 7 ; 0.000921894581 0.262144
|  LS: AG 8 ; 0.000852693169 0.2097152
NL: Newton 111 ; 0.000852693169 0.000156723526
|  LS: AG 1 ; 0.0013978502 1
|  LS: AG 2 ; 0.00126993903 0.8
|  LS: AG 3 ; 0.00117230971 0.64
|  LS: AG 4 ; 0.00109802338 0.512
|  LS: AG 5 ; 0.00104156588 0.4096
|  LS: AG 6 ; 0.000998628372 0.32768
|  LS: AG 7 ; 0.000965897392 0.262144
|  LS: AG 8 ; 0.000940858437 0.2097152
NL: Newton 112 ; 0.000940858437 0.000172928149
|  LS: AG 1 ; 0.000791721787 1
|  LS: AG 2 ; 0.000796364444 0.8
|  LS: AG 3 ; 0.000809961068 0.64
NL: Newton 113 ; 0.000809961068 0.00014886944
|  LS: AG 1 ; 0.00106926723 1
|  LS: AG 2 ; 0.00071796437 0.8
|  LS: AG 3 ; 0.000451913413 0.64
NL: Newton 114 ; 0.000451913413 8.30609017e-05
|  LS: AG 1 ; 0.00146374371 1
|  LS: AG 2 ; 0.00124175407 0.8
|  LS: AG 3 ; 0.00106681254 0.64
|  LS: AG 4 ; 0.000929542695 0.512
|  LS: AG 5 ; 0.000822327475 0.4096
|  LS: AG 6 ; 0.000738962274 0.32768
|  LS: AG 7 ; 0.000674395459 0.262144
|  LS: AG 8 ; 0.000624533891 0.2097152
NL: Newton 115 ; 0.000624533891 0.000114788246
|  LS: AG 1 ; 0.00100844055 1
|  LS: AG 2 ; 0.000918106563 0.8
|  LS: AG 3 ; 0.000849229232 0.64
|  LS: AG 4 ; 0.000796877188 0.512
|  LS: AG 5 ; 0.000757131515 0.4096
|  LS: AG 6 ; 0.00072693276 0.32768
|  LS: AG 7 ; 0.000703931673 0.262144
|  LS: AG 8 ; 0.00068634843 0.2097152
NL: Newton 116 ; 0.00068634843 0.000126149651
|  LS: AG 1 ; 0.000567093537 1
|  LS: AG 2 ; 0.0005723727 0.8
NL: Newton 117 ; 0.0005723727 0.00010520111
|  LS: AG 1 ; 0.00108724351 1
|  LS: AG 2 ; 0.000772724265 0.8
|  LS: AG 3 ; 0.000527371986 0.64
|  LS: AG 4 ; 0.00034399849 0.512
NL: Newton 118 ; 0.00034399849 6.32263259e-05
|  LS: AG 1 ; 0.00112029675 1
|  LS: AG 2 ; 0.000949846153 0.8
|  LS: AG 3 ; 0.000815552541 0.64
|  LS: AG 4 ; 0.000710198081 0.512
|  LS: AG 5 ; 0.000627925106 0.4096
|  LS: AG 6 ; 0.000563965482 0.32768
|  LS: AG 7 ; 0.000514438731 0.262144
|  LS: AG 8 ; 0.000476201196 0.2097152
NL: Newton 119 ; 0.000476201196 8.75249542e-05
|  LS: AG 1 ; 0.000773648752 1
|  LS: AG 2 ; 0.000703692242 0.8
|  LS: AG 3 ; 0.000650345937 0.64
|  LS: AG 4 ; 0.000609791382 0.512
|  LS: AG 5 ; 0.000578996197 0.4096
|  LS: AG 6 ; 0.000555593486 0.32768
|  LS: AG 7 ; 0.000537765571 0.262144
|  LS: AG 8 ; 0.000524134983 0.2097152
NL: Newton 120 ; 0.000524134983 9.63351011e-05
|  LS: AG 1 ; 0.000436488285 1
|  LS: AG 2 ; 0.000439876431 0.8
NL: Newton 121 ; 0.000439876431 8.08485253e-05
|  LS: AG 1 ; 0.000830282816 1
|  LS: AG 2 ; 0.00058950647 0.8
|  LS: AG 3 ; 0.000401779835 0.64
|  LS: AG 4 ; 0.000261669712 0.512
NL: Newton 122 ; 0.000261669712 4.80944393e-05
|  LS: AG 1 ; 0.000859740947 1
|  LS: AG 2 ; 0.000728477308 0.8
|  LS: AG 3 ; 0.000625021552 0.64
|  LS: AG 4 ; 0.000543834907 0.512
|  LS: AG 5 ; 0.000480419619 0.4096
|  LS: AG 6 ; 0.000431112253 0.32768
|  LS: AG 7 ; 0.0003929292 0.262144
|  LS: AG 8 ; 0.000363451309 0.2097152
NL: Newton 123 ; 0.000363451309 6.68017205e-05
|  LS: AG 1 ; 0.000594347495 1
|  LS: AG 2 ; 0.000540226712 0.8
|  LS: AG 3 ; 0.000498899347 0.64
|  LS: AG 4 ; 0.000467441267 0.512
|  LS: AG 5 ; 0.000443525497 0.4096
|  LS: AG 6 ; 0.000425331884 0.32768
|  LS: AG 7 ; 0.000411459715 0.262144
|  LS: AG 8 ; 0.000400845424 0.2097152
NL: Newton 124 ; 0.000400845424 7.3674694e-05
|  LS: AG 1 ; 0.000335930225 1
|  LS: AG 2 ; 0.000338198472 0.8
|  LS: AG 3 ; 0.000344231361 0.64
NL: Newton 125 ; 0.000344231361 6.32691273e-05
|  LS: AG 1 ; 0.000455789073 1
|  LS: AG 2 ; 0.000306244195 0.8
|  LS: AG 3 ; 0.000192900455 0.64
NL: Newton 126 ; 0.000192900455 3.54547692e-05
|  LS: AG 1 ; 0.000621590223 1
|  LS: AG 2 ; 0.000527489157 0.8
|  LS: AG 3 ; 0.000453355736 0.64
|  LS: AG 4 ; 0.000395202257 0.512
|  LS: AG 5 ; 0.000349791535 0.4096
|  LS: AG 6 ; 0.00031448835 0.32768
|  LS: AG 7 ; 0.000287148564 0.262144
|  LS: AG 8 ; 0.000266036041 0.2097152
NL: Newton 127 ; 0.000266036041 4.8896963e-05
|  LS: AG 1 ; 0.000428183071 1
|  LS: AG 2 ; 0.00038993678 0.8
|  LS: AG 3 ; 0.000360804229 0.64
|  LS: AG 4 ; 0.00033868171 0.512
|  LS: AG 5 ; 0.000321900287 0.4096
|  LS: AG 6 ; 0.000309159156 0.32768
|  LS: AG 7 ; 0.000299460986 0.262144
|  LS: AG 8 ; 0.000292051237 0.2097152
NL: Newton 128 ; 0.000292051237 5.36785111e-05
|  LS: AG 1 ; 0.000240686679 1
|  LS: AG 2 ; 0.000243010083 0.8
NL: Newton 129 ; 0.000243010083 4.46648319e-05
|  LS: AG 1 ; 0.000463031523 1
|  LS: AG 2 ; 0.000329183564 0.8
|  LS: AG 3 ; 0.000224779153 0.64
|  LS: AG 4 ; 0.000146730933 0.512
NL: Newton 130 ; 0.000146730933 2.69688912e-05
|  LS: AG 1 ; 0.000476784458 1
|  LS: AG 2 ; 0.000404349271 0.8
|  LS: AG 3 ; 0.000347270259 0.64
|  LS: AG 4 ; 0.000302485333 0.512
|  LS: AG 5 ; 0.000267507947 0.4096
|  LS: AG 6 ; 0.000240313165 0.32768
|  LS: AG 7 ; 0.000219252539 0.262144
|  LS: AG 8 ; 0.000202990403 0.2097152
NL: Newton 131 ; 0.000202990403 3.7309284e-05
|  LS: AG 1 ; 0.000328869483 1
|  LS: AG 2 ; 0.000299265644 0.8
|  LS: AG 3 ; 0.000276689396 0.64
|  LS: AG 4 ; 0.00025952627 0.512
|  LS: AG 5 ; 0.000246493421 0.4096
|  LS: AG 6 ; 0.000236589235 0.32768
|  LS: AG 7 ; 0.000229044418 0.262144
|  LS: AG 8 ; 0.000223275965 0.2097152
NL: Newton 132 ; 0.000223275965 4.10377353e-05
|  LS: AG 1 ; 0.0001852507 1
|  LS: AG 2 ; 0.000186827817 0.8
NL: Newton 133 ; 0.000186827817 3.43386288e-05
|  LS: AG 1 ; 0.000353621176 1
|  LS: AG 2 ; 0.000251190594 0.8
|  LS: AG 3 ; 0.000171306075 0.64
|  LS: AG 4 ; 0.000111644335 0.512
NL: Newton 134 ; 0.000111644335 2.05200352e-05
|  LS: AG 1 ; 0.000365293366 1
|  LS: AG 2 ; 0.000309607631 0.8
|  LS: AG 3 ; 0.000265727585 0.64
|  LS: AG 4 ; 0.000231298772 0.512
|  LS: AG 5 ; 0.00020441 0.4096
|  LS: AG 6 ; 0.000183505172 0.32768
|  LS: AG 7 ; 0.00016731747 0.262144
|  LS: AG 8 ; 0.000154820208 0.2097152
NL: Newton 135 ; 0.000154820208 2.84556858e-05
|  LS: AG 1 ; 0.000252439295 1
|  LS: AG 2 ; 0.000229518779 0.8
|  LS: AG 3 ; 0.000212028613 0.64
|  LS: AG 4 ; 0.000198723881 0.512
|  LS: AG 5 ; 0.000188615011 0.4096
|  LS: AG 6 ; 0.000180928821 0.32768
|  LS: AG 7 ; 0.000175070936 0.262144
|  LS: AG 8 ; 0.000170590493 0.2097152
NL: Newton 136 ; 0.000170590493 3.13542368e-05
|  LS: AG 1 ; 0.000142586102 1
|  LS: AG 2 ; 0.000143606109 0.8
|  LS: AG 3 ; 0.000146227816 0.64
NL: Newton 137 ; 0.000146227816 2.68764191e-05
|  LS: AG 1 ; 0.000194171038 1
|  LS: AG 2 ; 0.000130521543 0.8
|  LS: AG 3 ; 8.22687712e-05 0.64
NL: Newton 138 ; 8.22687712e-05 1.51208575e-05
|  LS: AG 1 ; 0.000264420659 1
|  LS: AG 2 ; 0.000224448146 0.8
|  LS: AG 3 ; 0.000192955222 0.64
|  LS: AG 4 ; 0.000168249329 0.512
|  LS: AG 5 ; 0.000148955976 0.4096
|  LS: AG 6 ; 0.000133956001 0.32768
|  LS: AG 7 ; 0.000122338691 0.262144
|  LS: AG 8 ; 0.000113366616 0.2097152
NL: Newton 139 ; 0.000113366616 2.08365875e-05
|  LS: AG 1 ; 0.00018196756 1
|  LS: AG 2 ; 0.000165779914 0.8
|  LS: AG 3 ; 0.000153451258 0.64
|  LS: AG 4 ; 0.000144090599 0.512
|  LS: AG 5 ; 0.000136990984 0.4096
|  LS: AG 6 ; 0.000131601431 0.32768
|  LS: AG 7 ; 0.000127499575 0.262144
|  LS: AG 8 ; 0.000124365945 0.2097152
NL: Newton 140 ; 0.000124365945 2.2858245e-05
|  LS: AG 1 ; 0.000102144431 1
|  LS: AG 2 ; 0.000103197651 0.8
NL: Newton 141 ; 0.000103197651 1.89675493e-05
|  LS: AG 1 ; 0.000197197728 1
|  LS: AG 2 ; 0.000140254976 0.8
|  LS: AG 3 ; 9.58290662e-05 0.64
|  LS: AG 4 ; 6.25990035e-05 0.512
NL: Newton 142 ; 6.25990035e-05 1.15055883e-05
|  LS: AG 1 ; 0.000202636804 1
|  LS: AG 2 ; 0.00017189925 0.8
|  LS: AG 3 ; 0.000147681244 0.64
|  LS: AG 4 ; 0.000128681676 0.512
|  LS: AG 5 ; 0.000113844205 0.4096
|  LS: AG 6 ; 0.000102308785 0.32768
|  LS: AG 7 ; 9.3375469e-05 0.262144
|  LS: AG 8 ; 8.64773135e-05 0.2097152
NL: Newton 143 ; 8.64773135e-05 1.58943803e-05
|  LS: AG 1 ; 0.000139696967 1
|  LS: AG 2 ; 0.000127163174 0.8
|  LS: AG 3 ; 0.000117610216 0.64
|  LS: AG 4 ; 0.000110351691 0.512
|  LS: AG 5 ; 0.000104842635 0.4096
|  LS: AG 6 ; 0.000100657918 0.32768
|  LS: AG 7 ; 9.74712959e-05 0.262144
|  LS: AG 8 ; 9.50357288e-05 0.2097152
NL: Newton 144 ; 9.50357288e-05 1.74674022e-05
|  LS: AG 1 ; 7.86218641e-05 1
|  LS: AG 2 ; 7.93288926e-05 0.8
NL: Newton 145 ; 7.93288926e-05 1.45805129e-05
|  LS: AG 1 ; 0.000150598728 1
|  LS: AG 2 ; 0.000107014838 0.8
|  LS: AG 3 ; 7.30222331e-05 0.64
|  LS: AG 4 ; 4.76246212e-05 0.512
NL: Newton 146 ; 4.76246212e-05 8.7533228e-06
|  LS: AG 1 ; 0.000155361653 1
|  LS: AG 2 ; 0.000131713721 0.8
|  LS: AG 3 ; 0.000113078858 0.64
|  LS: AG 4 ; 9.84574766e-05 0.512
|  LS: AG 5 ; 8.70379989e-05 0.4096
|  LS: AG 6 ; 7.81595526e-05 0.32768
|  LS: AG 7 ; 7.12841108e-05 0.262144
|  LS: AG 8 ; 6.59756627e-05 0.2097152
NL: Newton 147 ; 6.59756627e-05 1.21262124e-05
|  LS: AG 1 ; 0.000107269796 1
|  LS: AG 2 ; 9.75680776e-05 0.8
|  LS: AG 3 ; 9.01666025e-05 0.64
|  LS: AG 4 ; 8.45376483e-05 0.512
|  LS: AG 5 ; 8.02617656e-05 0.4096
|  LS: AG 6 ; 7.70113043e-05 0.32768
|  LS: AG 7 ; 7.45344712e-05 0.262144
|  LS: AG 8 ; 7.26403363e-05 0.2097152
NL: Newton 148 ; 7.26403363e-05 1.33511679e-05
|  LS: AG 1 ; 6.05129591e-05 1
|  LS: AG 2 ; 6.0983564e-05 0.8
NL: Newton 149 ; 6.0983564e-05 1.12086733e-05
|  LS: AG 1 ; 0.000115011558 1
|  LS: AG 2 ; 8.16556694e-05 0.8
|  LS: AG 3 ; 5.56466348e-05 0.64
|  LS: AG 4 ; 3.62342903e-05 0.512
NL: Newton 150 ; 3.62342903e-05 6.65979973e-06
|  LS: AG 1 ; 0.000119070342 1
|  LS: AG 2 ; 0.000100884631 0.8
|  LS: AG 3 ; 8.65531542e-05 0.64
|  LS: AG 4 ; 7.53076465e-05 0.512
|  LS: AG 5 ; 6.65244544e-05 0.4096
|  LS: AG 6 ; 5.96957481e-05 0.32768
|  LS: AG 7 ; 5.44080248e-05 0.262144
|  LS: AG 8 ; 5.03260662e-05 0.2097152
NL: Newton 151 ; 5.03260662e-05 9.24984371e-06
|  LS: AG 1 ; 8.2352893e-05 1
|  LS: AG 2 ; 7.4843097e-05 0.8
|  LS: AG 3 ; 6.9109521e-05 0.64
|  LS: AG 4 ; 6.47458037e-05 0.512
|  LS: AG 5 ; 6.14287302e-05 0.4096
|  LS: AG 6 ; 5.89055757e-05 0.32768
|  LS: AG 7 ; 5.69819089e-05 0.262144
|  LS: AG 8 ; 5.55101296e-05 0.2097152
NL: Newton 152 ; 5.55101296e-05 1.02026656e-05
|  LS: AG 1 ; 4.65747224e-05 1
|  LS: AG 2 ; 4.68770245e-05 0.8
|  LS: AG 3 ; 4.77028335e-05 0.64
NL: Newton 153 ; 4.77028335e-05 8.76769809e-06
|  LS: AG 1 ; 6.31169686e-05 1
|  LS: AG 2 ; 4.24009186e-05 0.8
|  LS: AG 3 ; 2.6703292e-05 0.64
NL: Newton 154 ; 2.6703292e-05 4.90801877e-06
|  LS: AG 1 ; 8.61704456e-05 1
|  LS: AG 2 ; 7.31193014e-05 0.8
|  LS: AG 3 ; 6.2836431e-05 0.64
|  LS: AG 4 ; 5.47693648e-05 0.512
|  LS: AG 5 ; 4.84695038e-05 0.4096
|  LS: AG 6 ; 4.35715881e-05 0.32768
|  LS: AG 7 ; 3.97783626e-05 0.262144
|  LS: AG 8 ; 3.68490852e-05 0.2097152
NL: Newton 155 ; 3.68490852e-05 6.77279798e-06
|  LS: AG 1 ; 5.93571809e-05 1
|  LS: AG 2 ; 5.40519976e-05 0.8
|  LS: AG 3 ; 5.0009757e-05 0.64
|  LS: AG 4 ; 4.69393251e-05 0.512
|  LS: AG 5 ; 4.46096107e-05 0.4096
|  LS: AG 6 ; 4.28404058e-05 0.32768
|  LS: AG 7 ; 4.1493481e-05 0.262144
|  LS: AG 8 ; 4.04642133e-05 0.2097152
NL: Newton 156 ; 4.04642133e-05 7.43725224e-06
|  LS: AG 1 ; 3.33665834e-05 1
|  LS: AG 2 ; 3.3686586e-05 0.8
NL: Newton 157 ; 3.3686586e-05 6.19153611e-06
|  LS: AG 1 ; 6.41376129e-05 1
|  LS: AG 2 ; 4.55945667e-05 0.8
|  LS: AG 3 ; 3.11299991e-05 0.64
|  LS: AG 4 ; 2.03172416e-05 0.512
NL: Newton 158 ; 2.03172416e-05 3.73427377e-06
|  LS: AG 1 ; 6.6047287e-05 1
|  LS: AG 2 ; 5.6009576e-05 0.8
|  LS: AG 3 ; 4.81003174e-05 0.64
|  LS: AG 4 ; 4.18949184e-05 0.512
|  LS: AG 5 ; 3.70486605e-05 0.4096
|  LS: AG 6 ; 3.32808627e-05 0.32768
|  LS: AG 7 ; 3.03630549e-05 0.262144
|  LS: AG 8 ; 2.81101315e-05 0.2097152
NL: Newton 159 ; 2.81101315e-05 5.16659343e-06
|  LS: AG 1 ; 4.55722316e-05 1
|  LS: AG 2 ; 4.14650924e-05 0.8
|  LS: AG 3 ; 3.83331195e-05 0.64
|  LS: AG 4 ; 3.59522039e-05 0.512
|  LS: AG 5 ; 3.4144311e-05 0.4096
|  LS: AG 6 ; 3.27704569e-05 0.32768
|  LS: AG 7 ; 3.17239049e-05 0.262144
|  LS: AG 8 ; 3.09237702e-05 0.2097152
NL: Newton 160 ; 3.09237702e-05 5.68373535e-06
|  LS: AG 1 ; 2.56818852e-05 1
|  LS: AG 2 ; 2.58953503e-05 0.8
NL: Newton 161 ; 2.58953503e-05 4.75952049e-06
|  LS: AG 1 ; 4.89813354e-05 1
|  LS: AG 2 ; 3.47891004e-05 0.8
|  LS: AG 3 ; 2.37216407e-05 0.64
|  LS: AG 4 ; 1.54573955e-05 0.512
NL: Newton 162 ; 1.54573955e-05 2.84104249e-06
|  LS: AG 1 ; 5.06307062e-05 1
|  LS: AG 2 ; 4.29095633e-05 0.8
|  LS: AG 3 ; 3.68249574e-05 0.64
|  LS: AG 4 ; 3.20506413e-05 0.512
|  LS: AG 5 ; 2.83217527e-05 0.4096
|  LS: AG 6 ; 2.54226136e-05 0.32768
|  LS: AG 7 ; 2.31776181e-05 0.262144
|  LS: AG 8 ; 2.14444275e-05 0.2097152
NL: Newton 163 ; 2.14444275e-05 3.94144859e-06
|  LS: AG 1 ; 3.49908122e-05 1
|  LS: AG 2 ; 3.18117459e-05 0.8
|  LS: AG 3 ; 2.93853741e-05 0.64
|  LS: AG 4 ; 2.75392931e-05 0.512
|  LS: AG 5 ; 2.61364134e-05 0.4096
|  LS: AG 6 ; 2.50695875e-05 0.32768
|  LS: AG 7 ; 2.42564217e-05 0.262144
|  LS: AG 8 ; 2.36343982e-05 0.2097152
NL: Newton 164 ; 2.36343982e-05 4.3439614e-06
|  LS: AG 1 ; 1.97663018e-05 1
|  LS: AG 2 ; 1.990607e-05 0.8
|  LS: AG 3 ; 2.02676773e-05 0.64
NL: Newton 165 ; 2.02676773e-05 3.72516395e-06
|  LS: AG 1 ; 2.68941886e-05 1
|  LS: AG 2 ; 1.80763903e-05 0.8
|  LS: AG 3 ; 1.13918726e-05 0.64
NL: Newton 166 ; 1.13918726e-05 2.09380643e-06
|  LS: AG 1 ; 3.66343927e-05 1
|  LS: AG 2 ; 3.10945029e-05 0.8
|  LS: AG 3 ; 2.67299505e-05 0.64
|  LS: AG 4 ; 2.33060858e-05 0.512
|  LS: AG 5 ; 2.06323773e-05 0.4096
|  LS: AG 6 ; 1.85536995e-05 0.32768
|  LS: AG 7 ; 1.69438265e-05 0.262144
|  LS: AG 8 ; 1.57005522e-05 0.2097152
NL: Newton 167 ; 1.57005522e-05 2.88573427e-06
|  LS: AG 1 ; 2.52174153e-05 1
|  LS: AG 2 ; 2.29718142e-05 0.8
|  LS: AG 3 ; 2.12615353e-05 0.64
|  LS: AG 4 ; 1.99629719e-05 0.512
|  LS: AG 5 ; 1.89780578e-05 0.4096
|  LS: AG 6 ; 1.82303652e-05 0.32768
|  LS: AG 7 ; 1.76613068e-05 0.262144
|  LS: AG 8 ; 1.72265669e-05 0.2097152
NL: Newton 168 ; 1.72265669e-05 3.16621313e-06
|  LS: AG 1 ; 1.41603994e-05 1
|  LS: AG 2 ; 1.43040499e-05 0.8
NL: Newton 169 ; 1.43040499e-05 2.62905958e-06
|  LS: AG 1 ; 2.73148929e-05 1
|  LS: AG 2 ; 1.94253735e-05 0.8
|  LS: AG 3 ; 1.32704423e-05 0.64
|  LS: AG 4 ; 8.66729929e-06 0.512
NL: Newton 170 ; 8.66729929e-06 1.59303458e-06
|  LS: AG 1 ; 2.80827832e-05 1
|  LS: AG 2 ; 2.38213994e-05 0.8
|  LS: AG 3 ; 2.04637354e-05 0.64
|  LS: AG 4 ; 1.78294817e-05 0.512
|  LS: AG 5 ; 1.57722383e-05 0.4096
|  LS: AG 6 ; 1.41728012e-05 0.32768
|  LS: AG 7 ; 1.29341486e-05 0.262144
|  LS: AG 8 ; 1.19776867e-05 0.2097152
NL: Newton 171 ; 1.19776867e-05 2.20147805e-06
|  LS: AG 1 ; 1.93623329e-05 1
|  LS: AG 2 ; 1.76238332e-05 0.8
|  LS: AG 3 ; 1.62985847e-05 0.64
|  LS: AG 4 ; 1.52914889e-05 0.512
|  LS: AG 5 ; 1.45270252e-05 0.4096
|  LS: AG 6 ; 1.39462652e-05 0.32768
|  LS: AG 7 ; 1.35039771e-05 0.262144
|  LS: AG 8 ; 1.31659026e-05 0.2097152
NL: Newton 172 ; 1.31659026e-05 2.41987006e-06
|  LS: AG 1 ; 1.08991504e-05 1
|  LS: AG 2 ; 1.09960265e-05 0.8
NL: Newton 173 ; 1.09960265e-05 2.0210506e-06
|  LS: AG 1 ; 2.08603919e-05 1
|  LS: AG 2 ; 1.48221064e-05 0.8
|  LS: AG 3 ; 1.01126653e-05 0.64
|  LS: AG 4 ; 6.59429838e-06 0.512
NL: Newton 174 ; 6.59429838e-06 1.21202061e-06
|  LS: AG 1 ; 2.15257854e-05 1
|  LS: AG 2 ; 1.82481727e-05 0.8
|  LS: AG 3 ; 1.56654069e-05 0.64
|  LS: AG 4 ; 1.36389253e-05 0.512
|  LS: AG 5 ; 1.2056235e-05 0.4096
|  LS: AG 6 ; 1.08257366e-05 0.32768
|  LS: AG 7 ; 9.87285894e-06 0.262144
|  LS: AG 8 ; 9.13717011e-06 0.2097152
NL: Newton 175 ; 9.13717011e-06 1.67939602e-06
|  LS: AG 1 ; 1.48659457e-05 1
|  LS: AG 2 ; 1.3520166e-05 0.8
|  LS: AG 3 ; 1.24934262e-05 0.64
|  LS: AG 4 ; 1.17125393e-05 0.512
|  LS: AG 5 ; 1.11193352e-05 0.4096
|  LS: AG 6 ; 1.06683733e-05 0.32768
|  LS: AG 7 ; 1.03247315e-05 0.262144
|  LS: AG 8 ; 1.00619273e-05 0.2097152
NL: Newton 176 ; 1.00619273e-05 1.84936479e-06
|  LS: AG 1 ; 8.38876257e-06 1
|  LS: AG 2 ; 8.45272872e-06 0.8
|  LS: AG 3 ; 8.61076847e-06 0.64
NL: Newton 177 ; 8.61076847e-06 1.58264432e-06
|  LS: AG 1 ; 1.14591643e-05 1
|  LS: AG 2 ; 7.70594407e-06 0.8
|  LS: AG 3 ; 4.85963741e-06 0.64
NL: Newton 178 ; 4.85963741e-06 8.9319293e-07
|  LS: AG 1 ; 1.55761133e-05 1
|  LS: AG 2 ; 1.3224329e-05 0.8
|  LS: AG 3 ; 1.13715703e-05 0.64
|  LS: AG 4 ; 9.9181881e-06 0.512
|  LS: AG 5 ; 8.7832649e-06 0.4096
|  LS: AG 6 ; 7.90092058e-06 0.32768
|  LS: AG 7 ; 7.2175536e-06 0.262144
|  LS: AG 8 ; 6.68977004e-06 0.2097152
NL: Newton 179 ; 6.68977004e-06 1.22956813e-06
|  LS: AG 1 ; 1.07139441e-05 1
|  LS: AG 2 ; 9.76345882e-06 0.8
|  LS: AG 3 ; 9.03983512e-06 0.64
|  LS: AG 4 ; 8.49061556e-06 0.512
|  LS: AG 5 ; 8.07419811e-06 0.4096
|  LS: AG 6 ; 7.75817659e-06 0.32768
|  LS: AG 7 ; 7.51772335e-06 0.262144
|  LS: AG 8 ; 7.33406913e-06 0.2097152
NL: Newton 180 ; 7.33406913e-06 1.34798919e-06
|  LS: AG 1 ; 6.00950965e-06 1
|  LS: AG 2 ; 6.07391289e-06 0.8
NL: Newton 181 ; 6.07391289e-06 1.11637466e-06
|  LS: AG 1 ; 1.16329002e-05 1
|  LS: AG 2 ; 8.27619072e-06 0.8
|  LS: AG 3 ; 5.6571534e-06 0.64
|  LS: AG 4 ; 3.69749646e-06 0.512
NL: Newton 182 ; 3.69749646e-06 6.79593438e-07
|  LS: AG 1 ; 1.19395937e-05 1
|  LS: AG 2 ; 1.01306439e-05 0.8
|  LS: AG 3 ; 8.70539478e-06 0.64
|  LS: AG 4 ; 7.58726828e-06 0.512
|  LS: AG 5 ; 6.71408657e-06 0.4096
|  LS: AG 6 ; 6.03522414e-06 0.32768
|  LS: AG 7 ; 5.50948104e-06 0.262144
|  LS: AG 8 ; 5.1034894e-06 0.2097152
NL: Newton 183 ; 5.1034894e-06 9.38012504e-07
|  LS: AG 1 ; 8.22630393e-06 1
|  LS: AG 2 ; 7.49038077e-06 0.8
|  LS: AG 3 ; 6.92961383e-06 0.64
|  LS: AG 4 ; 6.5036348e-06 0.512
|  LS: AG 5 ; 6.18039966e-06 0.4096
|  LS: AG 6 ; 5.93491822e-06 0.32768
|  LS: AG 7 ; 5.74801986e-06 0.262144
|  LS: AG 8 ; 5.60519331e-06 0.2097152
NL: Newton 184 ; 5.60519331e-06 1.03022481e-06
|  LS: AG 1 ; 4.62565484e-06 1
|  LS: AG 2 ; 4.66934311e-06 0.8
NL: Newton 185 ; 4.66934311e-06 8.58217168e-07
|  LS: AG 1 ; 8.88412508e-06 1
|  LS: AG 2 ; 6.31498776e-06 0.8
|  LS: AG 3 ; 4.3110001e-06 0.64
|  LS: AG 4 ; 2.81313551e-06 0.512
NL: Newton 186 ; 2.81313551e-06 5.17049429e-07
|  LS: AG 1 ; 9.15235888e-06 1
|  LS: AG 2 ; 7.76091141e-06 0.8
|  LS: AG 3 ; 6.66449303e-06 0.64
|  LS: AG 4 ; 5.80425725e-06 0.512
|  LS: AG 5 ; 5.13242689e-06 0.4096
|  LS: AG 6 ; 4.61009908e-06 0.32768
|  LS: AG 7 ; 4.20560612e-06 0.262144
|  LS: AG 8 ; 3.89328939e-06 0.2097152
NL: Newton 187 ; 3.89328939e-06 7.15579839e-07
|  LS: AG 1 ; 6.31632581e-06 1
|  LS: AG 2 ; 5.74658679e-06 0.8
|  LS: AG 3 ; 5.3120718e-06 0.64
|  LS: AG 4 ; 4.98171829e-06 0.512
|  LS: AG 5 ; 4.73084637e-06 0.4096
|  LS: AG 6 ; 4.54018633e-06 0.32768
|  LS: AG 7 ; 4.39493686e-06 0.262144
|  LS: AG 8 ; 4.28387975e-06 0.2097152
NL: Newton 188 ; 4.28387975e-06 7.87369671e-07
|  LS: AG 1 ; 3.56042512e-06 1
|  LS: AG 2 ; 3.58955499e-06 0.8
NL: Newton 189 ; 3.58955499e-06 6.59753983e-07
|  LS: AG 1 ; 6.78469711e-06 1
|  LS: AG 2 ; 4.81838701e-06 0.8
|  LS: AG 3 ; 3.28504559e-06 0.64
|  LS: AG 4 ; 2.14020371e-06 0.512
NL: Newton 190 ; 2.14020371e-06 3.93365732e-07
|  LS: AG 1 ; 7.01565623e-06 1
|  LS: AG 2 ; 5.94537867e-06 0.8
|  LS: AG 3 ; 5.10194954e-06 0.64
|  LS: AG 4 ; 4.44014669e-06 0.512
|  LS: AG 5 ; 3.92325781e-06 0.4096
|  LS: AG 6 ; 3.52138825e-06 0.32768
|  LS: AG 7 ; 3.21019738e-06 0.262144
|  LS: AG 8 ; 2.96995509e-06 0.2097152
NL: Newton 191 ; 2.96995509e-06 5.45872596e-07
|  LS: AG 1 ; 4.84974634e-06 1
|  LS: AG 2 ; 4.40869457e-06 0.8
|  LS: AG 3 ; 4.0720405e-06 0.64
|  LS: AG 4 ; 3.81587913e-06 0.512
|  LS: AG 5 ; 3.62120081e-06 0.4096
|  LS: AG 6 ; 3.47314629e-06 0.32768
|  LS: AG 7 ; 3.36028777e-06 0.262144
|  LS: AG 8 ; 3.27395311e-06 0.2097152
NL: Newton 192 ; 3.27395311e-06 6.01746906e-07
|  LS: AG 1 ; 2.74048758e-06 1
|  LS: AG 2 ; 2.7594414e-06 0.8
|  LS: AG 3 ; 2.80916285e-06 0.64
NL: Newton 193 ; 2.80916285e-06 5.16319261e-07
|  LS: AG 1 ; 3.72478448e-06 1
|  LS: AG 2 ; 2.50319556e-06 0.8
|  LS: AG 3 ; 1.5772474e-06 0.64
NL: Newton 194 ; 1.5772474e-06 2.89895337e-07
|  LS: AG 1 ; 5.07665073e-06 1
|  LS: AG 2 ; 4.30864669e-06 0.8
|  LS: AG 3 ; 3.70357146e-06 0.64
|  LS: AG 4 ; 3.22890053e-06 0.512
|  LS: AG 5 ; 2.85822436e-06 0.4096
|  LS: AG 6 ; 2.57004064e-06 0.32768
|  LS: AG 7 ; 2.34685218e-06 0.262144
|  LS: AG 8 ; 2.17449053e-06 0.2097152
NL: Newton 195 ; 2.17449053e-06 3.99667589e-07
|  LS: AG 1 ; 3.49550716e-06 1
|  LS: AG 2 ; 3.18390513e-06 0.8
|  LS: AG 3 ; 2.94655383e-06 0.64
|  LS: AG 4 ; 2.76631714e-06 0.512
|  LS: AG 5 ; 2.62959779e-06 0.4096
|  LS: AG 6 ; 2.52579684e-06 0.32768
|  LS: AG 7 ; 2.44678795e-06 0.262144
|  LS: AG 8 ; 2.38642314e-06 0.2097152
NL: Newton 196 ; 2.38642314e-06 4.38620436e-07
|  LS: AG 1 ; 1.9634252e-06 1
|  LS: AG 2 ; 1.98303626e-06 0.8
NL: Newton 197 ; 1.98303626e-06 3.64478627e-07
|  LS: AG 1 ; 3.78370001e-06 1
|  LS: AG 2 ; 2.69054021e-06 0.8
|  LS: AG 3 ; 1.83774663e-06 0.64
|  LS: AG 4 ; 1.20003864e-06 0.512
NL: Newton 198 ; 1.20003864e-06 2.20565021e-07
|  LS: AG 1 ; 3.89175955e-06 1
|  LS: AG 2 ; 3.30096e-06 0.8
|  LS: AG 3 ; 2.83544828e-06 0.64
|  LS: AG 4 ; 2.47022813e-06 0.512
|  LS: AG 5 ; 2.18500461e-06 0.4096
|  LS: AG 6 ; 1.9632529e-06 0.32768
|  LS: AG 7 ; 1.79152293e-06 0.262144
|  LS: AG 8 ; 1.65891885e-06 0.2097152
NL: Newton 199 ; 1.65891885e-06 3.04906409e-07
|  LS: AG 1 ; 2.68408276e-06 1
|  LS: AG 2 ; 2.44281196e-06 0.8
|  LS: AG 3 ; 2.25887118e-06 0.64
|  LS: AG 4 ; 2.11907302e-06 0.512
|  LS: AG 5 ; 2.01294385e-06 0.4096
|  LS: AG 6 ; 1.93230997e-06 0.32768
|  LS: AG 7 ; 1.87089645e-06 0.262144
|  LS: AG 8 ; 1.82394988e-06 0.2097152
NL: Newton 200 ; 1.82394988e-06 3.35238825e-07
|  LS: AG 1 ; 1.51142763e-06 1
|  LS: AG 2 ; 1.5245955e-06 0.8
NL: Newton 201 ; 1.5245955e-06 2.8021801e-07
|  LS: AG 1 ; 2.88980009e-06 1
|  LS: AG 2 ; 2.05306834e-06 0.8
|  LS: AG 3 ; 1.40050089e-06 0.64
|  LS: AG 4 ; 9.13044811e-07 0.512
NL: Newton 202 ; 9.13044811e-07 1.67816053e-07
|  LS: AG 1 ; 2.98351037e-06 1
|  LS: AG 2 ; 2.52902129e-06 0.8
|  LS: AG 3 ; 2.17087667e-06 0.64
|  LS: AG 4 ; 1.88986584e-06 0.512
|  LS: AG 5 ; 1.67039256e-06 0.4096
|  LS: AG 6 ; 1.49975715e-06 0.32768
|  LS: AG 7 ; 1.36762043e-06 0.262144
|  LS: AG 8 ; 1.26560307e-06 0.2097152
NL: Newton 203 ; 1.26560307e-06 2.3261565e-07
|  LS: AG 1 ; 2.06112055e-06 1
|  LS: AG 2 ; 1.87431018e-06 0.8
|  LS: AG 3 ; 1.73176616e-06 0.64
|  LS: AG 4 ; 1.62333928e-06 0.512
|  LS: AG 5 ; 1.54096161e-06 0.4096
|  LS: AG 6 ; 1.47832957e-06 0.32768
|  LS: AG 7 ; 1.43059777e-06 0.262144
|  LS: AG 8 ; 1.39409102e-06 0.2097152
NL: Newton 204 ; 1.39409102e-06 2.56231513e-07
|  LS: AG 1 ; 1.16350856e-06 1
|  LS: AG 2 ; 1.17216675e-06 0.8
|  LS: AG 3 ; 1.19387354e-06 0.64
NL: Newton 205 ; 1.19387354e-06 2.19431886e-07
|  LS: AG 1 ; 1.58725802e-06 1
|  LS: AG 2 ; 1.06720417e-06 0.8
|  LS: AG 3 ; 6.72866032e-07 0.64
NL: Newton 206 ; 6.72866032e-07 1.2367161e-07
|  LS: AG 1 ; 2.15914094e-06 1
|  LS: AG 2 ; 1.83296493e-06 0.8
|  LS: AG 3 ; 1.5759967e-06 0.64
|  LS: AG 4 ; 1.37441737e-06 0.512
|  LS: AG 5 ; 1.21700584e-06 0.4096
|  LS: AG 6 ; 1.0946263e-06 0.32768
|  LS: AG 7 ; 9.9984537e-07 0.262144
|  LS: AG 8 ; 9.26644896e-07 0.2097152
NL: Newton 207 ; 9.26644896e-07 1.70315725e-07
|  LS: AG 1 ; 1.48591836e-06 1
|  LS: AG 2 ; 1.35388468e-06 0.8
|  LS: AG 3 ; 1.25334656e-06 0.64
|  LS: AG 4 ; 1.17702598e-06 0.512
|  LS: AG 5 ; 1.11915003e-06 0.4096
|  LS: AG 6 ; 1.07522088e-06 0.32768
|  LS: AG 7 ; 1.04179165e-06 0.262144
|  LS: AG 8 ; 1.01625593e-06 0.2097152
NL: Newton 208 ; 1.01625593e-06 1.86786077e-07
|  LS: AG 1 ; 8.33796979e-07 1
|  LS: AG 2 ; 8.42541487e-07 0.8
NL: Newton 209 ; 8.42541487e-07 1.54857664e-07
|  LS: AG 1 ; 1.61182224e-06 1
|  LS: AG 2 ; 1.14655155e-06 0.8
|  LS: AG 3 ; 7.83547065e-07 0.64
|  LS: AG 4 ; 5.11984606e-07 0.512
NL: Newton 210 ; 5.11984606e-07 9.41018829e-08
|  LS: AG 1 ; 1.6555045e-06 1
|  LS: AG 2 ; 1.40452574e-06 0.8
|  LS: AG 3 ; 1.20677858e-06 0.64
|  LS: AG 4 ; 1.05164041e-06 0.512
|  LS: AG 5 ; 9.30486238e-07 0.4096
|  LS: AG 6 ; 8.36293466e-07 0.32768
|  LS: AG 7 ; 7.63346703e-07 0.262144
|  LS: AG 8 ; 7.07016691e-07 0.2097152
NL: Newton 211 ; 7.07016691e-07 1.29948442e-07
|  LS: AG 1 ; 1.14135219e-06 1
|  LS: AG 2 ; 1.03905657e-06 0.8
|  LS: AG 3 ; 9.61090879e-07 0.64
|  LS: AG 4 ; 9.01852346e-07 0.512
|  LS: AG 5 ; 8.56892557e-07 0.4096
|  LS: AG 6 ; 8.22741354e-07 0.32768
|  LS: AG 7 ; 7.96735856e-07 0.262144
|  LS: AG 8 ; 7.76859751e-07 0.2097152
NL: Newton 212 ; 7.76859751e-07 1.42785475e-07
|  LS: AG 1 ; 6.42046114e-07 1
|  LS: AG 2 ; 6.47944441e-07 0.8
NL: Newton 213 ; 6.47944441e-07 1.19091065e-07
|  LS: AG 1 ; 1.23117516e-06 1
|  LS: AG 2 ; 8.74987025e-07 0.8
|  LS: AG 3 ; 5.9716788e-07 0.64
|  LS: AG 4 ; 3.89560177e-07 0.512
NL: Newton 214 ; 3.89560177e-07 7.16004852e-08
|  LS: AG 1 ; 1.26933451e-06 1
|  LS: AG 2 ; 1.07621951e-06 0.8
|  LS: AG 3 ; 9.24048002e-07 0.64
|  LS: AG 4 ; 8.04654282e-07 0.512
|  LS: AG 5 ; 7.11408778e-07 0.4096
|  LS: AG 6 ; 6.38913269e-07 0.32768
|  LS: AG 7 ; 5.82773283e-07 0.262144
|  LS: AG 8 ; 5.39427916e-07 0.2097152
NL: Newton 215 ; 5.39427916e-07 9.91459157e-08
|  LS: AG 1 ; 8.76747379e-07 1
|  LS: AG 2 ; 7.97485398e-07 0.8
|  LS: AG 3 ; 7.3702035e-07 0.64
|  LS: AG 4 ; 6.91038367e-07 0.512
|  LS: AG 5 ; 6.56111157e-07 0.4096
|  LS: AG 6 ; 6.29561104e-07 0.32768
|  LS: AG 7 ; 6.09330761e-07 0.262144
|  LS: AG 8 ; 5.93860174e-07 0.2097152
NL: Newton 216 ; 5.93860174e-07 1.0915047e-07
|  LS: AG 1 ; 4.94560082e-07 1
|  LS: AG 2 ; 4.98433462e-07 0.8
NL: Newton 217 ; 4.98433462e-07 9.16112061e-08
|  LS: AG 1 ; 9.40469712e-07 1
|  LS: AG 2 ; 6.67751808e-07 0.8
|  LS: AG 3 ; 4.55101256e-07 0.64
|  LS: AG 4 ; 2.96376717e-07 0.512
NL: Newton 218 ; 2.96376717e-07 5.44735266e-08
|  LS: AG 1 ; 9.733929e-07 1
|  LS: AG 2 ; 8.24764743e-07 0.8
|  LS: AG 3 ; 7.07636009e-07 0.64
|  LS: AG 4 ; 6.15728258e-07 0.512
|  LS: AG 5 ; 5.43944598e-07 0.4096
|  LS: AG 6 ; 4.88134575e-07 0.32768
|  LS: AG 7 ; 4.4491861e-07 0.262144
|  LS: AG 8 ; 4.11556963e-07 0.2097152
NL: Newton 219 ; 4.11556963e-07 7.56434562e-08
|  LS: AG 1 ; 6.73662569e-07 1
|  LS: AG 2 ; 6.12218863e-07 0.8
|  LS: AG 3 ; 5.65303456e-07 0.64
|  LS: AG 4 ; 5.29593712e-07 0.512
|  LS: AG 5 ; 5.02446576e-07 0.4096
|  LS: AG 6 ; 4.81795186e-07 0.32768
|  LS: AG 7 ; 4.66049238e-07 0.262144
|  LS: AG 8 ; 4.54001323e-07 0.2097152
NL: Newton 220 ; 4.54001323e-07 8.34446561e-08
|  LS: AG 1 ; 3.81099827e-07 1
|  LS: AG 2 ; 3.83548262e-07 0.8
|  LS: AG 3 ; 3.90277341e-07 0.64
NL: Newton 221 ; 3.90277341e-07 7.17322985e-08
|  LS: AG 1 ; 5.16235015e-07 1
|  LS: AG 2 ; 3.46786108e-07 0.8
|  LS: AG 3 ; 2.18391306e-07 0.64
NL: Newton 222 ; 2.18391306e-07 4.01399435e-08
|  LS: AG 1 ; 7.05094972e-07 1
|  LS: AG 2 ; 5.98278812e-07 0.8
|  LS: AG 3 ; 5.14119357e-07 0.64
|  LS: AG 4 ; 4.48094805e-07 0.512
|  LS: AG 5 ; 3.96533652e-07 0.4096
|  LS: AG 6 ; 3.56446558e-07 0.32768
|  LS: AG 7 ; 3.2540077e-07 0.262144
|  LS: AG 8 ; 3.0142603e-07 0.2097152
NL: Newton 223 ; 3.0142603e-07 5.54015816e-08
|  LS: AG 1 ; 4.86082345e-07 1
|  LS: AG 2 ; 4.42579423e-07 0.8
|  LS: AG 3 ; 4.09427214e-07 0.64
|  LS: AG 4 ; 3.84240923e-07 0.512
|  LS: AG 5 ; 3.65127412e-07 0.4096
|  LS: AG 6 ; 3.50610144e-07 0.32768
|  LS: AG 7 ; 3.39556303e-07 0.262144
|  LS: AG 8 ; 3.31108291e-07 0.2097152
NL: Newton 224 ; 3.31108291e-07 6.08571297e-08
|  LS: AG 1 ; 2.73412294e-07 1
|  LS: AG 2 ; 2.75969759e-07 0.8
NL: Newton 225 ; 2.75969759e-07 5.07227633e-08
|  LS: AG 1 ; 5.24800367e-07 1
|  LS: AG 2 ; 3.73016104e-07 0.8
|  LS: AG 3 ; 2.54624898e-07 0.64
|  LS: AG 4 ; 1.66144523e-07 0.512
NL: Newton 226 ; 1.66144523e-07 3.05370753e-08
|  LS: AG 1 ; 5.4087399e-07 1
|  LS: AG 2 ; 4.58618331e-07 0.8
|  LS: AG 3 ; 3.93803159e-07 0.64
|  LS: AG 4 ; 3.42949948e-07 0.512
|  LS: AG 5 ; 3.03234518e-07 0.4096
|  LS: AG 6 ; 2.72357242e-07 0.32768
|  LS: AG 7 ; 2.48446132e-07 0.262144
|  LS: AG 8 ; 2.29984358e-07 0.2097152
NL: Newton 227 ; 2.29984358e-07 4.22707262e-08
|  LS: AG 1 ; 3.73851746e-07 1
|  LS: AG 2 ; 3.40051406e-07 0.8
|  LS: AG 3 ; 3.14265613e-07 0.64
|  LS: AG 4 ; 2.94655263e-07 0.512
|  LS: AG 5 ; 2.79758774e-07 0.4096
|  LS: AG 6 ; 2.6843457e-07 0.32768
|  LS: AG 7 ; 2.59805441e-07 0.262144
|  LS: AG 8 ; 2.53206251e-07 0.2097152
NL: Newton 228 ; 2.53206251e-07 4.653887e-08
|  LS: AG 1 ; 2.10946104e-07 1
|  LS: AG 2 ; 2.12586431e-07 0.8
NL: Newton 229 ; 2.12586431e-07 3.90730174e-08
|  LS: AG 1 ; 4.00954487e-07 1
|  LS: AG 2 ; 2.84677024e-07 0.8
|  LS: AG 3 ; 1.94014225e-07 0.64
|  LS: AG 4 ; 1.26351438e-07 0.512
NL: Newton 230 ; 1.26351438e-07 2.32231753e-08
|  LS: AG 1 ; 4.15221152e-07 1
|  LS: AG 2 ; 3.51800208e-07 0.8
|  LS: AG 3 ; 3.01820359e-07 0.64
|  LS: AG 4 ; 2.62602678e-07 0.512
|  LS: AG 5 ; 2.31972382e-07 0.4096
|  LS: AG 6 ; 2.08158498e-07 0.32768
|  LS: AG 7 ; 1.89718931e-07 0.262144
|  LS: AG 8 ; 1.7548456e-07 0.2097152
NL: Newton 231 ; 1.7548456e-07 3.22537579e-08
|  LS: AG 1 ; 2.87803853e-07 1
|  LS: AG 2 ; 2.61493463e-07 0.8
|  LS: AG 3 ; 2.41398517e-07 0.64
|  LS: AG 4 ; 2.26098955e-07 0.512
|  LS: AG 5 ; 2.1446489e-07 0.4096
|  LS: AG 6 ; 2.05612457e-07 0.32768
|  LS: AG 7 ; 1.98861323e-07 0.262144
|  LS: AG 8 ; 1.93694755e-07 0.2097152
NL: Newton 232 ; 1.93694755e-07 3.56007601e-08
|  LS: AG 1 ; 1.62989507e-07 1
|  LS: AG 2 ; 1.63967588e-07 0.8
|  LS: AG 3 ; 1.66777179e-07 0.64
NL: Newton 233 ; 1.66777179e-07 3.06533563e-08
|  LS: AG 1 ; 2.20111364e-07 1
|  LS: AG 2 ; 1.47812544e-07 0.8
|  LS: AG 3 ; 9.30519695e-08 0.64
NL: Newton 234 ; 9.30519695e-08 1.71027907e-08
|  LS: AG 1 ; 3.01534804e-07 1
|  LS: AG 2 ; 2.55779777e-07 0.8
|  LS: AG 3 ; 2.19727717e-07 0.64
|  LS: AG 4 ; 1.91442642e-07 0.512
|  LS: AG 5 ; 1.693527e-07 0.4096
|  LS: AG 6 ; 1.52178064e-07 0.32768
|  LS: AG 7 ; 1.38877092e-07 0.262144
|  LS: AG 8 ; 1.28606003e-07 0.2097152
NL: Newton 235 ; 1.28606003e-07 2.36375603e-08
|  LS: AG 1 ; 2.08164975e-07 1
|  LS: AG 2 ; 1.8944861e-07 0.8
|  LS: AG 3 ; 1.75177741e-07 0.64
|  LS: AG 4 ; 1.64330138e-07 0.512
|  LS: AG 5 ; 1.56093896e-07 0.4096
|  LS: AG 6 ; 1.49835352e-07 0.32768
|  LS: AG 7 ; 1.45067982e-07 0.262144
|  LS: AG 8 ; 1.41423182e-07 0.2097152
NL: Newton 236 ; 1.41423182e-07 2.59933357e-08
|  LS: AG 1 ; 1.17286335e-07 1
|  LS: AG 2 ; 1.1829451e-07 0.8
NL: Newton 237 ; 1.1829451e-07 2.17423258e-08
|  LS: AG 1 ; 2.24002202e-07 1
|  LS: AG 2 ; 1.59129329e-07 0.8
|  LS: AG 3 ; 1.08539427e-07 0.64
|  LS: AG 4 ; 7.07598991e-08 0.512
NL: Newton 238 ; 7.07598991e-08 1.30055468e-08
|  LS: AG 1 ; 2.31438568e-07 1
|  LS: AG 2 ; 1.96163351e-07 0.8
|  LS: AG 3 ; 1.68366022e-07 0.64
|  LS: AG 4 ; 1.46555653e-07 0.512
|  LS: AG 5 ; 1.29521824e-07 0.4096
|  LS: AG 6 ; 1.16278885e-07 0.32768
|  LS: AG 7 ; 1.06024342e-07 0.262144
|  LS: AG 8 ; 9.81077693e-08 0.2097152
NL: Newton 239 ; 9.81077693e-08 1.80320379e-08
|  LS: AG 1 ; 1.60581872e-07 1
|  LS: AG 2 ; 1.45942052e-07 0.8
|  LS: AG 3 ; 1.34762685e-07 0.64
|  LS: AG 4 ; 1.26252495e-07 0.512
|  LS: AG 5 ; 1.19782071e-07 0.4096
|  LS: AG 6 ; 1.14859215e-07 0.32768
|  LS: AG 7 ; 1.11105198e-07 0.262144
|  LS: AG 8 ; 1.08232453e-07 0.2097152
NL: Newton 240 ; 1.08232453e-07 1.98929372e-08
|  LS: AG 1 ; 9.08466361e-08 1
|  LS: AG 2 ; 9.14359472e-08 0.8
|  LS: AG 3 ; 9.30430045e-08 0.64
NL: Newton 241 ; 9.30430045e-08 1.71011429e-08
|  LS: AG 1 ; 1.2304967e-07 1
|  LS: AG 2 ; 8.26626543e-08 0.8
|  LS: AG 3 ; 5.20642254e-08 0.64
NL: Newton 242 ; 5.20642254e-08 9.56931436e-09
|  LS: AG 1 ; 1.68290864e-07 1
|  LS: AG 2 ; 1.42786305e-07 0.8
|  LS: AG 3 ; 1.22690739e-07 0.64
|  LS: AG 4 ; 1.06924716e-07 0.512
|  LS: AG 5 ; 9.46118003e-08 0.4096
|  LS: AG 6 ; 8.50384187e-08 0.32768
|  LS: AG 7 ; 7.76238567e-08 0.262144
|  LS: AG 8 ; 7.18977843e-08 0.2097152
NL: Newton 243 ; 7.18977843e-08 1.32146881e-08
|  LS: AG 1 ; 1.16277163e-07 1
|  LS: AG 2 ; 1.05836336e-07 0.8
|  LS: AG 3 ; 9.78757913e-08 0.64
|  LS: AG 4 ; 9.18250154e-08 0.512
|  LS: AG 5 ; 8.72309455e-08 0.4096
|  LS: AG 6 ; 8.37400306e-08 0.32768
|  LS: AG 7 ; 8.10808532e-08 0.262144
|  LS: AG 8 ; 7.90478004e-08 0.2097152
NL: Newton 244 ; 7.90478004e-08 1.45288487e-08
|  LS: AG 1 ; 6.55485246e-08 1
|  LS: AG 2 ; 6.6116271e-08 0.8
NL: Newton 245 ; 6.6116271e-08 1.2152056e-08
|  LS: AG 1 ; 1.25060974e-07 1
|  LS: AG 2 ; 8.88316179e-08 0.8
|  LS: AG 3 ; 6.05809577e-08 0.64
|  LS: AG 4 ; 3.94891458e-08 0.512
NL: Newton 246 ; 3.94891458e-08 7.25803654e-09
|  LS: AG 1 ; 1.29210946e-07 1
|  LS: AG 2 ; 1.09511945e-07 0.8
|  LS: AG 3 ; 9.39889537e-08 0.64
|  LS: AG 4 ; 8.18094043e-08 0.512
|  LS: AG 5 ; 7.2297363e-08 0.4096
|  LS: AG 6 ; 6.49024048e-08 0.32768
|  LS: AG 7 ; 5.91763712e-08 0.262144
|  LS: AG 8 ; 5.47560144e-08 0.2097152
NL: Newton 247 ; 5.47560144e-08 1.00640605e-08
|  LS: AG 1 ; 9.004726e-08 1
|  LS: AG 2 ; 8.17945032e-08 0.8
|  LS: AG 3 ; 7.54877871e-08 0.64
|  LS: AG 4 ; 7.06832519e-08 0.512
|  LS: AG 5 ; 6.70276352e-08 0.4096
|  LS: AG 6 ; 6.42444627e-08 0.32768
|  LS: AG 7 ; 6.21207933e-08 0.262144
|  LS: AG 8 ; 6.04947773e-08 0.2097152
NL: Newton 248 ; 6.04947773e-08 1.11188352e-08
|  LS: AG 1 ; 5.10995605e-08 1
|  LS: AG 2 ; 5.13775916e-08 0.8
|  LS: AG 3 ; 5.22272144e-08 0.64
NL: Newton 249 ; 5.22272144e-08 9.59927146e-09
|  LS: AG 1 ; 6.86069056e-08 1
|  LS: AG 2 ; 4.60376099e-08 0.8
|  LS: AG 3 ; 2.89565382e-08 0.64
NL: Newton 250 ; 2.89565382e-08 5.32216152e-09
|  LS: AG 1 ; 9.4213872e-08 1
|  LS: AG 2 ; 7.98876378e-08 0.8
|  LS: AG 3 ; 6.85992616e-08 0.64
|  LS: AG 4 ; 5.97428269e-08 0.512
|  LS: AG 5 ; 5.2826383e-08 0.4096
|  LS: AG 6 ; 4.74493413e-08 0.32768
|  LS: AG 7 ; 4.32856018e-08 0.262144
|  LS: AG 8 ; 4.00709342e-08 0.2097152
NL: Newton 251 ; 4.00709342e-08 7.36496823e-09
|  LS: AG 1 ; 6.57418242e-08 1
|  LS: AG 2 ; 5.9736047e-08 0.8
|  LS: AG 3 ; 5.51474441e-08 0.64
|  LS: AG 4 ; 5.16524636e-08 0.512
|  LS: AG 5 ; 4.89936796e-08 0.4096
|  LS: AG 6 ; 4.69697012e-08 0.32768
|  LS: AG 7 ; 4.5425479e-08 0.262144
|  LS: AG 8 ; 4.42432081e-08 0.2097152
NL: Newton 252 ; 4.42432081e-08 8.13182493e-09
|  LS: AG 1 ; 3.72590406e-08 1
|  LS: AG 2 ; 3.74819997e-08 0.8
|  LS: AG 3 ; 3.81210805e-08 0.64
NL: Newton 253 ; 3.81210805e-08 7.0065885e-09
|  LS: AG 1 ; 5.03189357e-08 1
|  LS: AG 2 ; 3.37976805e-08 0.8
|  LS: AG 3 ; 2.12870346e-08 0.64
NL: Newton 254 ; 2.12870346e-08 3.91252005e-09
|  LS: AG 1 ; 6.88604725e-08 1
|  LS: AG 2 ; 5.84142042e-08 0.8
|  LS: AG 3 ; 5.01840425e-08 0.64
|  LS: AG 4 ; 4.37278008e-08 0.512
|  LS: AG 5 ; 3.86864217e-08 0.4096
|  LS: AG 6 ; 3.47675233e-08 0.32768
|  LS: AG 7 ; 3.17331185e-08 0.262144
|  LS: AG 8 ; 2.93904234e-08 0.2097152
NL: Newton 255 ; 2.93904234e-08 5.40190887e-09
|  LS: AG 1 ; 4.8115097e-08 1
|  LS: AG 2 ; 4.3731577e-08 0.8
|  LS: AG 3 ; 4.03832953e-08 0.64
|  LS: AG 4 ; 3.78336589e-08 0.512
|  LS: AG 5 ; 3.58944822e-08 0.4096
|  LS: AG 6 ; 3.44185971e-08 0.32768
|  LS: AG 7 ; 3.32927446e-08 0.262144
|  LS: AG 8 ; 3.24309057e-08 0.2097152
NL: Newton 256 ; 3.24309057e-08 5.96074425e-09
|  LS: AG 1 ; 2.74068262e-08 1
|  LS: AG 2 ; 2.75552753e-08 0.8
|  LS: AG 3 ; 2.80094362e-08 0.64
NL: Newton 257 ; 2.80094362e-08 5.14808581e-09
|  LS: AG 1 ; 3.69271818e-08 1
|  LS: AG 2 ; 2.48002555e-08 0.8
|  LS: AG 3 ; 1.56201831e-08 0.64
NL: Newton 258 ; 1.56201831e-08 2.87096257e-09
|  LS: AG 1 ; 5.06572602e-08 1
|  LS: AG 2 ; 4.29639284e-08 0.8
|  LS: AG 3 ; 3.69024275e-08 0.64
|  LS: AG 4 ; 3.21472133e-08 0.512
|  LS: AG 5 ; 2.84339516e-08 0.4096
|  LS: AG 6 ; 2.55473942e-08 0.32768
|  LS: AG 7 ; 2.33123244e-08 0.262144
|  LS: AG 8 ; 2.15867881e-08 0.2097152
NL: Newton 259 ; 2.15867881e-08 3.96761422e-09
|  LS: AG 1 ; 3.57650913e-08 1
|  LS: AG 2 ; 3.24613642e-08 0.8
|  LS: AG 3 ; 2.99335347e-08 0.64
|  LS: AG 4 ; 2.80053571e-08 0.512
|  LS: AG 5 ; 2.65364434e-08 0.4096
|  LS: AG 6 ; 2.54167838e-08 0.32768
|  LS: AG 7 ; 2.45615188e-08 0.262144
|  LS: AG 8 ; 2.39060421e-08 0.2097152
NL: Newton 260 ; 2.39060421e-08 4.3938891e-09
|  LS: AG 1 ; 2.0206687e-08 1
|  LS: AG 2 ; 2.03135472e-08 0.8
|  LS: AG 3 ; 2.06469121e-08 0.64
NL: Newton 261 ; 2.06469121e-08 3.79486664e-09
|  LS: AG 1 ; 2.70004217e-08 1
|  LS: AG 2 ; 1.8111879e-08 0.8
|  LS: AG 3 ; 1.13934809e-08 0.64
NL: Newton 262 ; 1.13934809e-08 2.09410203e-09
|  LS: AG 1 ; 3.71908763e-08 1
|  LS: AG 2 ; 3.1523063e-08 0.8
|  LS: AG 3 ; 2.7057363e-08 0.64
|  LS: AG 4 ; 2.35540974e-08 0.512
|  LS: AG 5 ; 2.08186527e-08 0.4096
|  LS: AG 6 ; 1.86925278e-08 0.32768
|  LS: AG 7 ; 1.70466575e-08 0.262144
|  LS: AG 8 ; 1.57764281e-08 0.2097152
NL: Newton 263 ; 1.57764281e-08 2.89968013e-09
|  LS: AG 1 ; 2.65739189e-08 1
|  LS: AG 2 ; 2.40723817e-08 0.8
|  LS: AG 3 ; 2.21542414e-08 0.64
|  LS: AG 4 ; 2.06880144e-08 0.512
|  LS: AG 5 ; 1.9568772e-08 0.4096
|  LS: AG 6 ; 1.87140758e-08 0.32768
|  LS: AG 7 ; 1.80601433e-08 0.262144
|  LS: AG 8 ; 1.75582634e-08 0.2097152
NL: Newton 264 ; 1.75582634e-08 3.22717836e-09
|  LS: AG 1 ; 1.53803029e-08 1
|  LS: AG 2 ; 1.53678626e-08 0.8
|  LS: AG 3 ; 1.55295878e-08 0.64
|  LS: AG 4 ; 1.57657688e-08 0.512
|  LS: AG 5 ; 1.60201323e-08 0.4096
NL: Newton 265 ; 1.60201323e-08 2.94447255e-09
NL: Newton 266 ; 9.27449638e-09 1.70463635e-09
|  LS: AG 1 ; 3.471704e-08 1
|  LS: AG 2 ; 2.91129249e-08 0.8
|  LS: AG 3 ; 2.46897414e-08 0.64
|  LS: AG 4 ; 2.12141746e-08 0.512
|  LS: AG 5 ; 1.8497185e-08 0.4096
|  LS: AG 6 ; 1.63848131e-08 0.32768
|  LS: AG 7 ; 1.47512685e-08 0.262144
|  LS: AG 8 ; 1.34938675e-08 0.2097152
NL: Newton 267 ; 1.34938675e-08 2.48014944e-09
|  LS: AG 1 ; 2.55913898e-08 1
|  LS: AG 2 ; 2.2867897e-08 0.8
|  LS: AG 3 ; 2.07563501e-08 0.64
|  LS: AG 4 ; 1.91246952e-08 0.512
|  LS: AG 5 ; 1.78665288e-08 0.4096
|  LS: AG 6 ; 1.68970577e-08 0.32768
|  LS: AG 7 ; 1.61495603e-08 0.262144
|  LS: AG 8 ; 1.55721749e-08 0.2097152
NL: Newton 268 ; 1.55721749e-08 2.86213875e-09
|  LS: AG 1 ; 1.53022534e-08 1
|  LS: AG 2 ; 1.49885724e-08 0.8
|  LS: AG 3 ; 1.48686448e-08 0.64
|  LS: AG 4 ; 1.48588434e-08 0.512
|  LS: AG 5 ; 1.49063403e-08 0.4096
|  LS: AG 6 ; 1.49794514e-08 0.32768
|  LS: AG 7 ; 1.50600963e-08 0.262144
|  LS: AG 8 ; 1.51385678e-08 0.2097152
NL: Newton 269 ; 1.51385678e-08 2.78244252e-09
NL: Newton 270 ; 7.14025636e-09 1.31236674e-09
|  LS: AG 1 ; 3.26257746e-08 1
|  LS: AG 2 ; 2.5336879e-08 0.8
|  LS: AG 3 ; 1.95728288e-08 0.64
|  LS: AG 4 ; 1.50547761e-08 0.512
|  LS: AG 5 ; 1.15713648e-08 0.4096
|  LS: AG 6 ; 8.9687701e-09 0.32768
|  LS: AG 7 ; 7.13776687e-09 0.262144
|  LS: AG 8 ; 5.98755582e-09 0.2097152
NL: Newton 271 ; 5.98755582e-09 1.10050238e-09
|  LS: AG 1 ; 2.86991786e-08 1
|  LS: AG 2 ; 2.36283731e-08 0.8
|  LS: AG 3 ; 1.96170373e-08 0.64
|  LS: AG 4 ; 1.64585595e-08 0.512
|  LS: AG 5 ; 1.39865103e-08 0.4096
|  LS: AG 6 ; 1.20658575e-08 0.32768
|  LS: AG 7 ; 1.05860679e-08 0.262144
|  LS: AG 8 ; 9.455958e-09 0.2097152
NL: Newton 272 ; 9.455958e-09 1.73798869e-09
|  LS: AG 1 ; 2.12968035e-08 1
|  LS: AG 2 ; 1.86805456e-08 0.8
|  LS: AG 3 ; 1.66350455e-08 0.64
|  LS: AG 4 ; 1.50416942e-08 0.512
|  LS: AG 5 ; 1.38042934e-08 0.4096
|  LS: AG 6 ; 1.28452656e-08 0.32768
|  LS: AG 7 ; 1.2102609e-08 0.262144
|  LS: AG 8 ; 1.15273062e-08 0.2097152
NL: Newton 273 ; 1.15273062e-08 2.11869889e-09
|  LS: AG 1 ; 1.3585345e-08 1
|  LS: AG 2 ; 1.29337779e-08 0.8
|  LS: AG 3 ; 1.24883423e-08 0.64
|  LS: AG 4 ; 1.21860206e-08 0.512
|  LS: AG 5 ; 1.19814491e-08 0.4096
|  LS: AG 6 ; 1.18429351e-08 0.32768
|  LS: AG 7 ; 1.17488045e-08 0.262144
|  LS: AG 8 ; 1.16844428e-08 0.2097152
NL: Newton 274 ; 1.16844428e-08 2.14758034e-09
NL: Newton 275 ; 6.67240542e-09 1.22637655e-09
|  LS: AG 1 ; 2.52228266e-08 1
|  LS: AG 2 ; 1.92867593e-08 0.8
|  LS: AG 3 ; 1.45988223e-08 0.64
|  LS: AG 4 ; 1.0938606e-08 0.512
|  LS: AG 5 ; 8.14773984e-09 0.4096
|  LS: AG 6 ; 6.12686547e-09 0.32768
NL: Newton 276 ; 6.12686547e-09 1.12610725e-09
|  LS: AG 1 ; 2.15692596e-08 1
|  LS: AG 2 ; 1.81917152e-08 0.8
|  LS: AG 3 ; 1.55259439e-08 0.64
|  LS: AG 4 ; 1.3430613e-08 0.512
|  LS: AG 5 ; 1.1791175e-08 0.4096
|  LS: AG 6 ; 1.05144337e-08 0.32768
|  LS: AG 7 ; 9.52445596e-09 0.262144
|  LS: AG 8 ; 8.75953466e-09 0.2097152
NL: Newton 277 ; 8.75953466e-09 1.60998728e-09
|  LS: AG 1 ; 1.50236173e-08 1
|  LS: AG 2 ; 1.35857598e-08 0.8
|  LS: AG 3 ; 1.24798401e-08 0.64
|  LS: AG 4 ; 1.16317686e-08 0.512
|  LS: AG 5 ; 1.09823283e-08 0.4096
|  LS: AG 6 ; 1.04848715e-08 0.32768
|  LS: AG 7 ; 1.01031808e-08 0.262144
|  LS: AG 8 ; 9.80948538e-09 0.2097152
NL: Newton 278 ; 9.80948538e-09 1.8029664e-09
|  LS: AG 1 ; 8.66443416e-09 1
|  LS: AG 2 ; 8.63408257e-09 0.8
|  LS: AG 3 ; 8.70858317e-09 0.64
|  LS: AG 4 ; 8.82999322e-09 0.512
|  LS: AG 5 ; 8.96512864e-09 0.4096
NL: Newton 279 ; 8.96512864e-09 1.6477751e-09
NL: Newton 280 ; 5.29087067e-09 9.72452856e-10
NL: Newton Converged
