
==
PG
==
NL: Newton 0 ; 0.177413809 1
|  LN: PETScKrylov 0 ; 1.00739425 1
|  LN: PETScKrylov 1 ; 0.378949345 0.376167867
|  LN: PETScKrylov 2 ; 0.0112435871 0.0111610595
|  LN: PETScKrylov 3 ; 0.003292024 0.00326786062
|  LN: PETScKrylov 4 ; 0.000182313169 0.000180974995
|  LN: PETScKrylov 5 ; 3.59596138e-05 3.56956711e-05
|  LN: PETScKrylov 6 ; 6.46898354e-07 6.42150137e-07
|  LN: PETScKrylov 7 ; 1.19080381e-07 1.18206333e-07
|  LN: PETScKrylov 8 ; 2.5805964e-09 2.56165489e-09
|  LN: PETScKrylov 9 ; 4.60972255e-10 4.5758873e-10
|  LN: PETScKrylov 10 ; 5.22981598e-12 5.19142926e-12
|  LN: PETScKrylov 11 ; 1.06694455e-12 1.0591132e-12
NL: Newton 1 ; 0.00542256855 0.0305645236
|  LN: PETScKrylov 0 ; 0.988904751 1
|  LN: PETScKrylov 1 ; 0.3727278 0.376909708
|  LN: PETScKrylov 2 ; 0.0202096139 0.0204363604
|  LN: PETScKrylov 3 ; 0.00904936075 0.00915089218
|  LN: PETScKrylov 4 ; 0.000656535525 0.000663901679
|  LN: PETScKrylov 5 ; 0.000172607889 0.000174544503
|  LN: PETScKrylov 6 ; 8.70277019e-06 8.80041297e-06
|  LN: PETScKrylov 7 ; 1.64831542e-06 1.66680908e-06
|  LN: PETScKrylov 8 ; 3.96475626e-08 4.00923977e-08
|  LN: PETScKrylov 9 ; 6.33427106e-09 6.4053399e-09
|  LN: PETScKrylov 10 ; 2.00680497e-10 2.02932079e-10
|  LN: PETScKrylov 11 ; 4.00903746e-11 4.0540178e-11
|  LN: PETScKrylov 12 ; 8.72526836e-13 8.82316356e-13
NL: Newton 2 ; 7.32474095e-06 4.12861941e-05
|  LN: PETScKrylov 0 ; 0.0185046508 1
|  LN: PETScKrylov 1 ; 0.00862655809 0.466183241
|  LN: PETScKrylov 2 ; 0.00390882121 0.21123453
|  LN: PETScKrylov 3 ; 0.00164811031 0.0890646533
|  LN: PETScKrylov 4 ; 5.72447403e-05 0.00309353259
|  LN: PETScKrylov 5 ; 1.39496328e-05 0.000753844691
|  LN: PETScKrylov 6 ; 7.32374114e-07 3.95778403e-05
|  LN: PETScKrylov 7 ; 1.40193745e-07 7.57613568e-06
|  LN: PETScKrylov 8 ; 3.78691955e-09 2.04646907e-07
|  LN: PETScKrylov 9 ; 6.12393482e-10 3.30940307e-08
|  LN: PETScKrylov 10 ; 1.92541901e-11 1.04050545e-09
|  LN: PETScKrylov 11 ; 3.84673015e-12 2.078791e-10
NL: Newton 3 ; 1.41858976e-11 7.99593768e-11
NL: Newton Converged
