
==
PG
==
NL: Newton 0 ; 1.29530839 1
|  LN: PETScKrylov 0 ; 3.47120837 1
|  LN: PETScKrylov 1 ; 3.46010991 0.996802711
|  LN: PETScKrylov 2 ; 0.142375598 0.0410161486
|  LN: PETScKrylov 3 ; 0.131277884 0.0378190734
|  LN: PETScKrylov 4 ; 0.0031780967 0.000915559185
|  LN: PETScKrylov 5 ; 0.00303772666 0.000875120806
|  LN: PETScKrylov 6 ; 4.39279023e-05 1.2654931e-05
|  LN: PETScKrylov 7 ; 3.97818019e-05 1.14605053e-05
|  LN: PETScKrylov 8 ; 2.30800662e-06 6.6490005e-07
|  LN: PETScKrylov 9 ; 2.06673433e-06 5.95393335e-07
|  LN: PETScKrylov 10 ; 3.50720275e-08 1.01036941e-08
|  LN: PETScKrylov 11 ; 3.11231805e-08 8.96609399e-09
|  LN: PETScKrylov 12 ; 5.65703118e-10 1.62970084e-10
|  LN: PETScKrylov 13 ; 4.55346229e-10 1.31178017e-10
|  LN: PETScKrylov 14 ; 5.36912529e-12 1.54675972e-12
NL: Newton 1 ; 0.375639005 0.28999967
|  LN: PETScKrylov 0 ; 17.9401226 1
|  LN: PETScKrylov 1 ; 16.9714947 0.946007734
|  LN: PETScKrylov 2 ; 1.33444127 0.0743830632
|  LN: PETScKrylov 3 ; 0.835070423 0.0465476431
|  LN: PETScKrylov 4 ; 0.0479116107 0.0026706401
|  LN: PETScKrylov 5 ; 0.0349465876 0.00194795702
|  LN: PETScKrylov 6 ; 0.00159933409 8.91484485e-05
|  LN: PETScKrylov 7 ; 0.00156237192 8.70881408e-05
|  LN: PETScKrylov 8 ; 4.33259075e-05 2.41502851e-06
|  LN: PETScKrylov 9 ; 3.31990647e-05 1.85054837e-06
|  LN: PETScKrylov 10 ; 1.33764413e-06 7.45615936e-08
|  LN: PETScKrylov 11 ; 6.82468569e-07 3.80414663e-08
|  LN: PETScKrylov 12 ; 5.90050536e-08 3.28899947e-09
|  LN: PETScKrylov 13 ; 1.69127504e-08 9.42733269e-10
|  LN: PETScKrylov 14 ; 1.56186827e-09 8.70600668e-11
|  LN: PETScKrylov 15 ; 3.06406258e-10 1.70793849e-11
|  LN: PETScKrylov 16 ; 1.60186359e-11 8.92894453e-13
|  LN: PETScKrylov 17 ; 4.19567454e-12 2.33871008e-13
NL: Newton 2 ; 0.107614282 0.0830800467
|  LN: PETScKrylov 0 ; 3.96105742 1
|  LN: PETScKrylov 1 ; 2.42082923 0.611157318
|  LN: PETScKrylov 2 ; 0.811882694 0.204966151
|  LN: PETScKrylov 3 ; 0.799944555 0.201952274
|  LN: PETScKrylov 4 ; 0.0821546823 0.0207405936
|  LN: PETScKrylov 5 ; 0.0573386475 0.0144755911
|  LN: PETScKrylov 6 ; 0.0049410333 0.00124740259
|  LN: PETScKrylov 7 ; 0.00342037913 0.000863501526
|  LN: PETScKrylov 8 ; 0.000324037657 8.1805847e-05
|  LN: PETScKrylov 9 ; 0.000244833123 6.18100414e-05
|  LN: PETScKrylov 10 ; 9.865232e-06 2.49055516e-06
|  LN: PETScKrylov 11 ; 6.22601807e-06 1.57180707e-06
|  LN: PETScKrylov 12 ; 1.90499869e-07 4.80931854e-08
|  LN: PETScKrylov 13 ; 9.17156976e-08 2.31543469e-08
|  LN: PETScKrylov 14 ; 4.72199677e-09 1.1921051e-09
|  LN: PETScKrylov 15 ; 1.95675016e-09 4.93996919e-10
|  LN: PETScKrylov 16 ; 4.24077347e-10 1.07061651e-10
|  LN: PETScKrylov 17 ; 1.98703861e-10 5.01643476e-11
|  LN: PETScKrylov 18 ; 1.78426604e-11 4.50451951e-12
|  LN: PETScKrylov 19 ; 7.01977934e-12 1.77219833e-12
|  LN: PETScKrylov 20 ; 7.02902519e-13 1.77453252e-13
NL: Newton 3 ; 0.00555145591 0.00428581792
|  LN: PETScKrylov 0 ; 0.854175023 1
|  LN: PETScKrylov 1 ; 0.728412994 0.852767845
|  LN: PETScKrylov 2 ; 0.0863935087 0.10114263
|  LN: PETScKrylov 3 ; 0.0757855809 0.0887237145
|  LN: PETScKrylov 4 ; 0.0136707888 0.0160046693
|  LN: PETScKrylov 5 ; 0.0131439181 0.0153878511
|  LN: PETScKrylov 6 ; 0.00125306779 0.00146699184
|  LN: PETScKrylov 7 ; 0.00112611222 0.00131836238
|  LN: PETScKrylov 8 ; 8.74869782e-05 0.000102422777
|  LN: PETScKrylov 9 ; 7.51926447e-05 8.80295521e-05
|  LN: PETScKrylov 10 ; 4.13088125e-06 4.83610635e-06
|  LN: PETScKrylov 11 ; 2.55751965e-06 2.99414006e-06
|  LN: PETScKrylov 12 ; 8.34377495e-08 9.76822632e-08
|  LN: PETScKrylov 13 ; 5.69645207e-08 6.66895181e-08
|  LN: PETScKrylov 14 ; 1.64271689e-09 1.92316194e-09
|  LN: PETScKrylov 15 ; 1.23138613e-09 1.44160869e-09
|  LN: PETScKrylov 16 ; 2.8129392e-10 3.2931649e-10
|  LN: PETScKrylov 17 ; 2.11469362e-10 2.47571465e-10
|  LN: PETScKrylov 18 ; 1.5426918e-11 1.80606053e-11
|  LN: PETScKrylov 19 ; 1.30536953e-11 1.52822255e-11
|  LN: PETScKrylov 20 ; 3.5679377e-13 4.17705693e-13
NL: Newton 4 ; 1.76618427e-05 1.36352415e-05
|  LN: PETScKrylov 0 ; 0.0388910991 1
|  LN: PETScKrylov 1 ; 0.0335045127 0.861495652
|  LN: PETScKrylov 2 ; 0.011800288 0.303418733
|  LN: PETScKrylov 3 ; 0.00586048797 0.150689698
|  LN: PETScKrylov 4 ; 0.000962637538 0.02475213
|  LN: PETScKrylov 5 ; 0.000402456312 0.0103482885
|  LN: PETScKrylov 6 ; 7.95161483e-05 0.00204458476
|  LN: PETScKrylov 7 ; 4.16677577e-05 0.00107139574
|  LN: PETScKrylov 8 ; 7.00980917e-06 0.000180241992
|  LN: PETScKrylov 9 ; 2.30322374e-06 5.92223876e-05
|  LN: PETScKrylov 10 ; 2.02634269e-07 5.21029936e-06
|  LN: PETScKrylov 11 ; 9.26037681e-08 2.38110443e-06
|  LN: PETScKrylov 12 ; 3.24941801e-09 8.35517146e-08
|  LN: PETScKrylov 13 ; 1.71429406e-09 4.40793421e-08
|  LN: PETScKrylov 14 ; 5.91721159e-11 1.52148222e-09
|  LN: PETScKrylov 15 ; 4.40118771e-11 1.13166967e-09
|  LN: PETScKrylov 16 ; 5.90189398e-12 1.51754363e-10
NL: Newton 5 ; 1.72125315e-10 1.32883657e-10
NL: Newton Converged
