
==
PG
==
NL: Newton 0 ; 10.3423868 1
|  LN: PETScKrylov 0 ; 3.78540885 1
|  LN: PETScKrylov 1 ; 3.78540347 0.999998577
|  LN: PETScKrylov 2 ; 0.274994032 0.072645794
|  LN: PETScKrylov 3 ; 0.274980366 0.0726421839
|  LN: PETScKrylov 4 ; 0.0323578505 0.00854804638
|  LN: PETScKrylov 5 ; 0.0323330453 0.00854149355
|  LN: PETScKrylov 6 ; 0.00137491052 0.000363213216
|  LN: PETScKrylov 7 ; 0.00137448091 0.000363099725
|  LN: PETScKrylov 8 ; 5.92310725e-05 1.56472061e-05
|  LN: PETScKrylov 9 ; 5.91290391e-05 1.56202517e-05
|  LN: PETScKrylov 10 ; 2.06813512e-06 5.46343923e-07
|  LN: PETScKrylov 11 ; 2.06524961e-06 5.4558165e-07
|  LN: PETScKrylov 12 ; 3.94099662e-08 1.04110197e-08
|  LN: PETScKrylov 13 ; 3.93782147e-08 1.04026318e-08
|  LN: PETScKrylov 14 ; 5.11976066e-09 1.35249873e-09
|  LN: PETScKrylov 15 ; 5.11611214e-09 1.35153489e-09
|  LN: PETScKrylov 16 ; 3.93604211e-09 1.03979313e-09
|  LN: PETScKrylov 17 ; 3.93068545e-09 1.03837805e-09
|  LN: PETScKrylov 18 ; 3.39138947e-10 8.95911009e-11
|  LN: PETScKrylov 19 ; 2.41002208e-10 6.36660973e-11
|  LN: PETScKrylov 20 ; 5.53892577e-07 1.46323052e-07
|  LN: PETScKrylov 21 ; 1.43354905e-07 3.78703887e-08
|  LN: PETScKrylov 22 ; 9.9060319e-08 2.61689881e-08
|  LN: PETScKrylov 23 ; 2.09128991e-08 5.52460775e-09
|  LN: PETScKrylov 24 ; 2.06858103e-08 5.4646172e-09
|  LN: PETScKrylov 25 ; 1.06683247e-08 2.81827542e-09
|  LN: PETScKrylov 26 ; 1.06656188e-08 2.81756059e-09
|  LN: PETScKrylov 27 ; 6.52863369e-09 1.7246839e-09
|  LN: PETScKrylov 28 ; 6.22061949e-09 1.64331509e-09
|  LN: PETScKrylov 29 ; 5.96683839e-10 1.57627316e-10
|  LN: PETScKrylov 30 ; 5.82875372e-10 1.53979502e-10
|  LN: PETScKrylov 31 ; 1.07424749e-10 2.83786385e-11
|  LN: PETScKrylov 32 ; 5.67674711e-11 1.49963909e-11
|  LN: PETScKrylov 33 ; 1.42363286e-11 3.76084306e-12
|  LN: PETScKrylov 34 ; 2.70388989e-12 7.14292694e-13
NL: Newton 1 ; 3.5095499 0.339336553
|  LN: PETScKrylov 0 ; 458.440464 1
|  LN: PETScKrylov 1 ; 419.061924 0.914103264
|  LN: PETScKrylov 2 ; 18.5334184 0.0404270998
|  LN: PETScKrylov 3 ; 6.74689537 0.014717059
|  LN: PETScKrylov 4 ; 0.81782776 0.0017839345
|  LN: PETScKrylov 5 ; 0.26693255 0.000582262193
|  LN: PETScKrylov 6 ; 0.107880701 0.000235321071
|  LN: PETScKrylov 7 ; 0.00818432257 1.78525309e-05
|  LN: PETScKrylov 8 ; 0.0051070458 1.11400415e-05
|  LN: PETScKrylov 9 ; 0.000290350053 6.33342988e-07
|  LN: PETScKrylov 10 ; 0.000133807185 2.91874727e-07
|  LN: PETScKrylov 11 ; 3.28059259e-05 7.15598392e-08
|  LN: PETScKrylov 12 ; 1.48053293e-05 3.22949881e-08
|  LN: PETScKrylov 13 ; 1.46421464e-05 3.19390359e-08
|  LN: PETScKrylov 14 ; 7.11313482e-07 1.55159402e-09
|  LN: PETScKrylov 15 ; 6.24627167e-07 1.36250444e-09
|  LN: PETScKrylov 16 ; 6.94534027e-08 1.51499286e-10
|  LN: PETScKrylov 17 ; 3.22430875e-08 7.03321152e-11
|  LN: PETScKrylov 18 ; 1.57264832e-08 3.43043087e-11
|  LN: PETScKrylov 19 ; 1.17666562e-08 2.56667051e-11
|  LN: PETScKrylov 20 ; 0.000201079378 4.38616121e-07
|  LN: PETScKrylov 21 ; 4.00447559e-06 8.73499593e-09
|  LN: PETScKrylov 22 ; 3.15093273e-06 6.87315579e-09
|  LN: PETScKrylov 23 ; 1.17775734e-06 2.56905188e-09
|  LN: PETScKrylov 24 ; 1.08046164e-06 2.35681997e-09
|  LN: PETScKrylov 25 ; 3.66465154e-07 7.9937349e-10
|  LN: PETScKrylov 26 ; 2.71693428e-07 5.92647135e-10
|  LN: PETScKrylov 27 ; 5.72017149e-08 1.24774577e-10
|  LN: PETScKrylov 28 ; 5.67727649e-08 1.23838905e-10
|  LN: PETScKrylov 29 ; 5.56407227e-08 1.21369572e-10
|  LN: PETScKrylov 30 ; 5.44692779e-08 1.18814289e-10
|  LN: PETScKrylov 31 ; 5.33705178e-08 1.16417555e-10
|  LN: PETScKrylov 32 ; 5.23357229e-08 1.14160348e-10
|  LN: PETScKrylov 33 ; 5.13588765e-08 1.12029545e-10
|  LN: PETScKrylov 34 ; 5.0434763e-08 1.10013768e-10
|  LN: PETScKrylov 35 ; 4.95588026e-08 1.08103029e-10
|  LN: PETScKrylov 36 ; 4.87269536e-08 1.0628851e-10
|  LN: PETScKrylov 37 ; 4.79356339e-08 1.04562397e-10
|  LN: PETScKrylov 38 ; 4.71816557e-08 1.02917738e-10
|  LN: PETScKrylov 39 ; 4.64621717e-08 1.01348322e-10
|  LN: PETScKrylov 40 ; 9.10346943e-07 1.98574736e-09
|  LN: PETScKrylov 41 ; 3.90633018e-07 8.52091054e-10
|  LN: PETScKrylov 42 ; 9.76537245e-08 2.13012882e-10
|  LN: PETScKrylov 43 ; 4.98927624e-08 1.08831498e-10
|  LN: PETScKrylov 44 ; 3.04308189e-08 6.63789987e-11
|  LN: PETScKrylov 45 ; 2.10307307e-08 4.5874508e-11
|  LN: PETScKrylov 46 ; 1.29465879e-08 2.82405e-11
|  LN: PETScKrylov 47 ; 1.2635689e-08 2.75623337e-11
|  LN: PETScKrylov 48 ; 1.4871676e-09 3.24397107e-12
|  LN: PETScKrylov 49 ; 1.47163685e-09 3.21009371e-12
|  LN: PETScKrylov 50 ; 9.42528324e-11 2.05594488e-13
|  LN: PETScKrylov 51 ; 9.17082687e-11 2.0004401e-13
|  LN: PETScKrylov 52 ; 6.742862e-11 1.4708261e-13
|  LN: PETScKrylov 53 ; 5.95250836e-11 1.2984256e-13
|  LN: PETScKrylov 54 ; 5.04473365e-11 1.10041195e-13
|  LN: PETScKrylov 55 ; 4.72565684e-11 1.03081146e-13
|  LN: PETScKrylov 56 ; 4.21426131e-11 9.19260327e-14
|  LN: PETScKrylov 57 ; 4.04540314e-11 8.82427154e-14
|  LN: PETScKrylov 58 ; 3.74233099e-11 8.16317774e-14
|  LN: PETScKrylov 59 ; 3.64243188e-11 7.94526699e-14
NL: Newton 2 ; 1.484193 0.143505848
|  LN: PETScKrylov 0 ; 191.756375 1
|  LN: PETScKrylov 1 ; 166.679397 0.869224804
|  LN: PETScKrylov 2 ; 2.4448865 0.012749962
|  LN: PETScKrylov 3 ; 2.17917892 0.0113643102
|  LN: PETScKrylov 4 ; 0.418256442 0.00218118664
|  LN: PETScKrylov 5 ; 0.150183316 0.000783198558
|  LN: PETScKrylov 6 ; 0.0607954702 0.000317045367
|  LN: PETScKrylov 7 ; 0.0184343642 9.61342967e-05
|  LN: PETScKrylov 8 ; 0.00965617847 5.03564926e-05
|  LN: PETScKrylov 9 ; 0.000541080562 2.82170834e-06
|  LN: PETScKrylov 10 ; 0.000210655604 1.09855855e-06
|  LN: PETScKrylov 11 ; 1.191072e-05 6.21138151e-08
|  LN: PETScKrylov 12 ; 9.18134699e-06 4.78802699e-08
|  LN: PETScKrylov 13 ; 1.40629789e-06 7.33377385e-09
|  LN: PETScKrylov 14 ; 4.12622016e-07 2.15180338e-09
|  LN: PETScKrylov 15 ; 7.67030698e-08 4.00002711e-10
|  LN: PETScKrylov 16 ; 2.88926778e-08 1.50673884e-10
|  LN: PETScKrylov 17 ; 4.87397007e-09 2.54175126e-11
|  LN: PETScKrylov 18 ; 1.76998251e-09 9.23037115e-12
|  LN: PETScKrylov 19 ; 3.3643492e-10 1.75449145e-12
|  LN: PETScKrylov 20 ; 8.51563031e-06 4.44085904e-08
|  LN: PETScKrylov 21 ; 2.83593786e-07 1.47892755e-09
|  LN: PETScKrylov 22 ; 2.83456888e-07 1.47821363e-09
|  LN: PETScKrylov 23 ; 4.54747437e-08 2.37148537e-10
|  LN: PETScKrylov 24 ; 4.546848e-08 2.37115872e-10
|  LN: PETScKrylov 25 ; 1.63033442e-08 8.50211328e-11
|  LN: PETScKrylov 26 ; 1.57398951e-08 8.20827737e-11
|  LN: PETScKrylov 27 ; 2.06919389e-09 1.07907437e-11
|  LN: PETScKrylov 28 ; 2.05019437e-09 1.06916621e-11
|  LN: PETScKrylov 29 ; 2.76115714e-10 1.43992978e-12
|  LN: PETScKrylov 30 ; 2.69686135e-10 1.40639984e-12
|  LN: PETScKrylov 31 ; 3.53783284e-11 1.84496231e-13
|  LN: PETScKrylov 32 ; 3.10431457e-11 1.61888468e-13
|  LN: PETScKrylov 33 ; 3.16535813e-12 1.65071859e-14
NL: Newton 3 ; 0.809768152 0.0782960611
|  LN: PETScKrylov 0 ; 58.9313482 1
|  LN: PETScKrylov 1 ; 43.3131404 0.734976235
|  LN: PETScKrylov 2 ; 4.23956411 0.0719407283
|  LN: PETScKrylov 3 ; 4.23956034 0.0719406643
|  LN: PETScKrylov 4 ; 3.56949279 0.0605703569
|  LN: PETScKrylov 5 ; 1.08782435 0.0184591797
|  LN: PETScKrylov 6 ; 0.432729658 0.00734294516
|  LN: PETScKrylov 7 ; 0.411031083 0.00697474427
|  LN: PETScKrylov 8 ; 0.132698362 0.00225174489
|  LN: PETScKrylov 9 ; 0.0884002073 0.00150005405
|  LN: PETScKrylov 10 ; 0.0368935335 0.000626042584
|  LN: PETScKrylov 11 ; 0.0344746607 0.00058499698
|  LN: PETScKrylov 12 ; 0.0132977676 0.000225648453
|  LN: PETScKrylov 13 ; 0.00442632599 7.51098714e-05
|  LN: PETScKrylov 14 ; 0.000970369157 1.64660946e-05
|  LN: PETScKrylov 15 ; 0.000421888167 7.15897701e-06
|  LN: PETScKrylov 16 ; 0.000137759333 2.33762398e-06
|  LN: PETScKrylov 17 ; 5.02833169e-05 8.53252445e-07
|  LN: PETScKrylov 18 ; 9.74751389e-06 1.65404563e-07
|  LN: PETScKrylov 19 ; 2.85128444e-06 4.83831531e-08
|  LN: PETScKrylov 20 ; 9.96092247e-06 1.69025871e-07
|  LN: PETScKrylov 21 ; 9.82448004e-06 1.66710594e-07
|  LN: PETScKrylov 22 ; 8.79537872e-06 1.49247879e-07
|  LN: PETScKrylov 23 ; 8.73547012e-06 1.48231296e-07
|  LN: PETScKrylov 24 ; 8.03226381e-07 1.3629866e-08
|  LN: PETScKrylov 25 ; 7.49395372e-07 1.27164132e-08
|  LN: PETScKrylov 26 ; 4.96070884e-07 8.41777592e-09
|  LN: PETScKrylov 27 ; 4.9330616e-07 8.3708616e-09
|  LN: PETScKrylov 28 ; 2.4568955e-07 4.16908076e-09
|  LN: PETScKrylov 29 ; 2.45402572e-07 4.16421105e-09
|  LN: PETScKrylov 30 ; 6.61979765e-08 1.12330667e-09
|  LN: PETScKrylov 31 ; 5.85774755e-08 9.9399517e-10
|  LN: PETScKrylov 32 ; 1.06426407e-08 1.80593878e-10
|  LN: PETScKrylov 33 ; 1.00371627e-08 1.70319584e-10
|  LN: PETScKrylov 34 ; 3.14834928e-09 5.34240159e-11
|  LN: PETScKrylov 35 ; 1.88714603e-09 3.20227873e-11
|  LN: PETScKrylov 36 ; 7.06155851e-10 1.19826862e-11
|  LN: PETScKrylov 37 ; 3.25658759e-10 5.52607006e-12
|  LN: PETScKrylov 38 ; 2.62907043e-10 4.46124262e-12
|  LN: PETScKrylov 39 ; 3.40422606e-11 5.77659626e-13
NL: Newton 4 ; 3.23402634 0.312696324
|  LN: PETScKrylov 0 ; 705.805869 1
|  LN: PETScKrylov 1 ; 154.88719 0.219447297
|  LN: PETScKrylov 2 ; 144.484607 0.204708707
|  LN: PETScKrylov 3 ; 71.2152659 0.100899226
|  LN: PETScKrylov 4 ; 33.0700082 0.046854255
|  LN: PETScKrylov 5 ; 11.2499324 0.0159391313
|  LN: PETScKrylov 6 ; 7.9562007 0.0112725057
|  LN: PETScKrylov 7 ; 3.39756753 0.00481374225
|  LN: PETScKrylov 8 ; 1.38639106 0.00196426683
|  LN: PETScKrylov 9 ; 0.967418744 0.0013706584
|  LN: PETScKrylov 10 ; 0.527615312 0.000747536023
|  LN: PETScKrylov 11 ; 0.209676393 0.000297073745
|  LN: PETScKrylov 12 ; 0.0592422429 8.39356055e-05
|  LN: PETScKrylov 13 ; 0.0565286216 8.0090892e-05
|  LN: PETScKrylov 14 ; 0.0157468024 2.23103874e-05
|  LN: PETScKrylov 15 ; 0.0156635507 2.21924348e-05
|  LN: PETScKrylov 16 ; 0.0072861732 1.03231972e-05
|  LN: PETScKrylov 17 ; 0.00495436597 7.01944571e-06
|  LN: PETScKrylov 18 ; 0.00159869364 2.26506141e-06
|  LN: PETScKrylov 19 ; 0.00046155871 6.53945695e-07
|  LN: PETScKrylov 20 ; 0.00011908535 1.68722527e-07
|  LN: PETScKrylov 21 ; 0.00011888684 1.68441274e-07
|  LN: PETScKrylov 22 ; 0.000112508605 1.59404462e-07
|  LN: PETScKrylov 23 ; 0.000112476196 1.59358544e-07
|  LN: PETScKrylov 24 ; 7.71720832e-05 1.09338965e-07
|  LN: PETScKrylov 25 ; 7.70646446e-05 1.09186744e-07
|  LN: PETScKrylov 26 ; 5.16914645e-05 7.32375102e-08
|  LN: PETScKrylov 27 ; 5.11690179e-05 7.24972973e-08
|  LN: PETScKrylov 28 ; 1.69082473e-05 2.39559461e-08
|  LN: PETScKrylov 29 ; 1.68060778e-05 2.38111902e-08
|  LN: PETScKrylov 30 ; 3.11021346e-06 4.40661321e-09
|  LN: PETScKrylov 31 ; 2.91189029e-06 4.12562494e-09
|  LN: PETScKrylov 32 ; 1.54132478e-06 2.18378005e-09
|  LN: PETScKrylov 33 ; 1.34082638e-06 1.89970987e-09
|  LN: PETScKrylov 34 ; 4.25917869e-07 6.03449033e-10
|  LN: PETScKrylov 35 ; 4.09496067e-07 5.80182293e-10
|  LN: PETScKrylov 36 ; 2.81697984e-07 3.99115389e-10
|  LN: PETScKrylov 37 ; 2.76955768e-07 3.92396522e-10
|  LN: PETScKrylov 38 ; 5.4556161e-08 7.729627e-11
|  LN: PETScKrylov 39 ; 4.75079289e-08 6.73101926e-11
NL: Newton 5 ; 0.859163792 0.0830720998
|  LN: PETScKrylov 0 ; 23.2578795 1
|  LN: PETScKrylov 1 ; 20.0895813 0.863775275
|  LN: PETScKrylov 2 ; 12.6429044 0.543596607
|  LN: PETScKrylov 3 ; 11.2881796 0.485348614
|  LN: PETScKrylov 4 ; 4.3668226 0.187756695
|  LN: PETScKrylov 5 ; 1.72010266 0.0739578457
|  LN: PETScKrylov 6 ; 1.65527345 0.0711704369
|  LN: PETScKrylov 7 ; 0.30140929 0.0129594484
|  LN: PETScKrylov 8 ; 0.116594305 0.00501310986
|  LN: PETScKrylov 9 ; 0.0675920275 0.00290619906
|  LN: PETScKrylov 10 ; 0.0339940334 0.00146161362
|  LN: PETScKrylov 11 ; 0.0121682608 0.000523188747
|  LN: PETScKrylov 12 ; 0.005120583 0.000220165514
|  LN: PETScKrylov 13 ; 0.00171409081 7.3699359e-05
|  LN: PETScKrylov 14 ; 0.00100897382 4.33820209e-05
|  LN: PETScKrylov 15 ; 0.000311272512 1.33835293e-05
|  LN: PETScKrylov 16 ; 0.000215417165 9.26211546e-06
|  LN: PETScKrylov 17 ; 5.13429432e-05 2.20755049e-06
|  LN: PETScKrylov 18 ; 1.80325513e-05 7.7533084e-07
|  LN: PETScKrylov 19 ; 1.03202151e-05 4.43729838e-07
|  LN: PETScKrylov 20 ; 2.62915523e-05 1.13043634e-06
|  LN: PETScKrylov 21 ; 2.62479986e-05 1.1285637e-06
|  LN: PETScKrylov 22 ; 2.15034616e-05 9.24566728e-07
|  LN: PETScKrylov 23 ; 2.14506368e-05 9.22295466e-07
|  LN: PETScKrylov 24 ; 1.06318679e-05 4.5712972e-07
|  LN: PETScKrylov 25 ; 9.85823097e-06 4.23866284e-07
|  LN: PETScKrylov 26 ; 2.96269685e-06 1.2738465e-07
|  LN: PETScKrylov 27 ; 2.92724676e-06 1.25860432e-07
|  LN: PETScKrylov 28 ; 1.54788079e-06 6.65529628e-08
|  LN: PETScKrylov 29 ; 1.22776617e-06 5.27892568e-08
|  LN: PETScKrylov 30 ; 4.18273467e-07 1.79841617e-08
|  LN: PETScKrylov 31 ; 1.61629885e-07 6.94946782e-09
|  LN: PETScKrylov 32 ; 1.19879544e-07 5.15436257e-09
|  LN: PETScKrylov 33 ; 6.50624302e-08 2.79743603e-09
|  LN: PETScKrylov 34 ; 2.92403383e-08 1.25722288e-09
|  LN: PETScKrylov 35 ; 2.9045501e-08 1.24884562e-09
|  LN: PETScKrylov 36 ; 5.69724838e-09 2.44959923e-10
|  LN: PETScKrylov 37 ; 4.38281011e-09 1.88444097e-10
|  LN: PETScKrylov 38 ; 1.01248452e-09 4.35329679e-11
|  LN: PETScKrylov 39 ; 1.01159949e-09 4.3494915e-11
NL: Newton 6 ; 0.310809682 0.0300520264
|  LN: PETScKrylov 0 ; 14.8566884 1
|  LN: PETScKrylov 1 ; 14.6859656 0.988508686
|  LN: PETScKrylov 2 ; 7.6233584 0.513126356
|  LN: PETScKrylov 3 ; 4.11543824 0.277009123
|  LN: PETScKrylov 4 ; 2.24612579 0.151186168
|  LN: PETScKrylov 5 ; 0.738974438 0.0497401854
|  LN: PETScKrylov 6 ; 0.402014499 0.0270594959
|  LN: PETScKrylov 7 ; 0.197522313 0.0132951777
|  LN: PETScKrylov 8 ; 0.0845447867 0.00569068854
|  LN: PETScKrylov 9 ; 0.0631075938 0.00424775642
|  LN: PETScKrylov 10 ; 0.0185937257 0.00125153905
|  LN: PETScKrylov 11 ; 0.0165744087 0.00111561932
|  LN: PETScKrylov 12 ; 0.00266475457 0.000179363967
|  LN: PETScKrylov 13 ; 0.00165804286 0.000111602452
|  LN: PETScKrylov 14 ; 0.000522684023 3.51817315e-05
|  LN: PETScKrylov 15 ; 0.00019087438 1.2847707e-05
|  LN: PETScKrylov 16 ; 8.3411472e-05 5.61440541e-06
|  LN: PETScKrylov 17 ; 4.1848564e-05 2.81681642e-06
|  LN: PETScKrylov 18 ; 8.71824601e-06 5.86822968e-07
|  LN: PETScKrylov 19 ; 6.15565979e-06 4.14335928e-07
|  LN: PETScKrylov 20 ; 9.76414721e-05 6.57222317e-06
|  LN: PETScKrylov 21 ; 8.41391767e-05 5.66338703e-06
|  LN: PETScKrylov 22 ; 4.55142266e-06 3.06355126e-07
|  LN: PETScKrylov 23 ; 4.3100472e-06 2.90108204e-07
|  LN: PETScKrylov 24 ; 3.53937247e-06 2.3823428e-07
|  LN: PETScKrylov 25 ; 3.264298e-06 2.19719086e-07
|  LN: PETScKrylov 26 ; 1.08368069e-06 7.29422774e-08
|  LN: PETScKrylov 27 ; 1.07972171e-06 7.26757991e-08
|  LN: PETScKrylov 28 ; 8.19504503e-07 5.5160644e-08
|  LN: PETScKrylov 29 ; 6.90018062e-07 4.6444944e-08
|  LN: PETScKrylov 30 ; 1.45137097e-07 9.76914184e-09
|  LN: PETScKrylov 31 ; 1.40644034e-07 9.46671489e-09
|  LN: PETScKrylov 32 ; 1.04738576e-07 7.04992744e-09
|  LN: PETScKrylov 33 ; 1.98919641e-08 1.33892315e-09
|  LN: PETScKrylov 34 ; 1.87852322e-08 1.2644293e-09
|  LN: PETScKrylov 35 ; 1.01495536e-08 6.83163923e-10
|  LN: PETScKrylov 36 ; 3.93572083e-09 2.64912389e-10
|  LN: PETScKrylov 37 ; 3.10722789e-09 2.09146735e-10
|  LN: PETScKrylov 38 ; 3.24193225e-10 2.18213653e-11
|  LN: PETScKrylov 39 ; 3.24089059e-10 2.18143538e-11
NL: Newton 7 ; 0.0266018661 0.00257212059
|  LN: PETScKrylov 0 ; 11.8649309 1
|  LN: PETScKrylov 1 ; 8.27795297 0.697682361
|  LN: PETScKrylov 2 ; 4.92046093 0.414706245
|  LN: PETScKrylov 3 ; 3.411234 0.287505595
|  LN: PETScKrylov 4 ; 2.22754592 0.187742006
|  LN: PETScKrylov 5 ; 0.81172532 0.0684138264
|  LN: PETScKrylov 6 ; 0.196963561 0.0166004812
|  LN: PETScKrylov 7 ; 0.161421691 0.0136049416
|  LN: PETScKrylov 8 ; 0.045892636 0.00386792275
|  LN: PETScKrylov 9 ; 0.0287888728 0.00242638353
|  LN: PETScKrylov 10 ; 0.00544437657 0.000458862899
|  LN: PETScKrylov 11 ; 0.00313299827 0.000264055333
|  LN: PETScKrylov 12 ; 0.001113675 9.38627464e-05
|  LN: PETScKrylov 13 ; 0.00106090159 8.9414899e-05
|  LN: PETScKrylov 14 ; 0.000158822281 1.33858581e-05
|  LN: PETScKrylov 15 ; 0.000151258904 1.27484016e-05
|  LN: PETScKrylov 16 ; 1.42520933e-05 1.20119481e-06
|  LN: PETScKrylov 17 ; 1.361528e-05 1.14752291e-06
|  LN: PETScKrylov 18 ; 3.67760586e-06 3.09955946e-07
|  LN: PETScKrylov 19 ; 3.28329363e-06 2.76722526e-07
|  LN: PETScKrylov 20 ; 0.000389247826 3.28065819e-05
|  LN: PETScKrylov 21 ; 9.36595162e-05 7.89381054e-06
|  LN: PETScKrylov 22 ; 1.35518714e-05 1.14217871e-06
|  LN: PETScKrylov 23 ; 9.498501e-06 8.00552579e-07
|  LN: PETScKrylov 24 ; 5.74787567e-06 4.84442407e-07
|  LN: PETScKrylov 25 ; 2.92650306e-06 2.46651506e-07
|  LN: PETScKrylov 26 ; 1.0394108e-06 8.76036118e-08
|  LN: PETScKrylov 27 ; 5.02699324e-07 4.23685001e-08
|  LN: PETScKrylov 28 ; 4.19961981e-07 3.53952321e-08
|  LN: PETScKrylov 29 ; 9.93242713e-08 8.37124738e-09
|  LN: PETScKrylov 30 ; 7.1035247e-08 5.98699208e-09
|  LN: PETScKrylov 31 ; 3.48160898e-08 2.93436938e-09
|  LN: PETScKrylov 32 ; 2.70095927e-08 2.27642226e-09
|  LN: PETScKrylov 33 ; 1.26610883e-08 1.06710174e-09
|  LN: PETScKrylov 34 ; 3.8282759e-09 3.22654716e-10
|  LN: PETScKrylov 35 ; 3.79295879e-09 3.1967812e-10
|  LN: PETScKrylov 36 ; 8.17612393e-10 6.89100006e-11
|  LN: PETScKrylov 37 ; 6.31178541e-10 5.31969843e-11
|  LN: PETScKrylov 38 ; 1.53313513e-10 1.29215681e-11
|  LN: PETScKrylov 39 ; 1.41079248e-10 1.18904399e-11
NL: Newton 8 ; 0.000279536541 2.70282426e-05
|  LN: PETScKrylov 0 ; 0.364359019 1
|  LN: PETScKrylov 1 ; 0.30939882 0.849159219
|  LN: PETScKrylov 2 ; 0.266205991 0.730614524
|  LN: PETScKrylov 3 ; 0.112936819 0.309960267
|  LN: PETScKrylov 4 ; 0.0711569959 0.195293631
|  LN: PETScKrylov 5 ; 0.060150352 0.165085394
|  LN: PETScKrylov 6 ; 0.0278782205 0.0765130518
|  LN: PETScKrylov 7 ; 0.0271510034 0.0745171712
|  LN: PETScKrylov 8 ; 0.00362290842 0.00994323794
|  LN: PETScKrylov 9 ; 0.00290119279 0.00796245636
|  LN: PETScKrylov 10 ; 0.000719617555 0.00197502331
|  LN: PETScKrylov 11 ; 0.000352634777 0.000967822283
|  LN: PETScKrylov 12 ; 6.43176041e-05 0.000176522608
|  LN: PETScKrylov 13 ; 4.10222714e-05 0.000112587501
|  LN: PETScKrylov 14 ; 1.20995049e-05 3.32076449e-05
|  LN: PETScKrylov 15 ; 6.56828518e-06 1.80269592e-05
|  LN: PETScKrylov 16 ; 1.9467861e-06 5.34304353e-06
|  LN: PETScKrylov 17 ; 1.94652213e-06 5.34231905e-06
|  LN: PETScKrylov 18 ; 2.51373256e-07 6.89905404e-07
|  LN: PETScKrylov 19 ; 2.10146044e-07 5.76755434e-07
|  LN: PETScKrylov 20 ; 0.0015575207 0.00427468684
|  LN: PETScKrylov 21 ; 1.38032075e-06 3.78835345e-06
|  LN: PETScKrylov 22 ; 1.24042267e-06 3.40439678e-06
|  LN: PETScKrylov 23 ; 4.99804508e-07 1.37173634e-06
|  LN: PETScKrylov 24 ; 4.21470033e-07 1.15674379e-06
|  LN: PETScKrylov 25 ; 3.34156073e-07 9.17106632e-07
|  LN: PETScKrylov 26 ; 3.18494364e-07 8.74122355e-07
|  LN: PETScKrylov 27 ; 9.3999419e-08 2.57985707e-07
|  LN: PETScKrylov 28 ; 7.77334708e-08 2.13343068e-07
|  LN: PETScKrylov 29 ; 1.1911041e-08 3.26903971e-08
|  LN: PETScKrylov 30 ; 9.28595917e-09 2.54857399e-08
|  LN: PETScKrylov 31 ; 3.49690625e-09 9.59741923e-09
|  LN: PETScKrylov 32 ; 2.88516418e-09 7.91846512e-09
|  LN: PETScKrylov 33 ; 1.27851835e-09 3.50895212e-09
|  LN: PETScKrylov 34 ; 1.27653085e-09 3.50349734e-09
|  LN: PETScKrylov 35 ; 2.23473157e-10 6.13332306e-10
|  LN: PETScKrylov 36 ; 2.22639829e-10 6.11045199e-10
|  LN: PETScKrylov 37 ; 4.19021669e-11 1.15002414e-10
|  LN: PETScKrylov 38 ; 4.07165881e-11 1.11748539e-10
|  LN: PETScKrylov 39 ; 5.14210558e-12 1.4112744e-11
NL: Newton 9 ; 2.45625007e-08 2.37493541e-09
|  LN: PETScKrylov 0 ; 0.00372418814 1
|  LN: PETScKrylov 1 ; 0.00369034375 0.990912277
|  LN: PETScKrylov 2 ; 0.00217835689 0.584921279
|  LN: PETScKrylov 3 ; 0.00160613811 0.43127201
|  LN: PETScKrylov 4 ; 0.000478881041 0.128586694
|  LN: PETScKrylov 5 ; 0.000443671423 0.119132387
|  LN: PETScKrylov 6 ; 0.000112559116 0.0302237996
|  LN: PETScKrylov 7 ; 0.000100836738 0.0270761663
|  LN: PETScKrylov 8 ; 3.08031472e-05 0.00827110393
|  LN: PETScKrylov 9 ; 1.88649763e-05 0.0050655272
|  LN: PETScKrylov 10 ; 2.53694119e-06 0.000681206506
|  LN: PETScKrylov 11 ; 2.32854866e-06 0.000625250007
|  LN: PETScKrylov 12 ; 7.36882116e-07 0.000197863826
|  LN: PETScKrylov 13 ; 6.28760708e-07 0.000168831618
|  LN: PETScKrylov 14 ; 1.7165484e-07 4.60918818e-05
|  LN: PETScKrylov 15 ; 1.2509507e-07 3.35898899e-05
|  LN: PETScKrylov 16 ; 1.81339589e-08 4.86923813e-06
|  LN: PETScKrylov 17 ; 1.68249003e-08 4.51773638e-06
|  LN: PETScKrylov 18 ; 1.57019425e-08 4.21620548e-06
|  LN: PETScKrylov 19 ; 4.54987212e-09 1.22170845e-06
NL: Newton 10 ; 4.23487242e-09 4.0946761e-10
NL: Newton Converged
